[2018/10/24 22:50:07 257] [Message] [v1.0.1] ===================用户登陆=================== Start
[2018/10/24 22:50:07 258] [Message] [v1.0.1] Login Send =  username=user_1_1&password=1111111
[2018/10/24 22:50:07 433] [Message] [v1.0.1] Result =  {"code":1,"msg":"登录成功","data":{"token":"bf896a4cdf4ee616b8e923a785331ddf","info":{"app_type":"api","id":"1000000001","agent_id":"10000001","store_id":"1000000001","merchant_id":"1000000001","user_type":"2","type":"2","username":"user_1_1","open_id":"","timestamp":1540392608}}}
[2018/10/24 22:50:07 532] [Message] [v1.0.1] ===================用户登陆=================== End
[2018/10/24 22:50:07 536] [Message] [v1.0.1] ===================用户信息=================== Start
[2018/10/24 22:50:07 536] [Message] [v1.0.1] GetUserInfo Send =  key=bf896a4cdf4ee616b8e923a785331ddf
[2018/10/24 22:50:08 137] [Message] [v1.0.1] Result =  {"code":1,"msg":"用户信息","data":{"id":"1000000001","agent_id":"10000001","merchant_id":"1000000001","store_id":"1000000001","username":"user_1_1","phone":"15153294092","open_id":"","type":"2","time_create":"1527211953","time_update":"1533293063","status":"1","agent":{"id":"10000001","pid":"00000000","name":"代理商1","number":"1111111111111111","address":"代理商地址1","principal_name":"负责人1","principal_phone":"15153294092","contact_name":"联系人1","contact_phone":"111111","contact_email":"youxiang@youxiang.com","time_create":"0","time_update":"1533178664","status":"1"},"merchant":{"id":"1000000001","agent_id":"10000001","name":"测试子商户1","short_name":"子商户1","number":"1000000001","principal_name":null,"principal_phone":null,"contact_name":"联系人1","contact_phone":"15153294092","contact_email":"sdsads@qq.com","address":null,"time_create":"0","time_update":"1533523267","status":"1"},"store":{"id":"1000000001","merchant_id":"1000000001","name":"测试店铺1","number":"0011","principal_name":"负责人1","principal_phone":"15153294092","address":"测试店铺地址1","time_create":"0","time_update":"0","status":"1"}}}
[2018/10/24 22:50:08 171] [Message] [v1.0.1] data =  {
  "id": "1000000001",
  "agent_id": "10000001",
  "merchant_id": "1000000001",
  "store_id": "1000000001",
  "username": "user_1_1",
  "phone": "15153294092",
  "open_id": "",
  "type": "2",
  "time_create": "1527211953",
  "time_update": "1533293063",
  "status": "1",
  "agent": {
    "id": "10000001",
    "pid": "00000000",
    "name": "代理商1",
    "number": "1111111111111111",
    "address": "代理商地址1",
    "principal_name": "负责人1",
    "principal_phone": "15153294092",
    "contact_name": "联系人1",
    "contact_phone": "111111",
    "contact_email": "youxiang@youxiang.com",
    "time_create": "0",
    "time_update": "1533178664",
    "status": "1"
  },
  "merchant": {
    "id": "1000000001",
    "agent_id": "10000001",
    "name": "测试子商户1",
    "short_name": "子商户1",
    "number": "1000000001",
    "principal_name": null,
    "principal_phone": null,
    "contact_name": "联系人1",
    "contact_phone": "15153294092",
    "contact_email": "sdsads@qq.com",
    "address": null,
    "time_create": "0",
    "time_update": "1533523267",
    "status": "1"
  },
  "store": {
    "id": "1000000001",
    "merchant_id": "1000000001",
    "name": "测试店铺1",
    "number": "0011",
    "principal_name": "负责人1",
    "principal_phone": "15153294092",
    "address": "测试店铺地址1",
    "time_create": "0",
    "time_update": "0",
    "status": "1"
  }
}
[2018/10/24 22:50:08 173] [Message] [v1.0.1] agent =  {
  "id": "10000001",
  "pid": "00000000",
  "name": "代理商1",
  "number": "1111111111111111",
  "address": "代理商地址1",
  "principal_name": "负责人1",
  "principal_phone": "15153294092",
  "contact_name": "联系人1",
  "contact_phone": "111111",
  "contact_email": "youxiang@youxiang.com",
  "time_create": "0",
  "time_update": "1533178664",
  "status": "1"
}
[2018/10/24 22:50:08 174] [Message] [v1.0.1] merchant =  {
  "id": "1000000001",
  "agent_id": "10000001",
  "name": "测试子商户1",
  "short_name": "子商户1",
  "number": "1000000001",
  "principal_name": null,
  "principal_phone": null,
  "contact_name": "联系人1",
  "contact_phone": "15153294092",
  "contact_email": "sdsads@qq.com",
  "address": null,
  "time_create": "0",
  "time_update": "1533523267",
  "status": "1"
}
[2018/10/24 22:50:08 175] [Message] [v1.0.1] store =  {
  "id": "1000000001",
  "merchant_id": "1000000001",
  "name": "测试店铺1",
  "number": "0011",
  "principal_name": "负责人1",
  "principal_phone": "15153294092",
  "address": "测试店铺地址1",
  "time_create": "0",
  "time_update": "0",
  "status": "1"
}
[2018/10/24 22:50:08 175] [Message] [v1.0.1] userinfo.id =  1000000001
[2018/10/24 22:50:08 176] [Message] [v1.0.1] userinfo.agent_id =  10000001
[2018/10/24 22:50:08 177] [Message] [v1.0.1] userinfo.merchant_id =  1000000001
[2018/10/24 22:50:08 178] [Message] [v1.0.1] userinfo.store_id =  1000000001
[2018/10/24 22:50:08 179] [Message] [v1.0.1] userinfo.username =  user_1_1
[2018/10/24 22:50:08 179] [Message] [v1.0.1] userinfo.phone =  15153294092
[2018/10/24 22:50:08 180] [Message] [v1.0.1] userinfo.open_id =  
[2018/10/24 22:50:08 181] [Message] [v1.0.1] userinfo.type =  2
[2018/10/24 22:50:08 182] [Message] [v1.0.1] userinfo.status =  1
[2018/10/24 22:50:08 183] [Message] [v1.0.1] agentinfo.id =  10000001
[2018/10/24 22:50:08 183] [Message] [v1.0.1] agentinfo.pid =  00000000
[2018/10/24 22:50:08 184] [Message] [v1.0.1] agentinfo.name =  代理商1
[2018/10/24 22:50:08 185] [Message] [v1.0.1] agentinfo.number =  1111111111111111
[2018/10/24 22:50:08 186] [Message] [v1.0.1] agentinfo.address =  代理商地址1
[2018/10/24 22:50:08 187] [Message] [v1.0.1] agentinfo.principal_name =  负责人1
[2018/10/24 22:50:08 187] [Message] [v1.0.1] agentinfo.principal_phone =  15153294092
[2018/10/24 22:50:08 188] [Message] [v1.0.1] agentinfo.contact_name =  联系人1
[2018/10/24 22:50:08 189] [Message] [v1.0.1] agentinfo.contact_phone =  111111
[2018/10/24 22:50:08 190] [Message] [v1.0.1] agentinfo.contact_email =  youxiang@youxiang.com
[2018/10/24 22:50:08 191] [Message] [v1.0.1] agentinfo.status =  1
[2018/10/24 22:50:08 192] [Message] [v1.0.1] merchantinfo.id =  1000000001
[2018/10/24 22:50:08 193] [Message] [v1.0.1] merchantinfo.agent_id =  10000001
[2018/10/24 22:50:08 193] [Message] [v1.0.1] merchantinfo.name =  测试子商户1
[2018/10/24 22:50:08 194] [Message] [v1.0.1] merchantinfo.short_name =  子商户1
[2018/10/24 22:50:08 195] [Message] [v1.0.1] merchantinfo.number =  1000000001
[2018/10/24 22:50:08 196] [Message] [v1.0.1] merchantinfo.principal_name =  
[2018/10/24 22:50:08 197] [Message] [v1.0.1] merchantinfo.principal_phone =  
[2018/10/24 22:50:08 197] [Message] [v1.0.1] merchantinfo.contact_name =  联系人1
[2018/10/24 22:50:08 198] [Message] [v1.0.1] merchantinfo.contact_phone =  15153294092
[2018/10/24 22:50:08 199] [Message] [v1.0.1] merchantinfo.contact_email =  sdsads@qq.com
[2018/10/24 22:50:08 200] [Message] [v1.0.1] merchantinfo.address =  
[2018/10/24 22:50:08 201] [Message] [v1.0.1] merchantinfo.status =  1
[2018/10/24 22:50:08 202] [Message] [v1.0.1] storeinfo.id =  1000000001
[2018/10/24 22:50:08 202] [Message] [v1.0.1] storeinfo.merchant_id =  1000000001
[2018/10/24 22:50:08 203] [Message] [v1.0.1] storeinfo.name =  测试店铺1
[2018/10/24 22:50:08 204] [Message] [v1.0.1] storeinfo.number =  0011
[2018/10/24 22:50:08 204] [Message] [v1.0.1] storeinfo.principal_name =  负责人1
[2018/10/24 22:50:08 205] [Message] [v1.0.1] storeinfo.principal_phone =  15153294092
[2018/10/24 22:50:08 205] [Message] [v1.0.1] storeinfo.address =  测试店铺地址1
[2018/10/24 22:50:08 210] [Message] [v1.0.1] storeinfo.status =  1
[2018/10/24 22:50:08 210] [Message] [v1.0.1] ===================用户信息=================== End
[2018/10/24 22:50:08 216] [Message] [v1.0.1] ===================门店列表=================== Start
[2018/10/24 22:50:08 217] [Message] [v1.0.1] GetStoreList Send =  key=bf896a4cdf4ee616b8e923a785331ddf
[2018/10/24 22:50:08 318] [Message] [v1.0.1] Result =  {"code":1,"msg":"店铺列表","data":{"list":[{"id":"1000000003","merchant_id":"1000000001","name":"门店3","number":"3333333333","principal_name":"负责人3","principal_phone":"15153294092","address":"青岛市市北区华阳路112号","time_create":"1532659891","time_update":"1532660479","status":"1"},{"id":"1000000002","merchant_id":"1000000001","name":"测试店铺2","number":"0012","principal_name":"负责人2","principal_phone":"15153294093","address":"测试店铺地址2","time_create":"0","time_update":"0","status":"1"},{"id":"1000000001","merchant_id":"1000000001","name":"测试店铺1","number":"0011","principal_name":"负责人1","principal_phone":"15153294092","address":"测试店铺地址1","time_create":"0","time_update":"0","status":"1"}]}}
[2018/10/24 22:50:08 323] [Message] [v1.0.1] list =  [
  {
    "id": "1000000003",
    "merchant_id": "1000000001",
    "name": "门店3",
    "number": "3333333333",
    "principal_name": "负责人3",
    "principal_phone": "15153294092",
    "address": "青岛市市北区华阳路112号",
    "time_create": "1532659891",
    "time_update": "1532660479",
    "status": "1"
  },
  {
    "id": "1000000002",
    "merchant_id": "1000000001",
    "name": "测试店铺2",
    "number": "0012",
    "principal_name": "负责人2",
    "principal_phone": "15153294093",
    "address": "测试店铺地址2",
    "time_create": "0",
    "time_update": "0",
    "status": "1"
  },
  {
    "id": "1000000001",
    "merchant_id": "1000000001",
    "name": "测试店铺1",
    "number": "0011",
    "principal_name": "负责人1",
    "principal_phone": "15153294092",
    "address": "测试店铺地址1",
    "time_create": "0",
    "time_update": "0",
    "status": "1"
  }
]
[2018/10/24 22:50:08 327] [Message] [v1.0.1] storelist[1].id =  1000000003
[2018/10/24 22:50:08 328] [Message] [v1.0.1] storelist[1].merchant_id =  1000000001
[2018/10/24 22:50:08 329] [Message] [v1.0.1] storelist[1].name =  门店3
[2018/10/24 22:50:08 330] [Message] [v1.0.1] storelist[1].number =  3333333333
[2018/10/24 22:50:08 331] [Message] [v1.0.1] storelist[1].principal_name =  负责人3
[2018/10/24 22:50:08 331] [Message] [v1.0.1] storelist[1].principal_phone =  15153294092
[2018/10/24 22:50:08 332] [Message] [v1.0.1] storelist[1].address =  青岛市市北区华阳路112号
[2018/10/24 22:50:08 333] [Message] [v1.0.1] storelist[1].status =  1
[2018/10/24 22:50:08 334] [Message] [v1.0.1] storelist[2].id =  1000000002
[2018/10/24 22:50:08 335] [Message] [v1.0.1] storelist[2].merchant_id =  1000000001
[2018/10/24 22:50:08 336] [Message] [v1.0.1] storelist[2].name =  测试店铺2
[2018/10/24 22:50:08 337] [Message] [v1.0.1] storelist[2].number =  0012
[2018/10/24 22:50:08 337] [Message] [v1.0.1] storelist[2].principal_name =  负责人2
[2018/10/24 22:50:08 338] [Message] [v1.0.1] storelist[2].principal_phone =  15153294093
[2018/10/24 22:50:08 339] [Message] [v1.0.1] storelist[2].address =  测试店铺地址2
[2018/10/24 22:50:08 340] [Message] [v1.0.1] storelist[2].status =  1
[2018/10/24 22:50:08 341] [Message] [v1.0.1] storelist[3].id =  1000000001
[2018/10/24 22:50:08 341] [Message] [v1.0.1] storelist[3].merchant_id =  1000000001
[2018/10/24 22:50:08 343] [Message] [v1.0.1] storelist[3].name =  测试店铺1
[2018/10/24 22:50:08 343] [Message] [v1.0.1] storelist[3].number =  0011
[2018/10/24 22:50:08 344] [Message] [v1.0.1] storelist[3].principal_name =  负责人1
[2018/10/24 22:50:08 345] [Message] [v1.0.1] storelist[3].principal_phone =  15153294092
[2018/10/24 22:50:08 346] [Message] [v1.0.1] storelist[3].address =  测试店铺地址1
[2018/10/24 22:50:08 347] [Message] [v1.0.1] storelist[3].status =  1
[2018/10/24 22:50:08 362] [Message] [v1.0.1] ===================门店列表=================== End
[2018/10/24 22:50:08 364] [Message] [v1.0.1] ===================店员列表=================== Start
[2018/10/24 22:50:08 364] [Message] [v1.0.1] GetUserList Send =  key=bf896a4cdf4ee616b8e923a785331ddf&store_id=1000000001
[2018/10/24 22:50:08 464] [Message] [v1.0.1] Result =  {"code":1,"msg":"店员列表","data":{"list":[{"id":"1000000003","username":"user_1_2","phone":"15153294092"},{"id":"1000000001","username":"user_1_1","phone":"15153294092"}]}}
[2018/10/24 22:50:08 466] [Message] [v1.0.1] list =  [
  {
    "id": "1000000003",
    "username": "user_1_2",
    "phone": "15153294092"
  },
  {
    "id": "1000000001",
    "username": "user_1_1",
    "phone": "15153294092"
  }
]
[2018/10/24 22:50:08 468] [Message] [v1.0.1] userlist[1].id =  1000000003
[2018/10/24 22:50:08 470] [Message] [v1.0.1] userlist[1].username =  user_1_2
[2018/10/24 22:50:08 472] [Message] [v1.0.1] userlist[1].phone =  15153294092
[2018/10/24 22:50:08 474] [Message] [v1.0.1] userlist[2].id =  1000000001
[2018/10/24 22:50:08 477] [Message] [v1.0.1] userlist[2].username =  user_1_1
[2018/10/24 22:50:08 479] [Message] [v1.0.1] userlist[2].phone =  15153294092
[2018/10/24 22:50:08 481] [Message] [v1.0.1] ===================店员列表=================== End
[2018/10/24 22:50:08 488] [Message] [v1.0.1] ===================设备列表=================== Start
[2018/10/24 22:50:08 490] [Message] [v1.0.1] GetDeviceList Send =  key=bf896a4cdf4ee616b8e923a785331ddf&store_id=1000000001
[2018/10/24 22:50:08 624] [Message] [v1.0.1] Result =  {"code":1,"msg":"设备列表","data":{"list":[{"id":"1000000002","name":"设备4","number":"002","type":"1"},{"id":"1000000001","name":"设备1","number":"001","type":"2"}]}}
[2018/10/24 22:50:08 626] [Message] [v1.0.1] list =  [
  {
    "id": "1000000002",
    "name": "设备4",
    "number": "002",
    "type": "1"
  },
  {
    "id": "1000000001",
    "name": "设备1",
    "number": "001",
    "type": "2"
  }
]
[2018/10/24 22:50:08 629] [Message] [v1.0.1] devicelist[1].id =  1000000002
[2018/10/24 22:50:08 631] [Message] [v1.0.1] devicelist[1].name =  设备4
[2018/10/24 22:50:08 633] [Message] [v1.0.1] devicelist[1].number =  002
[2018/10/24 22:50:08 635] [Message] [v1.0.1] devicelist[1].type =  1
[2018/10/24 22:50:08 637] [Message] [v1.0.1] devicelist[2].id =  1000000001
[2018/10/24 22:50:08 639] [Message] [v1.0.1] devicelist[2].name =  设备1
[2018/10/24 22:50:08 641] [Message] [v1.0.1] devicelist[2].number =  001
[2018/10/24 22:50:08 643] [Message] [v1.0.1] devicelist[2].type =  2
[2018/10/24 22:50:08 645] [Message] [v1.0.1] ===================设备列表=================== End
[2018/10/24 22:50:08 650] [Message] [v1.0.1] ===================交易类型列表=================== Start
[2018/10/24 22:50:08 652] [Message] [v1.0.1] Get_all_paymentList Send =  key=bf896a4cdf4ee616b8e923a785331ddf
[2018/10/24 22:50:08 747] [Message] [v1.0.1] Result =  {"code":1,"msg":"交易类型","data":{"qrcode":"扫码支付","barcode":"条码支付","weixin_public":"微信公众号支付"}}
[2018/10/24 22:50:08 749] [Message] [v1.0.1] data =  {
  "qrcode": "扫码支付",
  "barcode": "条码支付",
  "weixin_public": "微信公众号支付"
}
[2018/10/24 22:50:08 751] [Message] [v1.0.1] paymentList[0].paymentType =  扫码支付
[2018/10/24 22:50:08 754] [Message] [v1.0.1] paymentList[1].paymentType =  条码支付
[2018/10/24 22:50:08 756] [Message] [v1.0.1] ===================交易类型列表=================== End
[2018/10/24 22:50:08 760] [Message] [v1.0.1] ===================交易方式列表=================== Start
[2018/10/24 22:50:08 763] [Message] [v1.0.1] Get_all_payment_channel =  key=bf896a4cdf4ee616b8e923a785331ddf
[2018/10/24 22:50:08 859] [Message] [v1.0.1] Result =  {"code":1,"msg":"支付方式","data":{"weixin":"微信","alipay":"支付宝","unionpay":"银联","xt":"新天","xz_weixin":"现在微信","xz_alipay":"现在支付宝","sf_weixin":"上福微信","sf_alipay":"上福支付宝"}}
[2018/10/24 22:50:08 862] [Message] [v1.0.1] data =  {
  "weixin": "微信",
  "alipay": "支付宝",
  "unionpay": "银联",
  "xt": "新天",
  "xz_weixin": "现在微信",
  "xz_alipay": "现在支付宝",
  "sf_weixin": "上福微信",
  "sf_alipay": "上福支付宝"
}
[2018/10/24 22:50:08 962] [Message] [v1.0.1] ===================交易方式列表=================== End
[2018/10/24 22:50:10 255] [Message] [v1.0.1] ===================交易查询=================== Start
[2018/10/24 22:50:10 257] [Message] [v1.0.1] GetOrder_List Send =  key=bf896a4cdf4ee616b8e923a785331ddf&page=5&current=1&&merchant_id=1000000001&export=0
[2018/10/24 22:50:10 857] [Message] [v1.0.1] Result =  {"code":1,"msg":"订单列表","data":{"list":[{"id":"689","order_id":"110593277357480001001","out_order_id":"4200000185201810193538673680","out_username":null,"out_user_id":"oTTz7wTHn6FVY9X9WtCK","agent_id":"10000001","merchant_id":"1000000001","channel":"weixin","payment":"barcode","store_id":"1000000001","store_name":"测试店铺1","operator_id":"1000000001","operator_name":"user_1_1","device_id":"1000000001","device_name":"设备1","amount":"0.10","actual_amount":"0.10","refund_amount":"0.00","body":"testbody","subject":"test","time_create":"2018-10-19 15:15:57","time_update":"2018-10-23 22:46:19","status":"3","profit_status":"1","remark":"支付成功","_status":"支付成功","payment_name":"条码支付","channel_name":"微信"},{"id":"688","order_id":"160592487334460001001","out_order_id":null,"out_username":null,"out_user_id":null,"agent_id":"10000001","merchant_id":"1000000001","channel":"weixin","payment":"barcode","store_id":"1000000001","store_name":"测试店铺1","operator_id":"1000000001","operator_name":"user_1_1","device_id":"1000000001","device_name":"设备1","amount":"0.01","actual_amount":"0.01","refund_amount":"0.00","body":"testbody","subject":"test","time_create":"2018-10-10 11:48:54","time_update":"2018-10-24 16:34:36","status":"2","profit_status":"1","remark":"支付处理中:OK","_status":"处理中","payment_name":"条码支付","channel_name":"微信"},{"id":"687","order_id":"640592237779041001001","out_order_id":null,"out_username":null,"out_user_id":null,"agent_id":"10000001","merchant_id":"1000000001","channel":"unionpay","payment":"barcode","store_id":"1000000001","store_name":"测试店铺1","operator_id":"1000000001","operator_name":"user_1_1","device_id":"1000000001","device_name":"设备1","amount":"0.02","actual_amount":"0.02","refund_amount":"0.00","body":"水果蔬菜杂粮","subject":"消费","time_create":"2018-10-07 14:29:39","time_update":"2018-10-24 11:42:54","status":"2","profit_status":"1","remark":"支付处理中","_status":"处理中","payment_name":"条码支付","channel_name":"银联"},{"id":"686","order_id":"910592097297392001001","out_order_id":null,"out_username":null,"out_user_id":null,"agent_id":"10000001","merchant_id":"1000000001","channel":"weixin","payment":"barcode","store_id":"1000000001","store_name":"测试店铺1","operator_id":"1000000001","operator_name":"user_1_1","device_id":"1000000001","device_name":"设备1","amount":"0.01","actual_amount":"0.01","refund_amount":"0.00","body":"testbody","subject":"test","time_create":"2018-10-05 23:28:17","time_update":"2018-10-18 20:36:00","status":"2","profit_status":"1","remark":"支付处理中:order not existOK","_status":"处理中","payment_name":"条码支付","channel_name":"微信"},{"id":"685","order_id":"130591373237171001001","out_order_id":null,"out_username":null,"out_user_id":null,"agent_id":"10000001","merchant_id":"1000000001","channel":"unionpay","payment":"barcode","store_id":"1000000001","store_name":"测试店铺1","operator_id":"1000000001","operator_name":"user_1_1","device_id":"1000000001","device_name":"设备1","amount":"0.02","actual_amount":"0.02","refund_amount":"0.00","body":"水果蔬菜杂粮","subject":"消费","time_create":"2018-09-27 14:20:37","time_update":"2018-09-28 11:24:26","status":"2","profit_status":"1","remark":"支付处理中","_status":"处理中","payment_name":"条码支付","channel_name":"银联"}],"total":"679","sum_amount":"7832785.10","sum_actual_amount":"7830563.87","sum_refund_amount":"0.52"}}
[2018/10/24 22:50:10 860] [Message] [v1.0.1] data =  {
  "list": [
    {
      "id": "689",
      "order_id": "110593277357480001001",
      "out_order_id": "4200000185201810193538673680",
      "out_username": null,
      "out_user_id": "oTTz7wTHn6FVY9X9WtCK",
      "agent_id": "10000001",
      "merchant_id": "1000000001",
      "channel": "weixin",
      "payment": "barcode",
      "store_id": "1000000001",
      "store_name": "测试店铺1",
      "operator_id": "1000000001",
      "operator_name": "user_1_1",
      "device_id": "1000000001",
      "device_name": "设备1",
      "amount": "0.10",
      "actual_amount": "0.10",
      "refund_amount": "0.00",
      "body": "testbody",
      "subject": "test",
      "time_create": "2018-10-19 15:15:57",
      "time_update": "2018-10-23 22:46:19",
      "status": "3",
      "profit_status": "1",
      "remark": "支付成功",
      "_status": "支付成功",
      "payment_name": "条码支付",
      "channel_name": "微信"
    },
    {
      "id": "688",
      "order_id": "160592487334460001001",
      "out_order_id": null,
      "out_username": null,
      "out_user_id": null,
      "agent_id": "10000001",
      "merchant_id": "1000000001",
      "channel": "weixin",
      "payment": "barcode",
      "store_id": "1000000001",
      "store_name": "测试店铺1",
      "operator_id": "1000000001",
      "operator_name": "user_1_1",
      "device_id": "1000000001",
      "device_name": "设备1",
      "amount": "0.01",
      "actual_amount": "0.01",
      "refund_amount": "0.00",
      "body": "testbody",
      "subject": "test",
      "time_create": "2018-10-10 11:48:54",
      "time_update": "2018-10-24 16:34:36",
      "status": "2",
      "profit_status": "1",
      "remark": "支付处理中:OK",
      "_status": "处理中",
      "payment_name": "条码支付",
      "channel_name": "微信"
    },
    {
      "id": "687",
      "order_id": "640592237779041001001",
      "out_order_id": null,
      "out_username": null,
      "out_user_id": null,
      "agent_id": "10000001",
      "merchant_id": "1000000001",
      "channel": "unionpay",
      "payment": "barcode",
      "store_id": "1000000001",
      "store_name": "测试店铺1",
      "operator_id": "1000000001",
      "operator_name": "user_1_1",
      "device_id": "1000000001",
      "device_name": "设备1",
      "amount": "0.02",
      "actual_amount": "0.02",
      "refund_amount": "0.00",
      "body": "水果蔬菜杂粮",
      "subject": "消费",
      "time_create": "2018-10-07 14:29:39",
      "time_update": "2018-10-24 11:42:54",
      "status": "2",
      "profit_status": "1",
      "remark": "支付处理中",
      "_status": "处理中",
      "payment_name": "条码支付",
      "channel_name": "银联"
    },
    {
      "id": "686",
      "order_id": "910592097297392001001",
      "out_order_id": null,
      "out_username": null,
      "out_user_id": null,
      "agent_id": "10000001",
      "merchant_id": "1000000001",
      "channel": "weixin",
      "payment": "barcode",
      "store_id": "1000000001",
      "store_name": "测试店铺1",
      "operator_id": "1000000001",
      "operator_name": "user_1_1",
      "device_id": "1000000001",
      "device_name": "设备1",
      "amount": "0.01",
      "actual_amount": "0.01",
      "refund_amount": "0.00",
      "body": "testbody",
      "subject": "test",
      "time_create": "2018-10-05 23:28:17",
      "time_update": "2018-10-18 20:36:00",
      "status": "2",
      "profit_status": "1",
      "remark": "支付处理中:order not existOK",
      "_status": "处理中",
      "payment_name": "条码支付",
      "channel_name": "微信"
    },
    {
      "id": "685",
      "order_id": "130591373237171001001",
      "out_order_id": null,
      "out_username": null,
      "out_user_id": null,
      "agent_id": "10000001",
      "merchant_id": "1000000001",
      "channel": "unionpay",
      "payment": "barcode",
      "store_id": "1000000001",
      "store_name": "测试店铺1",
      "operator_id": "1000000001",
      "operator_name": "user_1_1",
      "device_id": "1000000001",
      "device_name": "设备1",
      "amount": "0.02",
      "actual_amount": "0.02",
      "refund_amount": "0.00",
      "body": "水果蔬菜杂粮",
      "subject": "消费",
      "time_create": "2018-09-27 14:20:37",
      "time_update": "2018-09-28 11:24:26",
      "status": "2",
      "profit_status": "1",
      "remark": "支付处理中",
      "_status": "处理中",
      "payment_name": "条码支付",
      "channel_name": "银联"
    }
  ],
  "total": "679",
  "sum_amount": "7832785.10",
  "sum_actual_amount": "7830563.87",
  "sum_refund_amount": "0.52"
}
[2018/10/24 22:50:10 883] [Message] [v1.0.1] ===================交易查询=================== End
[2018/10/24 22:50:19 055] [Message] [v1.0.1] ApiOrderStatusQuery jsonData=  {"order_id":"640592237779041001001","timestamp":"1540392619"}
[2018/10/24 22:50:19 057] [Message] [v1.0.1] ApiOrderStatusQuery httppara=  merchant_id=1000000001&data=047558abb1f598b21c086aa44c8d0679975a42e271b97ac8501b4bd7e902cfcd6bdd7174d17ce95597c547108c1df2eb9dd09b6398d71dee3af2cdd44bd16fcf
[2018/10/24 22:50:19 319] [Message] [v1.0.1] ApiOrderStatusQuery Result=  {"code":1,"msg":"查询成功","data":"047558abb1f598b21c086aa44c8d0679975a42e271b97ac8501b4bd7e902cfcdc5ccd6d7d7dbdcfe4a44706bbf4056ff8945a95efffe26f776e690b84f651d2b5bc8578a8b483cc8e8f74f637ac89736"}
[2018/10/24 22:50:19 321] [Message] [v1.0.1] inResult=  查询成功
