[2018/10/11 0:11:06 884] [Message] [v1.0.1] ===================用户登陆=================== Start
[2018/10/11 0:11:06 885] [Message] [v1.0.1] Login Send =  username=user_1_1&password=1111111
[2018/10/11 0:11:07 347] [Message] [v1.0.1] Result =  {"code":1,"msg":"登录成功","data":{"token":"b35764f50cb21a986c824e999da3782c","info":{"app_type":"api","id":"1000000001","agent_id":"10000001","store_id":"1000000001","merchant_id":"1000000001","type":"2","username":"user_1_1","open_id":"","timestamp":1539187870}}}
[2018/10/11 0:11:07 455] [Message] [v1.0.1] ===================用户登陆=================== End
[2018/10/11 0:11:07 459] [Message] [v1.0.1] ===================用户信息=================== Start
[2018/10/11 0:11:07 460] [Message] [v1.0.1] GetUserInfo Send =  key=b35764f50cb21a986c824e999da3782c
[2018/10/11 0:11:07 883] [Message] [v1.0.1] Result =  {"code":1,"msg":"用户信息","data":{"id":"1000000001","agent_id":"10000001","merchant_id":"1000000001","store_id":"1000000001","username":"user_1_1","phone":"15153294092","open_id":"","type":"2","time_create":"1527211953","time_update":"1533293063","status":"1","agent":{"id":"10000001","pid":"00000000","name":"代理商1","number":"1111111111111111","address":"代理商地址1","principal_name":"负责人1","principal_phone":"15153294092","contact_name":"联系人1","contact_phone":"111111","contact_email":"youxiang@youxiang.com","time_create":"0","time_update":"1533178664","status":"1"},"merchant":{"id":"1000000001","agent_id":"10000001","name":"测试子商户1","short_name":"子商户1","number":"1000000001","principal_name":null,"principal_phone":null,"contact_name":"联系人1","contact_phone":"15153294092","contact_email":"sdsads@qq.com","address":null,"time_create":"0","time_update":"1533523267","status":"1"},"store":{"id":"1000000001","merchant_id":"1000000001","name":"测试店铺1","number":"0011","principal_name":"负责人1","principal_phone":"15153294092","address":"测试店铺地址1","time_create":"0","time_update":"0","status":"1"}}}
[2018/10/11 0:11:07 926] [Message] [v1.0.1] data =  {
  "id": "1000000001",
  "agent_id": "10000001",
  "merchant_id": "1000000001",
  "store_id": "1000000001",
  "username": "user_1_1",
  "phone": "15153294092",
  "open_id": "",
  "type": "2",
  "time_create": "1527211953",
  "time_update": "1533293063",
  "status": "1",
  "agent": {
    "id": "10000001",
    "pid": "00000000",
    "name": "代理商1",
    "number": "1111111111111111",
    "address": "代理商地址1",
    "principal_name": "负责人1",
    "principal_phone": "15153294092",
    "contact_name": "联系人1",
    "contact_phone": "111111",
    "contact_email": "youxiang@youxiang.com",
    "time_create": "0",
    "time_update": "1533178664",
    "status": "1"
  },
  "merchant": {
    "id": "1000000001",
    "agent_id": "10000001",
    "name": "测试子商户1",
    "short_name": "子商户1",
    "number": "1000000001",
    "principal_name": null,
    "principal_phone": null,
    "contact_name": "联系人1",
    "contact_phone": "15153294092",
    "contact_email": "sdsads@qq.com",
    "address": null,
    "time_create": "0",
    "time_update": "1533523267",
    "status": "1"
  },
  "store": {
    "id": "1000000001",
    "merchant_id": "1000000001",
    "name": "测试店铺1",
    "number": "0011",
    "principal_name": "负责人1",
    "principal_phone": "15153294092",
    "address": "测试店铺地址1",
    "time_create": "0",
    "time_update": "0",
    "status": "1"
  }
}
[2018/10/11 0:11:07 927] [Message] [v1.0.1] agent =  {
  "id": "10000001",
  "pid": "00000000",
  "name": "代理商1",
  "number": "1111111111111111",
  "address": "代理商地址1",
  "principal_name": "负责人1",
  "principal_phone": "15153294092",
  "contact_name": "联系人1",
  "contact_phone": "111111",
  "contact_email": "youxiang@youxiang.com",
  "time_create": "0",
  "time_update": "1533178664",
  "status": "1"
}
[2018/10/11 0:11:07 928] [Message] [v1.0.1] merchant =  {
  "id": "1000000001",
  "agent_id": "10000001",
  "name": "测试子商户1",
  "short_name": "子商户1",
  "number": "1000000001",
  "principal_name": null,
  "principal_phone": null,
  "contact_name": "联系人1",
  "contact_phone": "15153294092",
  "contact_email": "sdsads@qq.com",
  "address": null,
  "time_create": "0",
  "time_update": "1533523267",
  "status": "1"
}
[2018/10/11 0:11:07 928] [Message] [v1.0.1] store =  {
  "id": "1000000001",
  "merchant_id": "1000000001",
  "name": "测试店铺1",
  "number": "0011",
  "principal_name": "负责人1",
  "principal_phone": "15153294092",
  "address": "测试店铺地址1",
  "time_create": "0",
  "time_update": "0",
  "status": "1"
}
[2018/10/11 0:11:07 929] [Message] [v1.0.1] userinfo.id =  1000000001
[2018/10/11 0:11:07 930] [Message] [v1.0.1] userinfo.agent_id =  10000001
[2018/10/11 0:11:07 931] [Message] [v1.0.1] userinfo.merchant_id =  1000000001
[2018/10/11 0:11:07 932] [Message] [v1.0.1] userinfo.store_id =  1000000001
[2018/10/11 0:11:07 933] [Message] [v1.0.1] userinfo.username =  user_1_1
[2018/10/11 0:11:07 933] [Message] [v1.0.1] userinfo.phone =  15153294092
[2018/10/11 0:11:07 934] [Message] [v1.0.1] userinfo.open_id =  
[2018/10/11 0:11:07 935] [Message] [v1.0.1] userinfo.type =  2
[2018/10/11 0:11:07 936] [Message] [v1.0.1] userinfo.status =  1
[2018/10/11 0:11:07 936] [Message] [v1.0.1] agentinfo.id =  10000001
[2018/10/11 0:11:07 937] [Message] [v1.0.1] agentinfo.pid =  00000000
[2018/10/11 0:11:07 938] [Message] [v1.0.1] agentinfo.name =  代理商1
[2018/10/11 0:11:07 939] [Message] [v1.0.1] agentinfo.number =  1111111111111111
[2018/10/11 0:11:07 940] [Message] [v1.0.1] agentinfo.address =  代理商地址1
[2018/10/11 0:11:07 940] [Message] [v1.0.1] agentinfo.principal_name =  负责人1
[2018/10/11 0:11:07 941] [Message] [v1.0.1] agentinfo.principal_phone =  15153294092
[2018/10/11 0:11:07 942] [Message] [v1.0.1] agentinfo.contact_name =  联系人1
[2018/10/11 0:11:07 943] [Message] [v1.0.1] agentinfo.contact_phone =  111111
[2018/10/11 0:11:07 943] [Message] [v1.0.1] agentinfo.contact_email =  youxiang@youxiang.com
[2018/10/11 0:11:07 944] [Message] [v1.0.1] agentinfo.status =  1
[2018/10/11 0:11:07 945] [Message] [v1.0.1] merchantinfo.id =  1000000001
[2018/10/11 0:11:07 946] [Message] [v1.0.1] merchantinfo.agent_id =  10000001
[2018/10/11 0:11:07 947] [Message] [v1.0.1] merchantinfo.name =  测试子商户1
[2018/10/11 0:11:07 948] [Message] [v1.0.1] merchantinfo.short_name =  子商户1
[2018/10/11 0:11:07 948] [Message] [v1.0.1] merchantinfo.number =  1000000001
[2018/10/11 0:11:07 949] [Message] [v1.0.1] merchantinfo.principal_name =  
[2018/10/11 0:11:07 950] [Message] [v1.0.1] merchantinfo.principal_phone =  
[2018/10/11 0:11:07 951] [Message] [v1.0.1] merchantinfo.contact_name =  联系人1
[2018/10/11 0:11:07 951] [Message] [v1.0.1] merchantinfo.contact_phone =  15153294092
[2018/10/11 0:11:07 952] [Message] [v1.0.1] merchantinfo.contact_email =  sdsads@qq.com
[2018/10/11 0:11:07 953] [Message] [v1.0.1] merchantinfo.address =  
[2018/10/11 0:11:07 954] [Message] [v1.0.1] merchantinfo.status =  1
[2018/10/11 0:11:07 954] [Message] [v1.0.1] storeinfo.id =  1000000001
[2018/10/11 0:11:07 955] [Message] [v1.0.1] storeinfo.merchant_id =  1000000001
[2018/10/11 0:11:07 956] [Message] [v1.0.1] storeinfo.name =  测试店铺1
[2018/10/11 0:11:07 956] [Message] [v1.0.1] storeinfo.number =  0011
[2018/10/11 0:11:07 957] [Message] [v1.0.1] storeinfo.principal_name =  负责人1
[2018/10/11 0:11:07 958] [Message] [v1.0.1] storeinfo.principal_phone =  15153294092
[2018/10/11 0:11:07 958] [Message] [v1.0.1] storeinfo.address =  测试店铺地址1
[2018/10/11 0:11:07 959] [Message] [v1.0.1] storeinfo.status =  1
[2018/10/11 0:11:07 959] [Message] [v1.0.1] ===================用户信息=================== End
[2018/10/11 0:11:07 966] [Message] [v1.0.1] ===================门店列表=================== Start
[2018/10/11 0:11:07 966] [Message] [v1.0.1] GetStoreList Send =  key=b35764f50cb21a986c824e999da3782c
[2018/10/11 0:11:08 388] [Message] [v1.0.1] Result =  {"code":1,"msg":"店铺列表","data":{"list":[{"id":"1000000003","merchant_id":"1000000001","name":"门店3","number":"3333333333","principal_name":"负责人3","principal_phone":"15153294092","address":"青岛市市北区华阳路112号","time_create":"1532659891","time_update":"1532660479","status":"1"},{"id":"1000000002","merchant_id":"1000000001","name":"测试店铺2","number":"0012","principal_name":"负责人2","principal_phone":"15153294093","address":"测试店铺地址2","time_create":"0","time_update":"0","status":"1"},{"id":"1000000001","merchant_id":"1000000001","name":"测试店铺1","number":"0011","principal_name":"负责人1","principal_phone":"15153294092","address":"测试店铺地址1","time_create":"0","time_update":"0","status":"1"}]}}
[2018/10/11 0:11:08 392] [Message] [v1.0.1] list =  [
  {
    "id": "1000000003",
    "merchant_id": "1000000001",
    "name": "门店3",
    "number": "3333333333",
    "principal_name": "负责人3",
    "principal_phone": "15153294092",
    "address": "青岛市市北区华阳路112号",
    "time_create": "1532659891",
    "time_update": "1532660479",
    "status": "1"
  },
  {
    "id": "1000000002",
    "merchant_id": "1000000001",
    "name": "测试店铺2",
    "number": "0012",
    "principal_name": "负责人2",
    "principal_phone": "15153294093",
    "address": "测试店铺地址2",
    "time_create": "0",
    "time_update": "0",
    "status": "1"
  },
  {
    "id": "1000000001",
    "merchant_id": "1000000001",
    "name": "测试店铺1",
    "number": "0011",
    "principal_name": "负责人1",
    "principal_phone": "15153294092",
    "address": "测试店铺地址1",
    "time_create": "0",
    "time_update": "0",
    "status": "1"
  }
]
[2018/10/11 0:11:08 403] [Message] [v1.0.1] storelist[1].id =  1000000003
[2018/10/11 0:11:08 405] [Message] [v1.0.1] storelist[1].merchant_id =  1000000001
[2018/10/11 0:11:08 407] [Message] [v1.0.1] storelist[1].name =  门店3
[2018/10/11 0:11:08 409] [Message] [v1.0.1] storelist[1].number =  3333333333
[2018/10/11 0:11:08 411] [Message] [v1.0.1] storelist[1].principal_name =  负责人3
[2018/10/11 0:11:08 413] [Message] [v1.0.1] storelist[1].principal_phone =  15153294092
[2018/10/11 0:11:08 415] [Message] [v1.0.1] storelist[1].address =  青岛市市北区华阳路112号
[2018/10/11 0:11:08 417] [Message] [v1.0.1] storelist[1].status =  1
[2018/10/11 0:11:08 420] [Message] [v1.0.1] storelist[2].id =  1000000002
[2018/10/11 0:11:08 422] [Message] [v1.0.1] storelist[2].merchant_id =  1000000001
[2018/10/11 0:11:08 423] [Message] [v1.0.1] storelist[2].name =  测试店铺2
[2018/10/11 0:11:08 427] [Message] [v1.0.1] storelist[2].number =  0012
[2018/10/11 0:11:08 429] [Message] [v1.0.1] storelist[2].principal_name =  负责人2
[2018/10/11 0:11:08 431] [Message] [v1.0.1] storelist[2].principal_phone =  15153294093
[2018/10/11 0:11:08 433] [Message] [v1.0.1] storelist[2].address =  测试店铺地址2
[2018/10/11 0:11:08 434] [Message] [v1.0.1] storelist[2].status =  1
[2018/10/11 0:11:08 435] [Message] [v1.0.1] storelist[3].id =  1000000001
[2018/10/11 0:11:08 436] [Message] [v1.0.1] storelist[3].merchant_id =  1000000001
[2018/10/11 0:11:08 436] [Message] [v1.0.1] storelist[3].name =  测试店铺1
[2018/10/11 0:11:08 437] [Message] [v1.0.1] storelist[3].number =  0011
[2018/10/11 0:11:08 438] [Message] [v1.0.1] storelist[3].principal_name =  负责人1
[2018/10/11 0:11:08 439] [Message] [v1.0.1] storelist[3].principal_phone =  15153294092
[2018/10/11 0:11:08 439] [Message] [v1.0.1] storelist[3].address =  测试店铺地址1
[2018/10/11 0:11:08 440] [Message] [v1.0.1] storelist[3].status =  1
[2018/10/11 0:11:08 458] [Message] [v1.0.1] ===================门店列表=================== End
[2018/10/11 0:11:08 461] [Message] [v1.0.1] ===================店员列表=================== Start
[2018/10/11 0:11:08 461] [Message] [v1.0.1] GetUserList Send =  key=b35764f50cb21a986c824e999da3782c&store_id=1000000001
[2018/10/11 0:11:08 884] [Message] [v1.0.1] Result =  {"code":1,"msg":"店员列表","data":{"list":[{"id":"1000000003","username":"user_1_2","phone":"15153294092"},{"id":"1000000001","username":"user_1_1","phone":"15153294092"}]}}
[2018/10/11 0:11:08 886] [Message] [v1.0.1] list =  [
  {
    "id": "1000000003",
    "username": "user_1_2",
    "phone": "15153294092"
  },
  {
    "id": "1000000001",
    "username": "user_1_1",
    "phone": "15153294092"
  }
]
[2018/10/11 0:11:08 888] [Message] [v1.0.1] userlist[1].id =  1000000003
[2018/10/11 0:11:08 890] [Message] [v1.0.1] userlist[1].username =  user_1_2
[2018/10/11 0:11:08 892] [Message] [v1.0.1] userlist[1].phone =  15153294092
[2018/10/11 0:11:08 894] [Message] [v1.0.1] userlist[2].id =  1000000001
[2018/10/11 0:11:08 897] [Message] [v1.0.1] userlist[2].username =  user_1_1
[2018/10/11 0:11:08 899] [Message] [v1.0.1] userlist[2].phone =  15153294092
[2018/10/11 0:11:08 901] [Message] [v1.0.1] ===================店员列表=================== End
[2018/10/11 0:11:08 908] [Message] [v1.0.1] ===================设备列表=================== Start
[2018/10/11 0:11:08 910] [Message] [v1.0.1] GetDeviceList Send =  key=b35764f50cb21a986c824e999da3782c&store_id=1000000001
[2018/10/11 0:11:09 334] [Message] [v1.0.1] Result =  {"code":1,"msg":"设备列表","data":{"list":[{"id":"1000000002","name":"设备4","number":"002","type":"1"},{"id":"1000000001","name":"设备1","number":"001","type":"2"}]}}
[2018/10/11 0:11:09 336] [Message] [v1.0.1] list =  [
  {
    "id": "1000000002",
    "name": "设备4",
    "number": "002",
    "type": "1"
  },
  {
    "id": "1000000001",
    "name": "设备1",
    "number": "001",
    "type": "2"
  }
]
[2018/10/11 0:11:09 338] [Message] [v1.0.1] devicelist[1].id =  1000000002
[2018/10/11 0:11:09 340] [Message] [v1.0.1] devicelist[1].name =  设备4
[2018/10/11 0:11:09 342] [Message] [v1.0.1] devicelist[1].number =  002
[2018/10/11 0:11:09 344] [Message] [v1.0.1] devicelist[1].type =  1
[2018/10/11 0:11:09 346] [Message] [v1.0.1] devicelist[2].id =  1000000001
[2018/10/11 0:11:09 349] [Message] [v1.0.1] devicelist[2].name =  设备1
[2018/10/11 0:11:09 351] [Message] [v1.0.1] devicelist[2].number =  001
[2018/10/11 0:11:09 353] [Message] [v1.0.1] devicelist[2].type =  2
[2018/10/11 0:11:09 355] [Message] [v1.0.1] ===================设备列表=================== End
[2018/10/11 0:11:09 359] [Message] [v1.0.1] ===================交易类型列表=================== Start
[2018/10/11 0:11:09 361] [Message] [v1.0.1] Get_all_paymentList Send =  key=b35764f50cb21a986c824e999da3782c
[2018/10/11 0:11:09 786] [Message] [v1.0.1] Result =  {"code":1,"msg":"交易类型","data":{"qrcode":"扫码支付","barcode":"条码支付","weixin_public":"微信公众号支付"}}
[2018/10/11 0:11:09 789] [Message] [v1.0.1] data =  {
  "qrcode": "扫码支付",
  "barcode": "条码支付",
  "weixin_public": "微信公众号支付"
}
[2018/10/11 0:11:09 791] [Message] [v1.0.1] paymentList[0].paymentType =  扫码支付
[2018/10/11 0:11:09 793] [Message] [v1.0.1] paymentList[1].paymentType =  条码支付
[2018/10/11 0:11:09 795] [Message] [v1.0.1] ===================交易类型列表=================== End
[2018/10/11 0:11:11 623] [Message] [v1.0.1] ===================交易查询=================== Start
[2018/10/11 0:11:11 624] [Message] [v1.0.1] GetOrder_List Send =  key=b35764f50cb21a986c824e999da3782c&page=5&current=1&&merchant_id=1000000001&export=0
[2018/10/11 0:11:12 052] [Message] [v1.0.1] Result =  {"code":1,"msg":"订单列表","data":{"list":[{"id":"688","order_id":"160592487334460001001","out_order_id":null,"out_username":null,"out_user_id":null,"agent_id":"10000001","merchant_id":"1000000001","channel":"weixin","payment":"barcode","store_id":"1000000001","store_name":"测试店铺1","operator_id":"1000000001","operator_name":"user_1_1","device_id":"1000000001","device_name":"设备1","amount":"0.01","actual_amount":"0.01","refund_amount":"0.00","body":"testbody","subject":"test","time_create":"2018-10-10 11:48:54","time_update":"2018-10-10 11:48:55","status":"2","profit_status":"1","remark":"支付处理中:需要用户输入支付密码OK","_status":"处理中","payment_name":"条码支付","channel_name":"微信"},{"id":"687","order_id":"640592237779041001001","out_order_id":null,"out_username":null,"out_user_id":null,"agent_id":"10000001","merchant_id":"1000000001","channel":"unionpay","payment":"barcode","store_id":"1000000001","store_name":"测试店铺1","operator_id":"1000000001","operator_name":"user_1_1","device_id":"1000000001","device_name":"设备1","amount":"0.02","actual_amount":"0.02","refund_amount":"0.00","body":"水果蔬菜杂粮","subject":"消费","time_create":"2018-10-07 14:29:39","time_update":"2018-10-07 14:34:36","status":"2","profit_status":"1","remark":"支付处理中","_status":"处理中","payment_name":"条码支付","channel_name":"银联"},{"id":"686","order_id":"910592097297392001001","out_order_id":null,"out_username":null,"out_user_id":null,"agent_id":"10000001","merchant_id":"1000000001","channel":"weixin","payment":"barcode","store_id":"1000000001","store_name":"测试店铺1","operator_id":"1000000001","operator_name":"user_1_1","device_id":"1000000001","device_name":"设备1","amount":"0.01","actual_amount":"0.01","refund_amount":"0.00","body":"testbody","subject":"test","time_create":"2018-10-05 23:28:17","time_update":"2018-10-05 23:28:17","status":"4","profit_status":"1","remark":"支付失败:请扫描微信支付授权码（以10\/11\/12\/13\/14\/15为前缀的18位数字）OK","_status":"支付失败","payment_name":"条码支付","channel_name":"微信"},{"id":"685","order_id":"130591373237171001001","out_order_id":null,"out_username":null,"out_user_id":null,"agent_id":"10000001","merchant_id":"1000000001","channel":"unionpay","payment":"barcode","store_id":"1000000001","store_name":"测试店铺1","operator_id":"1000000001","operator_name":"user_1_1","device_id":"1000000001","device_name":"设备1","amount":"0.02","actual_amount":"0.02","refund_amount":"0.00","body":"水果蔬菜杂粮","subject":"消费","time_create":"2018-09-27 14:20:37","time_update":"2018-09-28 11:24:26","status":"2","profit_status":"1","remark":"支付处理中","_status":"处理中","payment_name":"条码支付","channel_name":"银联"},{"id":"684","order_id":"870591358994142001001","out_order_id":null,"out_username":null,"out_user_id":null,"agent_id":"10000001","merchant_id":"1000000001","channel":"unionpay","payment":"barcode","store_id":"1000000001","store_name":"测试店铺1","operator_id":"1000000001","operator_name":"user_1_1","device_id":"1000000001","device_name":"设备1","amount":"0.02","actual_amount":"0.02","refund_amount":"0.00","body":"水果蔬菜杂粮","subject":"消费","time_create":"2018-09-27 10:23:14","time_update":"2018-09-27 10:23:14","status":"2","profit_status":"1","remark":"下单成功","_status":"处理中","payment_name":"条码支付","channel_name":"银联"}],"total":"678","sum_amount":"7832785.00","sum_actual_amount":"7830563.77","sum_refund_amount":"0.52"}}
[2018/10/11 0:11:12 056] [Message] [v1.0.1] data =  {
  "list": [
    {
      "id": "688",
      "order_id": "160592487334460001001",
      "out_order_id": null,
      "out_username": null,
      "out_user_id": null,
      "agent_id": "10000001",
      "merchant_id": "1000000001",
      "channel": "weixin",
      "payment": "barcode",
      "store_id": "1000000001",
      "store_name": "测试店铺1",
      "operator_id": "1000000001",
      "operator_name": "user_1_1",
      "device_id": "1000000001",
      "device_name": "设备1",
      "amount": "0.01",
      "actual_amount": "0.01",
      "refund_amount": "0.00",
      "body": "testbody",
      "subject": "test",
      "time_create": "2018-10-10 11:48:54",
      "time_update": "2018-10-10 11:48:55",
      "status": "2",
      "profit_status": "1",
      "remark": "支付处理中:需要用户输入支付密码OK",
      "_status": "处理中",
      "payment_name": "条码支付",
      "channel_name": "微信"
    },
    {
      "id": "687",
      "order_id": "640592237779041001001",
      "out_order_id": null,
      "out_username": null,
      "out_user_id": null,
      "agent_id": "10000001",
      "merchant_id": "1000000001",
      "channel": "unionpay",
      "payment": "barcode",
      "store_id": "1000000001",
      "store_name": "测试店铺1",
      "operator_id": "1000000001",
      "operator_name": "user_1_1",
      "device_id": "1000000001",
      "device_name": "设备1",
      "amount": "0.02",
      "actual_amount": "0.02",
      "refund_amount": "0.00",
      "body": "水果蔬菜杂粮",
      "subject": "消费",
      "time_create": "2018-10-07 14:29:39",
      "time_update": "2018-10-07 14:34:36",
      "status": "2",
      "profit_status": "1",
      "remark": "支付处理中",
      "_status": "处理中",
      "payment_name": "条码支付",
      "channel_name": "银联"
    },
    {
      "id": "686",
      "order_id": "910592097297392001001",
      "out_order_id": null,
      "out_username": null,
      "out_user_id": null,
      "agent_id": "10000001",
      "merchant_id": "1000000001",
      "channel": "weixin",
      "payment": "barcode",
      "store_id": "1000000001",
      "store_name": "测试店铺1",
      "operator_id": "1000000001",
      "operator_name": "user_1_1",
      "device_id": "1000000001",
      "device_name": "设备1",
      "amount": "0.01",
      "actual_amount": "0.01",
      "refund_amount": "0.00",
      "body": "testbody",
      "subject": "test",
      "time_create": "2018-10-05 23:28:17",
      "time_update": "2018-10-05 23:28:17",
      "status": "4",
      "profit_status": "1",
      "remark": "支付失败:请扫描微信支付授权码（以10/11/12/13/14/15为前缀的18位数字）OK",
      "_status": "支付失败",
      "payment_name": "条码支付",
      "channel_name": "微信"
    },
    {
      "id": "685",
      "order_id": "130591373237171001001",
      "out_order_id": null,
      "out_username": null,
      "out_user_id": null,
      "agent_id": "10000001",
      "merchant_id": "1000000001",
      "channel": "unionpay",
      "payment": "barcode",
      "store_id": "1000000001",
      "store_name": "测试店铺1",
      "operator_id": "1000000001",
      "operator_name": "user_1_1",
      "device_id": "1000000001",
      "device_name": "设备1",
      "amount": "0.02",
      "actual_amount": "0.02",
      "refund_amount": "0.00",
      "body": "水果蔬菜杂粮",
      "subject": "消费",
      "time_create": "2018-09-27 14:20:37",
      "time_update": "2018-09-28 11:24:26",
      "status": "2",
      "profit_status": "1",
      "remark": "支付处理中",
      "_status": "处理中",
      "payment_name": "条码支付",
      "channel_name": "银联"
    },
    {
      "id": "684",
      "order_id": "870591358994142001001",
      "out_order_id": null,
      "out_username": null,
      "out_user_id": null,
      "agent_id": "10000001",
      "merchant_id": "1000000001",
      "channel": "unionpay",
      "payment": "barcode",
      "store_id": "1000000001",
      "store_name": "测试店铺1",
      "operator_id": "1000000001",
      "operator_name": "user_1_1",
      "device_id": "1000000001",
      "device_name": "设备1",
      "amount": "0.02",
      "actual_amount": "0.02",
      "refund_amount": "0.00",
      "body": "水果蔬菜杂粮",
      "subject": "消费",
      "time_create": "2018-09-27 10:23:14",
      "time_update": "2018-09-27 10:23:14",
      "status": "2",
      "profit_status": "1",
      "remark": "下单成功",
      "_status": "处理中",
      "payment_name": "条码支付",
      "channel_name": "银联"
    }
  ],
  "total": "678",
  "sum_amount": "7832785.00",
  "sum_actual_amount": "7830563.77",
  "sum_refund_amount": "0.52"
}
[2018/10/11 0:11:12 080] [Message] [v1.0.1] ===================交易查询=================== End
[2018/10/11 0:11:16 932] [Message] [v1.0.1] ===================订单汇总=================== Start
[2018/10/11 0:11:16 935] [Message] [v1.0.1] GetOrder_List Send =  key=b35764f50cb21a986c824e999da3782c&page=5&current=1&operator_id=1000000001&merchant_id=1000000001&export=0
[2018/10/11 0:11:17 360] [Message] [v1.0.1] Result =  {"code":1,"msg":"交易汇总列表","data":{"list":[{"id":"21","agent_id":"10000001","merchant_id":"1000000001","operator_id":"1000000001","time_create":"1534305021","date":"2018-08-14","count_weixin":68,"sum_weixin":6.8,"count_alipay":161,"sum_alipay":62629.07,"count_unionpay":20,"sum_unionpay":2,"count_xt":22,"sum_xt":103.05,"count_xz_weixin":4,"sum_xz_weixin":0.04,"count_xz_alipay":0,"sum_xz_alipay":0,"count_sf_weixin":0,"sum_sf_weixin":0,"count_sf_alipay":0,"sum_sf_alipay":0,"count_all":275,"sum_all":62740.96},{"id":"20","agent_id":"10000001","merchant_id":"1000000001","operator_id":"1000000001","time_create":"1534305021","date":"2018-08-14","count_weixin":68,"sum_weixin":6.8,"count_alipay":161,"sum_alipay":62629.07,"count_unionpay":20,"sum_unionpay":2,"count_xt":22,"sum_xt":103.05,"count_xz_weixin":4,"sum_xz_weixin":0.04,"count_xz_alipay":0,"sum_xz_alipay":0,"count_sf_weixin":0,"sum_sf_weixin":0,"count_sf_alipay":0,"sum_sf_alipay":0,"count_all":275,"sum_all":62740.96},{"id":"19","agent_id":"10000001","merchant_id":"1000000001","operator_id":"1000000001","time_create":"1533708622","date":"2018-08-15","count_weixin":68,"sum_weixin":6.8,"count_alipay":161,"sum_alipay":62629.07,"count_unionpay":20,"sum_unionpay":2,"count_xt":22,"sum_xt":103.05,"count_xz_weixin":4,"sum_xz_weixin":0.04,"count_xz_alipay":0,"sum_xz_alipay":0,"count_sf_weixin":0,"sum_sf_weixin":0,"count_sf_alipay":0,"sum_sf_alipay":0,"count_all":275,"sum_all":62740.96},{"id":"18","agent_id":"10000001","merchant_id":"1000000001","operator_id":"1000000001","time_create":"1533708622","date":"2018-08-14","count_weixin":68,"sum_weixin":6.8,"count_alipay":161,"sum_alipay":62629.07,"count_unionpay":20,"sum_unionpay":2,"count_xt":22,"sum_xt":103.05,"count_xz_weixin":4,"sum_xz_weixin":0.04,"count_xz_alipay":0,"sum_xz_alipay":0,"count_sf_weixin":0,"sum_sf_weixin":0,"count_sf_alipay":0,"sum_sf_alipay":0,"count_all":275,"sum_all":62740.96},{"id":"17","agent_id":"10000001","merchant_id":"1000000001","operator_id":"1000000001","time_create":"1533708622","date":"2018-08-13","count_weixin":68,"sum_weixin":6.8,"count_alipay":161,"sum_alipay":62629.07,"count_unionpay":20,"sum_unionpay":2,"count_xt":22,"sum_xt":103.05,"count_xz_weixin":4,"sum_xz_weixin":0.04,"count_xz_alipay":0,"sum_xz_alipay":0,"count_sf_weixin":0,"sum_sf_weixin":0,"count_sf_alipay":0,"sum_sf_alipay":0,"count_all":275,"sum_all":62740.96}],"total":"19"}}
[2018/10/11 0:11:17 370] [Message] [v1.0.1] data =  {
  "list": [
    {
      "id": "21",
      "agent_id": "10000001",
      "merchant_id": "1000000001",
      "operator_id": "1000000001",
      "time_create": "1534305021",
      "date": "2018-08-14",
      "count_weixin": 68,
      "sum_weixin": 6.8,
      "count_alipay": 161,
      "sum_alipay": 62629.07,
      "count_unionpay": 20,
      "sum_unionpay": 2,
      "count_xt": 22,
      "sum_xt": 103.05,
      "count_xz_weixin": 4,
      "sum_xz_weixin": 0.04,
      "count_xz_alipay": 0,
      "sum_xz_alipay": 0,
      "count_sf_weixin": 0,
      "sum_sf_weixin": 0,
      "count_sf_alipay": 0,
      "sum_sf_alipay": 0,
      "count_all": 275,
      "sum_all": 62740.96
    },
    {
      "id": "20",
      "agent_id": "10000001",
      "merchant_id": "1000000001",
      "operator_id": "1000000001",
      "time_create": "1534305021",
      "date": "2018-08-14",
      "count_weixin": 68,
      "sum_weixin": 6.8,
      "count_alipay": 161,
      "sum_alipay": 62629.07,
      "count_unionpay": 20,
      "sum_unionpay": 2,
      "count_xt": 22,
      "sum_xt": 103.05,
      "count_xz_weixin": 4,
      "sum_xz_weixin": 0.04,
      "count_xz_alipay": 0,
      "sum_xz_alipay": 0,
      "count_sf_weixin": 0,
      "sum_sf_weixin": 0,
      "count_sf_alipay": 0,
      "sum_sf_alipay": 0,
      "count_all": 275,
      "sum_all": 62740.96
    },
    {
      "id": "19",
      "agent_id": "10000001",
      "merchant_id": "1000000001",
      "operator_id": "1000000001",
      "time_create": "1533708622",
      "date": "2018-08-15",
      "count_weixin": 68,
      "sum_weixin": 6.8,
      "count_alipay": 161,
      "sum_alipay": 62629.07,
      "count_unionpay": 20,
      "sum_unionpay": 2,
      "count_xt": 22,
      "sum_xt": 103.05,
      "count_xz_weixin": 4,
      "sum_xz_weixin": 0.04,
      "count_xz_alipay": 0,
      "sum_xz_alipay": 0,
      "count_sf_weixin": 0,
      "sum_sf_weixin": 0,
      "count_sf_alipay": 0,
      "sum_sf_alipay": 0,
      "count_all": 275,
      "sum_all": 62740.96
    },
    {
      "id": "18",
      "agent_id": "10000001",
      "merchant_id": "1000000001",
      "operator_id": "1000000001",
      "time_create": "1533708622",
      "date": "2018-08-14",
      "count_weixin": 68,
      "sum_weixin": 6.8,
      "count_alipay": 161,
      "sum_alipay": 62629.07,
      "count_unionpay": 20,
      "sum_unionpay": 2,
      "count_xt": 22,
      "sum_xt": 103.05,
      "count_xz_weixin": 4,
      "sum_xz_weixin": 0.04,
      "count_xz_alipay": 0,
      "sum_xz_alipay": 0,
      "count_sf_weixin": 0,
      "sum_sf_weixin": 0,
      "count_sf_alipay": 0,
      "sum_sf_alipay": 0,
      "count_all": 275,
      "sum_all": 62740.96
    },
    {
      "id": "17",
      "agent_id": "10000001",
      "merchant_id": "1000000001",
      "operator_id": "1000000001",
      "time_create": "1533708622",
      "date": "2018-08-13",
      "count_weixin": 68,
      "sum_weixin": 6.8,
      "count_alipay": 161,
      "sum_alipay": 62629.07,
      "count_unionpay": 20,
      "sum_unionpay": 2,
      "count_xt": 22,
      "sum_xt": 103.05,
      "count_xz_weixin": 4,
      "sum_xz_weixin": 0.04,
      "count_xz_alipay": 0,
      "sum_xz_alipay": 0,
      "count_sf_weixin": 0,
      "sum_sf_weixin": 0,
      "count_sf_alipay": 0,
      "sum_sf_alipay": 0,
      "count_all": 275,
      "sum_all": 62740.96
    }
  ],
  "total": "19"
}
[2018/10/11 0:11:17 373] [Message] [v1.0.1] ===================订单汇总=================== End
[2018/10/11 0:11:20 523] [Message] [v1.0.1] ===================退款查询=================== Start
[2018/10/11 0:11:20 524] [Message] [v1.0.1] GetRefund_QueryList Send =  key=b35764f50cb21a986c824e999da3782c&page=5&current=1&merchant_id=1000000001&export=0
[2018/10/11 0:11:20 950] [Message] [v1.0.1] Result =  {"code":1,"msg":"退款列表","data":{"list":[{"id":"139","order_id":"320589301666675001001","refund_order_id":"290589301979657001001","refund_amount":"0.01","operator_id":"1000000001","operator_name":"","time_create":"2018-09-03 14:59:39","time_update":"2018-09-03 14:59:40","status":"3","reason":"退款","remark":"退款成功","out_order_id":"2018090314542608778964","out_user_id":null,"agent_id":"10000001","amount":"0.02","merchant_id":"1000000001","channel":"xt","payment":"barcode","store_id":"1000000001","store_name":"测试店铺1","device_id":"1000000001","device_name":"设备1","subject":"消费","body":"水果蔬菜杂粮","_status":"退款成功","payment_name":"条码支付","channel_name":"新天"},{"id":"138","order_id":"320589301666675001001","refund_order_id":"820589301875538001001","refund_amount":"0.01","operator_id":"1000000001","operator_name":"","time_create":"2018-09-03 14:57:55","time_update":"2018-09-03 14:57:56","status":"3","reason":"退款","remark":"退款成功","out_order_id":"2018090314542608778964","out_user_id":null,"agent_id":"10000001","amount":"0.02","merchant_id":"1000000001","channel":"xt","payment":"barcode","store_id":"1000000001","store_name":"测试店铺1","device_id":"1000000001","device_name":"设备1","subject":"消费","body":"水果蔬菜杂粮","_status":"退款成功","payment_name":"条码支付","channel_name":"新天"},{"id":"137","order_id":"200588704188903001001","refund_order_id":"530588792952196001001","refund_amount":"0.01","operator_id":"1000000001","operator_name":"","time_create":"2018-08-28 17:35:52","time_update":"2018-08-28 17:38:47","status":"3","reason":"退款","remark":"退款成功","out_order_id":null,"out_user_id":null,"agent_id":"10000001","amount":"0.02","merchant_id":"1000000001","channel":"unionpay","payment":"qrcode","store_id":"1000000001","store_name":"测试店铺1","device_id":"1000000001","device_name":"设备1","subject":"消费","body":"水果蔬菜杂粮","_status":"退款成功","payment_name":"扫码支付","channel_name":"银联"},{"id":"125","order_id":"200588704188903001001","refund_order_id":"530588787963272001001","refund_amount":"0.01","operator_id":"1000000001","operator_name":"","time_create":"2018-08-28 16:12:43","time_update":"2018-08-28 16:12:43","status":"4","reason":"退款","remark":"退款失败","out_order_id":null,"out_user_id":null,"agent_id":"10000001","amount":"0.02","merchant_id":"1000000001","channel":"unionpay","payment":"qrcode","store_id":"1000000001","store_name":"测试店铺1","device_id":"1000000001","device_name":"设备1","subject":"消费","body":"水果蔬菜杂粮","_status":"退款失败","payment_name":"扫码支付","channel_name":"银联"},{"id":"124","order_id":"590587658882279001001","refund_order_id":"170587659047745001001","refund_amount":"0.01","operator_id":"1000000001","operator_name":"","time_create":"2018-08-15 14:37:27","time_update":"2018-08-15 14:42:34","status":"3","reason":"退款","remark":"退款成功","out_order_id":"200701201808151434421080451","out_user_id":null,"agent_id":"10000001","amount":"0.01","merchant_id":"1000000001","channel":"xz_weixin","payment":"barcode","store_id":"1000000001","store_name":"测试店铺1","device_id":"1000000001","device_name":"设备1","subject":"消费","body":"水果蔬菜杂粮","_status":"退款成功","payment_name":"条码支付","channel_name":"现在微信"}],"total":"116","sum_refund_amount":"11.15","total_success":"8","sum_refund_amount_success":"0.44"}}
[2018/10/11 0:11:20 952] [Message] [v1.0.1] data =  {
  "list": [
    {
      "id": "139",
      "order_id": "320589301666675001001",
      "refund_order_id": "290589301979657001001",
      "refund_amount": "0.01",
      "operator_id": "1000000001",
      "operator_name": "",
      "time_create": "2018-09-03 14:59:39",
      "time_update": "2018-09-03 14:59:40",
      "status": "3",
      "reason": "退款",
      "remark": "退款成功",
      "out_order_id": "2018090314542608778964",
      "out_user_id": null,
      "agent_id": "10000001",
      "amount": "0.02",
      "merchant_id": "1000000001",
      "channel": "xt",
      "payment": "barcode",
      "store_id": "1000000001",
      "store_name": "测试店铺1",
      "device_id": "1000000001",
      "device_name": "设备1",
      "subject": "消费",
      "body": "水果蔬菜杂粮",
      "_status": "退款成功",
      "payment_name": "条码支付",
      "channel_name": "新天"
    },
    {
      "id": "138",
      "order_id": "320589301666675001001",
      "refund_order_id": "820589301875538001001",
      "refund_amount": "0.01",
      "operator_id": "1000000001",
      "operator_name": "",
      "time_create": "2018-09-03 14:57:55",
      "time_update": "2018-09-03 14:57:56",
      "status": "3",
      "reason": "退款",
      "remark": "退款成功",
      "out_order_id": "2018090314542608778964",
      "out_user_id": null,
      "agent_id": "10000001",
      "amount": "0.02",
      "merchant_id": "1000000001",
      "channel": "xt",
      "payment": "barcode",
      "store_id": "1000000001",
      "store_name": "测试店铺1",
      "device_id": "1000000001",
      "device_name": "设备1",
      "subject": "消费",
      "body": "水果蔬菜杂粮",
      "_status": "退款成功",
      "payment_name": "条码支付",
      "channel_name": "新天"
    },
    {
      "id": "137",
      "order_id": "200588704188903001001",
      "refund_order_id": "530588792952196001001",
      "refund_amount": "0.01",
      "operator_id": "1000000001",
      "operator_name": "",
      "time_create": "2018-08-28 17:35:52",
      "time_update": "2018-08-28 17:38:47",
      "status": "3",
      "reason": "退款",
      "remark": "退款成功",
      "out_order_id": null,
      "out_user_id": null,
      "agent_id": "10000001",
      "amount": "0.02",
      "merchant_id": "1000000001",
      "channel": "unionpay",
      "payment": "qrcode",
      "store_id": "1000000001",
      "store_name": "测试店铺1",
      "device_id": "1000000001",
      "device_name": "设备1",
      "subject": "消费",
      "body": "水果蔬菜杂粮",
      "_status": "退款成功",
      "payment_name": "扫码支付",
      "channel_name": "银联"
    },
    {
      "id": "125",
      "order_id": "200588704188903001001",
      "refund_order_id": "530588787963272001001",
      "refund_amount": "0.01",
      "operator_id": "1000000001",
      "operator_name": "",
      "time_create": "2018-08-28 16:12:43",
      "time_update": "2018-08-28 16:12:43",
      "status": "4",
      "reason": "退款",
      "remark": "退款失败",
      "out_order_id": null,
      "out_user_id": null,
      "agent_id": "10000001",
      "amount": "0.02",
      "merchant_id": "1000000001",
      "channel": "unionpay",
      "payment": "qrcode",
      "store_id": "1000000001",
      "store_name": "测试店铺1",
      "device_id": "1000000001",
      "device_name": "设备1",
      "subject": "消费",
      "body": "水果蔬菜杂粮",
      "_status": "退款失败",
      "payment_name": "扫码支付",
      "channel_name": "银联"
    },
    {
      "id": "124",
      "order_id": "590587658882279001001",
      "refund_order_id": "170587659047745001001",
      "refund_amount": "0.01",
      "operator_id": "1000000001",
      "operator_name": "",
      "time_create": "2018-08-15 14:37:27",
      "time_update": "2018-08-15 14:42:34",
      "status": "3",
      "reason": "退款",
      "remark": "退款成功",
      "out_order_id": "200701201808151434421080451",
      "out_user_id": null,
      "agent_id": "10000001",
      "amount": "0.01",
      "merchant_id": "1000000001",
      "channel": "xz_weixin",
      "payment": "barcode",
      "store_id": "1000000001",
      "store_name": "测试店铺1",
      "device_id": "1000000001",
      "device_name": "设备1",
      "subject": "消费",
      "body": "水果蔬菜杂粮",
      "_status": "退款成功",
      "payment_name": "条码支付",
      "channel_name": "现在微信"
    }
  ],
  "total": "116",
  "sum_refund_amount": "11.15",
  "total_success": "8",
  "sum_refund_amount_success": "0.44"
}
[2018/10/11 0:11:20 955] [Message] [v1.0.1] ===================退款查询=================== End
