[2018/10/21 2:01:28 094] [Message] [v1.0.1] ===================用户登陆=================== Start
[2018/10/21 2:01:28 096] [Message] [v1.0.1] Login Send =  username=user_1_1&password=1111111
[2018/10/21 2:01:28 572] [Message] [v1.0.1] Result =  {"code":1,"msg":"登录成功","data":{"token":"43610387a16a7795c417a7833bcd37af","info":{"app_type":"api","id":"1000000001","agent_id":"10000001","store_id":"1000000001","merchant_id":"1000000001","type":"2","username":"user_1_1","open_id":"","timestamp":1540058489}}}
[2018/10/21 2:01:28 682] [Message] [v1.0.1] ===================用户登陆=================== End
[2018/10/21 2:01:28 686] [Message] [v1.0.1] ===================用户信息=================== Start
[2018/10/21 2:01:28 687] [Message] [v1.0.1] GetUserInfo Send =  key=43610387a16a7795c417a7833bcd37af
[2018/10/21 2:01:29 121] [Message] [v1.0.1] Result =  {"code":1,"msg":"用户信息","data":{"id":"1000000001","agent_id":"10000001","merchant_id":"1000000001","store_id":"1000000001","username":"user_1_1","phone":"15153294092","open_id":"","type":"2","time_create":"1527211953","time_update":"1533293063","status":"1","agent":{"id":"10000001","pid":"00000000","name":"代理商1","number":"1111111111111111","address":"代理商地址1","principal_name":"负责人1","principal_phone":"15153294092","contact_name":"联系人1","contact_phone":"111111","contact_email":"youxiang@youxiang.com","time_create":"0","time_update":"1533178664","status":"1"},"merchant":{"id":"1000000001","agent_id":"10000001","name":"测试子商户1","short_name":"子商户1","number":"1000000001","principal_name":null,"principal_phone":null,"contact_name":"联系人1","contact_phone":"15153294092","contact_email":"sdsads@qq.com","address":null,"time_create":"0","time_update":"1533523267","status":"1"},"store":{"id":"1000000001","merchant_id":"1000000001","name":"测试店铺1","number":"0011","principal_name":"负责人1","principal_phone":"15153294092","address":"测试店铺地址1","time_create":"0","time_update":"0","status":"1"}}}
[2018/10/21 2:01:29 137] [Message] [v1.0.1] data =  {
  "id": "1000000001",
  "agent_id": "10000001",
  "merchant_id": "1000000001",
  "store_id": "1000000001",
  "username": "user_1_1",
  "phone": "15153294092",
  "open_id": "",
  "type": "2",
  "time_create": "1527211953",
  "time_update": "1533293063",
  "status": "1",
  "agent": {
    "id": "10000001",
    "pid": "00000000",
    "name": "代理商1",
    "number": "1111111111111111",
    "address": "代理商地址1",
    "principal_name": "负责人1",
    "principal_phone": "15153294092",
    "contact_name": "联系人1",
    "contact_phone": "111111",
    "contact_email": "youxiang@youxiang.com",
    "time_create": "0",
    "time_update": "1533178664",
    "status": "1"
  },
  "merchant": {
    "id": "1000000001",
    "agent_id": "10000001",
    "name": "测试子商户1",
    "short_name": "子商户1",
    "number": "1000000001",
    "principal_name": null,
    "principal_phone": null,
    "contact_name": "联系人1",
    "contact_phone": "15153294092",
    "contact_email": "sdsads@qq.com",
    "address": null,
    "time_create": "0",
    "time_update": "1533523267",
    "status": "1"
  },
  "store": {
    "id": "1000000001",
    "merchant_id": "1000000001",
    "name": "测试店铺1",
    "number": "0011",
    "principal_name": "负责人1",
    "principal_phone": "15153294092",
    "address": "测试店铺地址1",
    "time_create": "0",
    "time_update": "0",
    "status": "1"
  }
}
[2018/10/21 2:01:29 138] [Message] [v1.0.1] agent =  {
  "id": "10000001",
  "pid": "00000000",
  "name": "代理商1",
  "number": "1111111111111111",
  "address": "代理商地址1",
  "principal_name": "负责人1",
  "principal_phone": "15153294092",
  "contact_name": "联系人1",
  "contact_phone": "111111",
  "contact_email": "youxiang@youxiang.com",
  "time_create": "0",
  "time_update": "1533178664",
  "status": "1"
}
[2018/10/21 2:01:29 139] [Message] [v1.0.1] merchant =  {
  "id": "1000000001",
  "agent_id": "10000001",
  "name": "测试子商户1",
  "short_name": "子商户1",
  "number": "1000000001",
  "principal_name": null,
  "principal_phone": null,
  "contact_name": "联系人1",
  "contact_phone": "15153294092",
  "contact_email": "sdsads@qq.com",
  "address": null,
  "time_create": "0",
  "time_update": "1533523267",
  "status": "1"
}
[2018/10/21 2:01:29 140] [Message] [v1.0.1] store =  {
  "id": "1000000001",
  "merchant_id": "1000000001",
  "name": "测试店铺1",
  "number": "0011",
  "principal_name": "负责人1",
  "principal_phone": "15153294092",
  "address": "测试店铺地址1",
  "time_create": "0",
  "time_update": "0",
  "status": "1"
}
[2018/10/21 2:01:29 142] [Message] [v1.0.1] userinfo.id =  1000000001
[2018/10/21 2:01:29 142] [Message] [v1.0.1] userinfo.agent_id =  10000001
[2018/10/21 2:01:29 143] [Message] [v1.0.1] userinfo.merchant_id =  1000000001
[2018/10/21 2:01:29 145] [Message] [v1.0.1] userinfo.store_id =  1000000001
[2018/10/21 2:01:29 146] [Message] [v1.0.1] userinfo.username =  user_1_1
[2018/10/21 2:01:29 147] [Message] [v1.0.1] userinfo.phone =  15153294092
[2018/10/21 2:01:29 148] [Message] [v1.0.1] userinfo.open_id =  
[2018/10/21 2:01:29 149] [Message] [v1.0.1] userinfo.type =  2
[2018/10/21 2:01:29 150] [Message] [v1.0.1] userinfo.status =  1
[2018/10/21 2:01:29 151] [Message] [v1.0.1] agentinfo.id =  10000001
[2018/10/21 2:01:29 153] [Message] [v1.0.1] agentinfo.pid =  00000000
[2018/10/21 2:01:29 154] [Message] [v1.0.1] agentinfo.name =  代理商1
[2018/10/21 2:01:29 155] [Message] [v1.0.1] agentinfo.number =  1111111111111111
[2018/10/21 2:01:29 155] [Message] [v1.0.1] agentinfo.address =  代理商地址1
[2018/10/21 2:01:29 156] [Message] [v1.0.1] agentinfo.principal_name =  负责人1
[2018/10/21 2:01:29 157] [Message] [v1.0.1] agentinfo.principal_phone =  15153294092
[2018/10/21 2:01:29 158] [Message] [v1.0.1] agentinfo.contact_name =  联系人1
[2018/10/21 2:01:29 159] [Message] [v1.0.1] agentinfo.contact_phone =  111111
[2018/10/21 2:01:29 159] [Message] [v1.0.1] agentinfo.contact_email =  youxiang@youxiang.com
[2018/10/21 2:01:29 160] [Message] [v1.0.1] agentinfo.status =  1
[2018/10/21 2:01:29 161] [Message] [v1.0.1] merchantinfo.id =  1000000001
[2018/10/21 2:01:29 162] [Message] [v1.0.1] merchantinfo.agent_id =  10000001
[2018/10/21 2:01:29 163] [Message] [v1.0.1] merchantinfo.name =  测试子商户1
[2018/10/21 2:01:29 164] [Message] [v1.0.1] merchantinfo.short_name =  子商户1
[2018/10/21 2:01:29 165] [Message] [v1.0.1] merchantinfo.number =  1000000001
[2018/10/21 2:01:29 166] [Message] [v1.0.1] merchantinfo.principal_name =  
[2018/10/21 2:01:29 167] [Message] [v1.0.1] merchantinfo.principal_phone =  
[2018/10/21 2:01:29 168] [Message] [v1.0.1] merchantinfo.contact_name =  联系人1
[2018/10/21 2:01:29 169] [Message] [v1.0.1] merchantinfo.contact_phone =  15153294092
[2018/10/21 2:01:29 169] [Message] [v1.0.1] merchantinfo.contact_email =  sdsads@qq.com
[2018/10/21 2:01:29 170] [Message] [v1.0.1] merchantinfo.address =  
[2018/10/21 2:01:29 171] [Message] [v1.0.1] merchantinfo.status =  1
[2018/10/21 2:01:29 172] [Message] [v1.0.1] storeinfo.id =  1000000001
[2018/10/21 2:01:29 173] [Message] [v1.0.1] storeinfo.merchant_id =  1000000001
[2018/10/21 2:01:29 174] [Message] [v1.0.1] storeinfo.name =  测试店铺1
[2018/10/21 2:01:29 175] [Message] [v1.0.1] storeinfo.number =  0011
[2018/10/21 2:01:29 176] [Message] [v1.0.1] storeinfo.principal_name =  负责人1
[2018/10/21 2:01:29 176] [Message] [v1.0.1] storeinfo.principal_phone =  15153294092
[2018/10/21 2:01:29 177] [Message] [v1.0.1] storeinfo.address =  测试店铺地址1
[2018/10/21 2:01:29 178] [Message] [v1.0.1] storeinfo.status =  1
[2018/10/21 2:01:29 178] [Message] [v1.0.1] ===================用户信息=================== End
[2018/10/21 2:01:29 185] [Message] [v1.0.1] ===================门店列表=================== Start
[2018/10/21 2:01:29 186] [Message] [v1.0.1] GetStoreList Send =  key=43610387a16a7795c417a7833bcd37af
[2018/10/21 2:01:29 606] [Message] [v1.0.1] Result =  {"code":1,"msg":"店铺列表","data":{"list":[{"id":"1000000003","merchant_id":"1000000001","name":"门店3","number":"3333333333","principal_name":"负责人3","principal_phone":"15153294092","address":"青岛市市北区华阳路112号","time_create":"1532659891","time_update":"1532660479","status":"1"},{"id":"1000000002","merchant_id":"1000000001","name":"测试店铺2","number":"0012","principal_name":"负责人2","principal_phone":"15153294093","address":"测试店铺地址2","time_create":"0","time_update":"0","status":"1"},{"id":"1000000001","merchant_id":"1000000001","name":"测试店铺1","number":"0011","principal_name":"负责人1","principal_phone":"15153294092","address":"测试店铺地址1","time_create":"0","time_update":"0","status":"1"}]}}
[2018/10/21 2:01:29 611] [Message] [v1.0.1] list =  [
  {
    "id": "1000000003",
    "merchant_id": "1000000001",
    "name": "门店3",
    "number": "3333333333",
    "principal_name": "负责人3",
    "principal_phone": "15153294092",
    "address": "青岛市市北区华阳路112号",
    "time_create": "1532659891",
    "time_update": "1532660479",
    "status": "1"
  },
  {
    "id": "1000000002",
    "merchant_id": "1000000001",
    "name": "测试店铺2",
    "number": "0012",
    "principal_name": "负责人2",
    "principal_phone": "15153294093",
    "address": "测试店铺地址2",
    "time_create": "0",
    "time_update": "0",
    "status": "1"
  },
  {
    "id": "1000000001",
    "merchant_id": "1000000001",
    "name": "测试店铺1",
    "number": "0011",
    "principal_name": "负责人1",
    "principal_phone": "15153294092",
    "address": "测试店铺地址1",
    "time_create": "0",
    "time_update": "0",
    "status": "1"
  }
]
[2018/10/21 2:01:29 623] [Message] [v1.0.1] storelist[1].id =  1000000003
[2018/10/21 2:01:29 625] [Message] [v1.0.1] storelist[1].merchant_id =  1000000001
[2018/10/21 2:01:29 627] [Message] [v1.0.1] storelist[1].name =  门店3
[2018/10/21 2:01:29 630] [Message] [v1.0.1] storelist[1].number =  3333333333
[2018/10/21 2:01:29 632] [Message] [v1.0.1] storelist[1].principal_name =  负责人3
[2018/10/21 2:01:29 634] [Message] [v1.0.1] storelist[1].principal_phone =  15153294092
[2018/10/21 2:01:29 635] [Message] [v1.0.1] storelist[1].address =  青岛市市北区华阳路112号
[2018/10/21 2:01:29 636] [Message] [v1.0.1] storelist[1].status =  1
[2018/10/21 2:01:29 637] [Message] [v1.0.1] storelist[2].id =  1000000002
[2018/10/21 2:01:29 638] [Message] [v1.0.1] storelist[2].merchant_id =  1000000001
[2018/10/21 2:01:29 639] [Message] [v1.0.1] storelist[2].name =  测试店铺2
[2018/10/21 2:01:29 640] [Message] [v1.0.1] storelist[2].number =  0012
[2018/10/21 2:01:29 641] [Message] [v1.0.1] storelist[2].principal_name =  负责人2
[2018/10/21 2:01:29 642] [Message] [v1.0.1] storelist[2].principal_phone =  15153294093
[2018/10/21 2:01:29 643] [Message] [v1.0.1] storelist[2].address =  测试店铺地址2
[2018/10/21 2:01:29 644] [Message] [v1.0.1] storelist[2].status =  1
[2018/10/21 2:01:29 645] [Message] [v1.0.1] storelist[3].id =  1000000001
[2018/10/21 2:01:29 646] [Message] [v1.0.1] storelist[3].merchant_id =  1000000001
[2018/10/21 2:01:29 647] [Message] [v1.0.1] storelist[3].name =  测试店铺1
[2018/10/21 2:01:29 648] [Message] [v1.0.1] storelist[3].number =  0011
[2018/10/21 2:01:29 649] [Message] [v1.0.1] storelist[3].principal_name =  负责人1
[2018/10/21 2:01:29 650] [Message] [v1.0.1] storelist[3].principal_phone =  15153294092
[2018/10/21 2:01:29 651] [Message] [v1.0.1] storelist[3].address =  测试店铺地址1
[2018/10/21 2:01:29 652] [Message] [v1.0.1] storelist[3].status =  1
[2018/10/21 2:01:29 670] [Message] [v1.0.1] ===================门店列表=================== End
[2018/10/21 2:01:29 672] [Message] [v1.0.1] ===================店员列表=================== Start
[2018/10/21 2:01:29 673] [Message] [v1.0.1] GetUserList Send =  key=43610387a16a7795c417a7833bcd37af&store_id=1000000001
[2018/10/21 2:01:30 087] [Message] [v1.0.1] Result =  {"code":1,"msg":"店员列表","data":{"list":[{"id":"1000000003","username":"user_1_2","phone":"15153294092"},{"id":"1000000001","username":"user_1_1","phone":"15153294092"}]}}
[2018/10/21 2:01:30 088] [Message] [v1.0.1] list =  [
  {
    "id": "1000000003",
    "username": "user_1_2",
    "phone": "15153294092"
  },
  {
    "id": "1000000001",
    "username": "user_1_1",
    "phone": "15153294092"
  }
]
[2018/10/21 2:01:30 089] [Message] [v1.0.1] userlist[1].id =  1000000003
[2018/10/21 2:01:30 090] [Message] [v1.0.1] userlist[1].username =  user_1_2
[2018/10/21 2:01:30 091] [Message] [v1.0.1] userlist[1].phone =  15153294092
[2018/10/21 2:01:30 092] [Message] [v1.0.1] userlist[2].id =  1000000001
[2018/10/21 2:01:30 092] [Message] [v1.0.1] userlist[2].username =  user_1_1
[2018/10/21 2:01:30 093] [Message] [v1.0.1] userlist[2].phone =  15153294092
[2018/10/21 2:01:30 097] [Message] [v1.0.1] ===================店员列表=================== End
[2018/10/21 2:01:30 100] [Message] [v1.0.1] ===================设备列表=================== Start
[2018/10/21 2:01:30 101] [Message] [v1.0.1] GetDeviceList Send =  key=43610387a16a7795c417a7833bcd37af&store_id=1000000001
[2018/10/21 2:01:30 518] [Message] [v1.0.1] Result =  {"code":1,"msg":"设备列表","data":{"list":[{"id":"1000000002","name":"设备4","number":"002","type":"1"},{"id":"1000000001","name":"设备1","number":"001","type":"2"}]}}
[2018/10/21 2:01:30 521] [Message] [v1.0.1] list =  [
  {
    "id": "1000000002",
    "name": "设备4",
    "number": "002",
    "type": "1"
  },
  {
    "id": "1000000001",
    "name": "设备1",
    "number": "001",
    "type": "2"
  }
]
[2018/10/21 2:01:30 524] [Message] [v1.0.1] devicelist[1].id =  1000000002
[2018/10/21 2:01:30 527] [Message] [v1.0.1] devicelist[1].name =  设备4
[2018/10/21 2:01:30 529] [Message] [v1.0.1] devicelist[1].number =  002
[2018/10/21 2:01:30 533] [Message] [v1.0.1] devicelist[1].type =  1
[2018/10/21 2:01:30 535] [Message] [v1.0.1] devicelist[2].id =  1000000001
[2018/10/21 2:01:30 538] [Message] [v1.0.1] devicelist[2].name =  设备1
[2018/10/21 2:01:30 541] [Message] [v1.0.1] devicelist[2].number =  001
[2018/10/21 2:01:30 543] [Message] [v1.0.1] devicelist[2].type =  2
[2018/10/21 2:01:30 545] [Message] [v1.0.1] ===================设备列表=================== End
[2018/10/21 2:01:30 550] [Message] [v1.0.1] ===================交易类型列表=================== Start
[2018/10/21 2:01:30 553] [Message] [v1.0.1] Get_all_paymentList Send =  key=43610387a16a7795c417a7833bcd37af
[2018/10/21 2:01:30 977] [Message] [v1.0.1] Result =  {"code":1,"msg":"交易类型","data":{"qrcode":"扫码支付","barcode":"条码支付","weixin_public":"微信公众号支付"}}
[2018/10/21 2:01:30 980] [Message] [v1.0.1] data =  {
  "qrcode": "扫码支付",
  "barcode": "条码支付",
  "weixin_public": "微信公众号支付"
}
[2018/10/21 2:01:30 982] [Message] [v1.0.1] paymentList[0].paymentType =  扫码支付
[2018/10/21 2:01:30 985] [Message] [v1.0.1] paymentList[1].paymentType =  条码支付
[2018/10/21 2:01:30 988] [Message] [v1.0.1] ===================交易类型列表=================== End
[2018/10/21 2:01:30 993] [Message] [v1.0.1] ===================交易方式列表=================== Start
[2018/10/21 2:01:30 996] [Message] [v1.0.1] Get_all_payment_channel =  key=43610387a16a7795c417a7833bcd37af
[2018/10/21 2:01:31 418] [Message] [v1.0.1] Result =  {"code":1,"msg":"支付方式","data":{"weixin":"微信","alipay":"支付宝","unionpay":"银联","xt":"新天","xz_weixin":"现在微信","xz_alipay":"现在支付宝","sf_weixin":"上福微信","sf_alipay":"上福支付宝"}}
[2018/10/21 2:01:31 420] [Message] [v1.0.1] data =  {
  "weixin": "微信",
  "alipay": "支付宝",
  "unionpay": "银联",
  "xt": "新天",
  "xz_weixin": "现在微信",
  "xz_alipay": "现在支付宝",
  "sf_weixin": "上福微信",
  "sf_alipay": "上福支付宝"
}
[2018/10/21 2:01:31 537] [Message] [v1.0.1] ===================交易方式列表=================== End
[2018/10/21 2:01:38 763] [Message] [v1.0.1] ===================交易查询=================== Start
[2018/10/21 2:01:38 766] [Message] [v1.0.1] GetOrder_List Send =  key=43610387a16a7795c417a7833bcd37af&page=5&current=1&&merchant_id=1000000001&export=0
[2018/10/21 2:01:39 202] [Message] [v1.0.1] Result =  {"code":1,"msg":"订单列表","data":{"list":[{"id":"689","order_id":"110593277357480001001","out_order_id":"4200000185201810193538673680","out_username":null,"out_user_id":"oTTz7wTHn6FVY9X9WtCK","agent_id":"10000001","merchant_id":"1000000001","channel":"weixin","payment":"barcode","store_id":"1000000001","store_name":"测试店铺1","operator_id":"1000000001","operator_name":"user_1_1","device_id":"1000000001","device_name":"设备1","amount":"0.10","actual_amount":"0.10","refund_amount":"0.00","body":"testbody","subject":"test","time_create":"2018-10-19 15:15:57","time_update":"2018-10-21 01:47:55","status":"3","profit_status":"1","remark":"支付成功","_status":"支付成功","payment_name":"条码支付","channel_name":"微信"},{"id":"688","order_id":"160592487334460001001","out_order_id":null,"out_username":null,"out_user_id":null,"agent_id":"10000001","merchant_id":"1000000001","channel":"weixin","payment":"barcode","store_id":"1000000001","store_name":"测试店铺1","operator_id":"1000000001","operator_name":"user_1_1","device_id":"1000000001","device_name":"设备1","amount":"0.01","actual_amount":"0.01","refund_amount":"0.00","body":"testbody","subject":"test","time_create":"2018-10-10 11:48:54","time_update":"2018-10-18 20:35:45","status":"2","profit_status":"1","remark":"支付处理中:OK","_status":"处理中","payment_name":"条码支付","channel_name":"微信"},{"id":"687","order_id":"640592237779041001001","out_order_id":null,"out_username":null,"out_user_id":null,"agent_id":"10000001","merchant_id":"1000000001","channel":"unionpay","payment":"barcode","store_id":"1000000001","store_name":"测试店铺1","operator_id":"1000000001","operator_name":"user_1_1","device_id":"1000000001","device_name":"设备1","amount":"0.02","actual_amount":"0.02","refund_amount":"0.00","body":"水果蔬菜杂粮","subject":"消费","time_create":"2018-10-07 14:29:39","time_update":"2018-10-07 14:34:36","status":"2","profit_status":"1","remark":"支付处理中","_status":"处理中","payment_name":"条码支付","channel_name":"银联"},{"id":"686","order_id":"910592097297392001001","out_order_id":null,"out_username":null,"out_user_id":null,"agent_id":"10000001","merchant_id":"1000000001","channel":"weixin","payment":"barcode","store_id":"1000000001","store_name":"测试店铺1","operator_id":"1000000001","operator_name":"user_1_1","device_id":"1000000001","device_name":"设备1","amount":"0.01","actual_amount":"0.01","refund_amount":"0.00","body":"testbody","subject":"test","time_create":"2018-10-05 23:28:17","time_update":"2018-10-18 20:36:00","status":"2","profit_status":"1","remark":"支付处理中:order not existOK","_status":"处理中","payment_name":"条码支付","channel_name":"微信"},{"id":"685","order_id":"130591373237171001001","out_order_id":null,"out_username":null,"out_user_id":null,"agent_id":"10000001","merchant_id":"1000000001","channel":"unionpay","payment":"barcode","store_id":"1000000001","store_name":"测试店铺1","operator_id":"1000000001","operator_name":"user_1_1","device_id":"1000000001","device_name":"设备1","amount":"0.02","actual_amount":"0.02","refund_amount":"0.00","body":"水果蔬菜杂粮","subject":"消费","time_create":"2018-09-27 14:20:37","time_update":"2018-09-28 11:24:26","status":"2","profit_status":"1","remark":"支付处理中","_status":"处理中","payment_name":"条码支付","channel_name":"银联"}],"total":"679","sum_amount":"7832785.10","sum_actual_amount":"7830563.87","sum_refund_amount":"0.52"}}
[2018/10/21 2:01:39 205] [Message] [v1.0.1] data =  {
  "list": [
    {
      "id": "689",
      "order_id": "110593277357480001001",
      "out_order_id": "4200000185201810193538673680",
      "out_username": null,
      "out_user_id": "oTTz7wTHn6FVY9X9WtCK",
      "agent_id": "10000001",
      "merchant_id": "1000000001",
      "channel": "weixin",
      "payment": "barcode",
      "store_id": "1000000001",
      "store_name": "测试店铺1",
      "operator_id": "1000000001",
      "operator_name": "user_1_1",
      "device_id": "1000000001",
      "device_name": "设备1",
      "amount": "0.10",
      "actual_amount": "0.10",
      "refund_amount": "0.00",
      "body": "testbody",
      "subject": "test",
      "time_create": "2018-10-19 15:15:57",
      "time_update": "2018-10-21 01:47:55",
      "status": "3",
      "profit_status": "1",
      "remark": "支付成功",
      "_status": "支付成功",
      "payment_name": "条码支付",
      "channel_name": "微信"
    },
    {
      "id": "688",
      "order_id": "160592487334460001001",
      "out_order_id": null,
      "out_username": null,
      "out_user_id": null,
      "agent_id": "10000001",
      "merchant_id": "1000000001",
      "channel": "weixin",
      "payment": "barcode",
      "store_id": "1000000001",
      "store_name": "测试店铺1",
      "operator_id": "1000000001",
      "operator_name": "user_1_1",
      "device_id": "1000000001",
      "device_name": "设备1",
      "amount": "0.01",
      "actual_amount": "0.01",
      "refund_amount": "0.00",
      "body": "testbody",
      "subject": "test",
      "time_create": "2018-10-10 11:48:54",
      "time_update": "2018-10-18 20:35:45",
      "status": "2",
      "profit_status": "1",
      "remark": "支付处理中:OK",
      "_status": "处理中",
      "payment_name": "条码支付",
      "channel_name": "微信"
    },
    {
      "id": "687",
      "order_id": "640592237779041001001",
      "out_order_id": null,
      "out_username": null,
      "out_user_id": null,
      "agent_id": "10000001",
      "merchant_id": "1000000001",
      "channel": "unionpay",
      "payment": "barcode",
      "store_id": "1000000001",
      "store_name": "测试店铺1",
      "operator_id": "1000000001",
      "operator_name": "user_1_1",
      "device_id": "1000000001",
      "device_name": "设备1",
      "amount": "0.02",
      "actual_amount": "0.02",
      "refund_amount": "0.00",
      "body": "水果蔬菜杂粮",
      "subject": "消费",
      "time_create": "2018-10-07 14:29:39",
      "time_update": "2018-10-07 14:34:36",
      "status": "2",
      "profit_status": "1",
      "remark": "支付处理中",
      "_status": "处理中",
      "payment_name": "条码支付",
      "channel_name": "银联"
    },
    {
      "id": "686",
      "order_id": "910592097297392001001",
      "out_order_id": null,
      "out_username": null,
      "out_user_id": null,
      "agent_id": "10000001",
      "merchant_id": "1000000001",
      "channel": "weixin",
      "payment": "barcode",
      "store_id": "1000000001",
      "store_name": "测试店铺1",
      "operator_id": "1000000001",
      "operator_name": "user_1_1",
      "device_id": "1000000001",
      "device_name": "设备1",
      "amount": "0.01",
      "actual_amount": "0.01",
      "refund_amount": "0.00",
      "body": "testbody",
      "subject": "test",
      "time_create": "2018-10-05 23:28:17",
      "time_update": "2018-10-18 20:36:00",
      "status": "2",
      "profit_status": "1",
      "remark": "支付处理中:order not existOK",
      "_status": "处理中",
      "payment_name": "条码支付",
      "channel_name": "微信"
    },
    {
      "id": "685",
      "order_id": "130591373237171001001",
      "out_order_id": null,
      "out_username": null,
      "out_user_id": null,
      "agent_id": "10000001",
      "merchant_id": "1000000001",
      "channel": "unionpay",
      "payment": "barcode",
      "store_id": "1000000001",
      "store_name": "测试店铺1",
      "operator_id": "1000000001",
      "operator_name": "user_1_1",
      "device_id": "1000000001",
      "device_name": "设备1",
      "amount": "0.02",
      "actual_amount": "0.02",
      "refund_amount": "0.00",
      "body": "水果蔬菜杂粮",
      "subject": "消费",
      "time_create": "2018-09-27 14:20:37",
      "time_update": "2018-09-28 11:24:26",
      "status": "2",
      "profit_status": "1",
      "remark": "支付处理中",
      "_status": "处理中",
      "payment_name": "条码支付",
      "channel_name": "银联"
    }
  ],
  "total": "679",
  "sum_amount": "7832785.10",
  "sum_actual_amount": "7830563.87",
  "sum_refund_amount": "0.52"
}
[2018/10/21 2:01:39 229] [Message] [v1.0.1] ===================交易查询=================== End
[2018/10/21 21:14:52 268] [Message] [v1.0.1] ===================用户登陆=================== Start
[2018/10/21 21:14:52 268] [Message] [v1.0.1] Login Send =  username=user_1_1&password=1111111
[2018/10/21 21:14:52 549] [Message] [v1.0.1] Result =  {"code":1,"msg":"登录成功","data":{"token":"8bc96de1a7c764f86d58f1bb89e1eaff","info":{"app_type":"api","id":"1000000001","agent_id":"10000001","store_id":"1000000001","merchant_id":"1000000001","type":"2","username":"user_1_1","open_id":"","timestamp":1540127691}}}
[2018/10/21 21:14:52 658] [Message] [v1.0.1] ===================用户登陆=================== End
[2018/10/21 21:14:52 658] [Message] [v1.0.1] ===================用户信息=================== Start
[2018/10/21 21:14:52 658] [Message] [v1.0.1] GetUserInfo Send =  key=8bc96de1a7c764f86d58f1bb89e1eaff
[2018/10/21 21:14:52 767] [Message] [v1.0.1] Result =  {"code":1,"msg":"用户信息","data":{"id":"1000000001","agent_id":"10000001","merchant_id":"1000000001","store_id":"1000000001","username":"user_1_1","phone":"15153294092","open_id":"","type":"2","time_create":"1527211953","time_update":"1533293063","status":"1","agent":{"id":"10000001","pid":"00000000","name":"代理商1","number":"1111111111111111","address":"代理商地址1","principal_name":"负责人1","principal_phone":"15153294092","contact_name":"联系人1","contact_phone":"111111","contact_email":"youxiang@youxiang.com","time_create":"0","time_update":"1533178664","status":"1"},"merchant":{"id":"1000000001","agent_id":"10000001","name":"测试子商户1","short_name":"子商户1","number":"1000000001","principal_name":null,"principal_phone":null,"contact_name":"联系人1","contact_phone":"15153294092","contact_email":"sdsads@qq.com","address":null,"time_create":"0","time_update":"1533523267","status":"1"},"store":{"id":"1000000001","merchant_id":"1000000001","name":"测试店铺1","number":"0011","principal_name":"负责人1","principal_phone":"15153294092","address":"测试店铺地址1","time_create":"0","time_update":"0","status":"1"}}}
[2018/10/21 21:14:52 799] [Message] [v1.0.1] data =  {
  "id": "1000000001",
  "agent_id": "10000001",
  "merchant_id": "1000000001",
  "store_id": "1000000001",
  "username": "user_1_1",
  "phone": "15153294092",
  "open_id": "",
  "type": "2",
  "time_create": "1527211953",
  "time_update": "1533293063",
  "status": "1",
  "agent": {
    "id": "10000001",
    "pid": "00000000",
    "name": "代理商1",
    "number": "1111111111111111",
    "address": "代理商地址1",
    "principal_name": "负责人1",
    "principal_phone": "15153294092",
    "contact_name": "联系人1",
    "contact_phone": "111111",
    "contact_email": "youxiang@youxiang.com",
    "time_create": "0",
    "time_update": "1533178664",
    "status": "1"
  },
  "merchant": {
    "id": "1000000001",
    "agent_id": "10000001",
    "name": "测试子商户1",
    "short_name": "子商户1",
    "number": "1000000001",
    "principal_name": null,
    "principal_phone": null,
    "contact_name": "联系人1",
    "contact_phone": "15153294092",
    "contact_email": "sdsads@qq.com",
    "address": null,
    "time_create": "0",
    "time_update": "1533523267",
    "status": "1"
  },
  "store": {
    "id": "1000000001",
    "merchant_id": "1000000001",
    "name": "测试店铺1",
    "number": "0011",
    "principal_name": "负责人1",
    "principal_phone": "15153294092",
    "address": "测试店铺地址1",
    "time_create": "0",
    "time_update": "0",
    "status": "1"
  }
}
[2018/10/21 21:14:52 814] [Message] [v1.0.1] agent =  {
  "id": "10000001",
  "pid": "00000000",
  "name": "代理商1",
  "number": "1111111111111111",
  "address": "代理商地址1",
  "principal_name": "负责人1",
  "principal_phone": "15153294092",
  "contact_name": "联系人1",
  "contact_phone": "111111",
  "contact_email": "youxiang@youxiang.com",
  "time_create": "0",
  "time_update": "1533178664",
  "status": "1"
}
[2018/10/21 21:14:52 814] [Message] [v1.0.1] merchant =  {
  "id": "1000000001",
  "agent_id": "10000001",
  "name": "测试子商户1",
  "short_name": "子商户1",
  "number": "1000000001",
  "principal_name": null,
  "principal_phone": null,
  "contact_name": "联系人1",
  "contact_phone": "15153294092",
  "contact_email": "sdsads@qq.com",
  "address": null,
  "time_create": "0",
  "time_update": "1533523267",
  "status": "1"
}
[2018/10/21 21:14:52 814] [Message] [v1.0.1] store =  {
  "id": "1000000001",
  "merchant_id": "1000000001",
  "name": "测试店铺1",
  "number": "0011",
  "principal_name": "负责人1",
  "principal_phone": "15153294092",
  "address": "测试店铺地址1",
  "time_create": "0",
  "time_update": "0",
  "status": "1"
}
[2018/10/21 21:14:52 814] [Message] [v1.0.1] userinfo.id =  1000000001
[2018/10/21 21:14:52 814] [Message] [v1.0.1] userinfo.agent_id =  10000001
[2018/10/21 21:14:52 814] [Message] [v1.0.1] userinfo.merchant_id =  1000000001
[2018/10/21 21:14:52 814] [Message] [v1.0.1] userinfo.store_id =  1000000001
[2018/10/21 21:14:52 814] [Message] [v1.0.1] userinfo.username =  user_1_1
[2018/10/21 21:14:52 814] [Message] [v1.0.1] userinfo.phone =  15153294092
[2018/10/21 21:14:52 814] [Message] [v1.0.1] userinfo.open_id =  
[2018/10/21 21:14:52 814] [Message] [v1.0.1] userinfo.type =  2
[2018/10/21 21:14:52 814] [Message] [v1.0.1] userinfo.status =  1
[2018/10/21 21:14:52 814] [Message] [v1.0.1] agentinfo.id =  10000001
[2018/10/21 21:14:52 814] [Message] [v1.0.1] agentinfo.pid =  00000000
[2018/10/21 21:14:52 814] [Message] [v1.0.1] agentinfo.name =  代理商1
[2018/10/21 21:14:52 814] [Message] [v1.0.1] agentinfo.number =  1111111111111111
[2018/10/21 21:14:52 814] [Message] [v1.0.1] agentinfo.address =  代理商地址1
[2018/10/21 21:14:52 814] [Message] [v1.0.1] agentinfo.principal_name =  负责人1
[2018/10/21 21:14:52 814] [Message] [v1.0.1] agentinfo.principal_phone =  15153294092
[2018/10/21 21:14:52 830] [Message] [v1.0.1] agentinfo.contact_name =  联系人1
[2018/10/21 21:14:52 830] [Message] [v1.0.1] agentinfo.contact_phone =  111111
[2018/10/21 21:14:52 830] [Message] [v1.0.1] agentinfo.contact_email =  youxiang@youxiang.com
[2018/10/21 21:14:52 830] [Message] [v1.0.1] agentinfo.status =  1
[2018/10/21 21:14:52 830] [Message] [v1.0.1] merchantinfo.id =  1000000001
[2018/10/21 21:14:52 830] [Message] [v1.0.1] merchantinfo.agent_id =  10000001
[2018/10/21 21:14:52 830] [Message] [v1.0.1] merchantinfo.name =  测试子商户1
[2018/10/21 21:14:52 830] [Message] [v1.0.1] merchantinfo.short_name =  子商户1
[2018/10/21 21:14:52 830] [Message] [v1.0.1] merchantinfo.number =  1000000001
[2018/10/21 21:14:52 830] [Message] [v1.0.1] merchantinfo.principal_name =  
[2018/10/21 21:14:52 830] [Message] [v1.0.1] merchantinfo.principal_phone =  
[2018/10/21 21:14:52 830] [Message] [v1.0.1] merchantinfo.contact_name =  联系人1
[2018/10/21 21:14:52 830] [Message] [v1.0.1] merchantinfo.contact_phone =  15153294092
[2018/10/21 21:14:52 830] [Message] [v1.0.1] merchantinfo.contact_email =  sdsads@qq.com
[2018/10/21 21:14:52 830] [Message] [v1.0.1] merchantinfo.address =  
[2018/10/21 21:14:52 830] [Message] [v1.0.1] merchantinfo.status =  1
[2018/10/21 21:14:52 830] [Message] [v1.0.1] storeinfo.id =  1000000001
[2018/10/21 21:14:52 830] [Message] [v1.0.1] storeinfo.merchant_id =  1000000001
[2018/10/21 21:14:52 830] [Message] [v1.0.1] storeinfo.name =  测试店铺1
[2018/10/21 21:14:52 830] [Message] [v1.0.1] storeinfo.number =  0011
[2018/10/21 21:14:52 845] [Message] [v1.0.1] storeinfo.principal_name =  负责人1
[2018/10/21 21:14:52 845] [Message] [v1.0.1] storeinfo.principal_phone =  15153294092
[2018/10/21 21:14:52 845] [Message] [v1.0.1] storeinfo.address =  测试店铺地址1
[2018/10/21 21:14:52 845] [Message] [v1.0.1] storeinfo.status =  1
[2018/10/21 21:14:52 845] [Message] [v1.0.1] ===================用户信息=================== End
[2018/10/21 21:14:52 845] [Message] [v1.0.1] ===================门店列表=================== Start
[2018/10/21 21:14:52 845] [Message] [v1.0.1] GetStoreList Send =  key=8bc96de1a7c764f86d58f1bb89e1eaff
[2018/10/21 21:14:52 955] [Message] [v1.0.1] Result =  {"code":1,"msg":"店铺列表","data":{"list":[{"id":"1000000003","merchant_id":"1000000001","name":"门店3","number":"3333333333","principal_name":"负责人3","principal_phone":"15153294092","address":"青岛市市北区华阳路112号","time_create":"1532659891","time_update":"1532660479","status":"1"},{"id":"1000000002","merchant_id":"1000000001","name":"测试店铺2","number":"0012","principal_name":"负责人2","principal_phone":"15153294093","address":"测试店铺地址2","time_create":"0","time_update":"0","status":"1"},{"id":"1000000001","merchant_id":"1000000001","name":"测试店铺1","number":"0011","principal_name":"负责人1","principal_phone":"15153294092","address":"测试店铺地址1","time_create":"0","time_update":"0","status":"1"}]}}
[2018/10/21 21:14:52 955] [Message] [v1.0.1] list =  [
  {
    "id": "1000000003",
    "merchant_id": "1000000001",
    "name": "门店3",
    "number": "3333333333",
    "principal_name": "负责人3",
    "principal_phone": "15153294092",
    "address": "青岛市市北区华阳路112号",
    "time_create": "1532659891",
    "time_update": "1532660479",
    "status": "1"
  },
  {
    "id": "1000000002",
    "merchant_id": "1000000001",
    "name": "测试店铺2",
    "number": "0012",
    "principal_name": "负责人2",
    "principal_phone": "15153294093",
    "address": "测试店铺地址2",
    "time_create": "0",
    "time_update": "0",
    "status": "1"
  },
  {
    "id": "1000000001",
    "merchant_id": "1000000001",
    "name": "测试店铺1",
    "number": "0011",
    "principal_name": "负责人1",
    "principal_phone": "15153294092",
    "address": "测试店铺地址1",
    "time_create": "0",
    "time_update": "0",
    "status": "1"
  }
]
[2018/10/21 21:14:52 970] [Message] [v1.0.1] storelist[1].id =  1000000003
[2018/10/21 21:14:52 970] [Message] [v1.0.1] storelist[1].merchant_id =  1000000001
[2018/10/21 21:14:52 970] [Message] [v1.0.1] storelist[1].name =  门店3
[2018/10/21 21:14:52 986] [Message] [v1.0.1] storelist[1].number =  3333333333
[2018/10/21 21:14:52 986] [Message] [v1.0.1] storelist[1].principal_name =  负责人3
[2018/10/21 21:14:52 986] [Message] [v1.0.1] storelist[1].principal_phone =  15153294092
[2018/10/21 21:14:52 986] [Message] [v1.0.1] storelist[1].address =  青岛市市北区华阳路112号
[2018/10/21 21:14:52 986] [Message] [v1.0.1] storelist[1].status =  1
[2018/10/21 21:14:52 986] [Message] [v1.0.1] storelist[2].id =  1000000002
[2018/10/21 21:14:52 986] [Message] [v1.0.1] storelist[2].merchant_id =  1000000001
[2018/10/21 21:14:53 001] [Message] [v1.0.1] storelist[2].name =  测试店铺2
[2018/10/21 21:14:53 001] [Message] [v1.0.1] storelist[2].number =  0012
[2018/10/21 21:14:53 001] [Message] [v1.0.1] storelist[2].principal_name =  负责人2
[2018/10/21 21:14:53 001] [Message] [v1.0.1] storelist[2].principal_phone =  15153294093
[2018/10/21 21:14:53 001] [Message] [v1.0.1] storelist[2].address =  测试店铺地址2
[2018/10/21 21:14:53 001] [Message] [v1.0.1] storelist[2].status =  1
[2018/10/21 21:14:53 001] [Message] [v1.0.1] storelist[3].id =  1000000001
[2018/10/21 21:14:53 001] [Message] [v1.0.1] storelist[3].merchant_id =  1000000001
[2018/10/21 21:14:53 017] [Message] [v1.0.1] storelist[3].name =  测试店铺1
[2018/10/21 21:14:53 017] [Message] [v1.0.1] storelist[3].number =  0011
[2018/10/21 21:14:53 017] [Message] [v1.0.1] storelist[3].principal_name =  负责人1
[2018/10/21 21:14:53 017] [Message] [v1.0.1] storelist[3].principal_phone =  15153294092
[2018/10/21 21:14:53 017] [Message] [v1.0.1] storelist[3].address =  测试店铺地址1
[2018/10/21 21:14:53 017] [Message] [v1.0.1] storelist[3].status =  1
[2018/10/21 21:14:53 033] [Message] [v1.0.1] ===================门店列表=================== End
[2018/10/21 21:14:53 033] [Message] [v1.0.1] ===================店员列表=================== Start
[2018/10/21 21:14:53 033] [Message] [v1.0.1] GetUserList Send =  key=8bc96de1a7c764f86d58f1bb89e1eaff&store_id=1000000001
[2018/10/21 21:14:53 143] [Message] [v1.0.1] Result =  {"code":1,"msg":"店员列表","data":{"list":[{"id":"1000000003","username":"user_1_2","phone":"15153294092"},{"id":"1000000001","username":"user_1_1","phone":"15153294092"}]}}
[2018/10/21 21:14:53 143] [Message] [v1.0.1] list =  [
  {
    "id": "1000000003",
    "username": "user_1_2",
    "phone": "15153294092"
  },
  {
    "id": "1000000001",
    "username": "user_1_1",
    "phone": "15153294092"
  }
]
[2018/10/21 21:14:53 158] [Message] [v1.0.1] userlist[1].id =  1000000003
[2018/10/21 21:14:53 158] [Message] [v1.0.1] userlist[1].username =  user_1_2
[2018/10/21 21:14:53 158] [Message] [v1.0.1] userlist[1].phone =  15153294092
[2018/10/21 21:14:53 158] [Message] [v1.0.1] userlist[2].id =  1000000001
[2018/10/21 21:14:53 158] [Message] [v1.0.1] userlist[2].username =  user_1_1
[2018/10/21 21:14:53 158] [Message] [v1.0.1] userlist[2].phone =  15153294092
[2018/10/21 21:14:53 158] [Message] [v1.0.1] ===================店员列表=================== End
[2018/10/21 21:14:53 174] [Message] [v1.0.1] ===================设备列表=================== Start
[2018/10/21 21:14:53 174] [Message] [v1.0.1] GetDeviceList Send =  key=8bc96de1a7c764f86d58f1bb89e1eaff&store_id=1000000001
[2018/10/21 21:14:53 283] [Message] [v1.0.1] Result =  {"code":1,"msg":"设备列表","data":{"list":[{"id":"1000000002","name":"设备4","number":"002","type":"1"},{"id":"1000000001","name":"设备1","number":"001","type":"2"}]}}
[2018/10/21 21:14:53 283] [Message] [v1.0.1] list =  [
  {
    "id": "1000000002",
    "name": "设备4",
    "number": "002",
    "type": "1"
  },
  {
    "id": "1000000001",
    "name": "设备1",
    "number": "001",
    "type": "2"
  }
]
[2018/10/21 21:14:53 283] [Message] [v1.0.1] devicelist[1].id =  1000000002
[2018/10/21 21:14:53 299] [Message] [v1.0.1] devicelist[1].name =  设备4
[2018/10/21 21:14:53 299] [Message] [v1.0.1] devicelist[1].number =  002
[2018/10/21 21:14:53 299] [Message] [v1.0.1] devicelist[1].type =  1
[2018/10/21 21:14:53 299] [Message] [v1.0.1] devicelist[2].id =  1000000001
[2018/10/21 21:14:53 299] [Message] [v1.0.1] devicelist[2].name =  设备1
[2018/10/21 21:14:53 299] [Message] [v1.0.1] devicelist[2].number =  001
[2018/10/21 21:14:53 299] [Message] [v1.0.1] devicelist[2].type =  2
[2018/10/21 21:14:53 314] [Message] [v1.0.1] ===================设备列表=================== End
[2018/10/21 21:14:53 314] [Message] [v1.0.1] ===================交易类型列表=================== Start
[2018/10/21 21:14:53 314] [Message] [v1.0.1] Get_all_paymentList Send =  key=8bc96de1a7c764f86d58f1bb89e1eaff
[2018/10/21 21:14:53 424] [Message] [v1.0.1] Result =  {"code":1,"msg":"交易类型","data":{"qrcode":"扫码支付","barcode":"条码支付","weixin_public":"微信公众号支付"}}
[2018/10/21 21:14:53 424] [Message] [v1.0.1] data =  {
  "qrcode": "扫码支付",
  "barcode": "条码支付",
  "weixin_public": "微信公众号支付"
}
[2018/10/21 21:14:53 424] [Message] [v1.0.1] paymentList[0].paymentType =  扫码支付
[2018/10/21 21:14:53 424] [Message] [v1.0.1] paymentList[1].paymentType =  条码支付
[2018/10/21 21:14:53 424] [Message] [v1.0.1] ===================交易类型列表=================== End
[2018/10/21 21:14:53 424] [Message] [v1.0.1] ===================交易方式列表=================== Start
[2018/10/21 21:14:53 439] [Message] [v1.0.1] Get_all_payment_channel =  key=8bc96de1a7c764f86d58f1bb89e1eaff
[2018/10/21 21:14:53 548] [Message] [v1.0.1] Result =  {"code":1,"msg":"支付方式","data":{"weixin":"微信","alipay":"支付宝","unionpay":"银联","xt":"新天","xz_weixin":"现在微信","xz_alipay":"现在支付宝","sf_weixin":"上福微信","sf_alipay":"上福支付宝"}}
[2018/10/21 21:14:53 548] [Message] [v1.0.1] data =  {
  "weixin": "微信",
  "alipay": "支付宝",
  "unionpay": "银联",
  "xt": "新天",
  "xz_weixin": "现在微信",
  "xz_alipay": "现在支付宝",
  "sf_weixin": "上福微信",
  "sf_alipay": "上福支付宝"
}
[2018/10/21 21:14:53 658] [Message] [v1.0.1] ===================交易方式列表=================== End
[2018/10/21 21:59:49 118] [Message] [v1.0.1] ===================用户登陆=================== Start
[2018/10/21 21:59:49 167] [Message] [v1.0.1] Login Send =  username=user_1_1&password=1111111
[2018/10/21 21:59:49 408] [Message] [v1.0.1] Result =  {"code":1,"msg":"登录成功","data":{"token":"ac71e31927f2e4777a8f4256a1dbb61f","info":{"app_type":"api","id":"1000000001","agent_id":"10000001","store_id":"1000000001","merchant_id":"1000000001","type":"2","username":"user_1_1","open_id":"","timestamp":1540130388}}}
[2018/10/21 21:59:49 516] [Message] [v1.0.1] ===================用户登陆=================== End
[2018/10/21 21:59:49 520] [Message] [v1.0.1] ===================用户信息=================== Start
[2018/10/21 21:59:49 521] [Message] [v1.0.1] GetUserInfo Send =  key=ac71e31927f2e4777a8f4256a1dbb61f
[2018/10/21 21:59:49 619] [Message] [v1.0.1] Result =  {"code":1,"msg":"用户信息","data":{"id":"1000000001","agent_id":"10000001","merchant_id":"1000000001","store_id":"1000000001","username":"user_1_1","phone":"15153294092","open_id":"","type":"2","time_create":"1527211953","time_update":"1533293063","status":"1","agent":{"id":"10000001","pid":"00000000","name":"代理商1","number":"1111111111111111","address":"代理商地址1","principal_name":"负责人1","principal_phone":"15153294092","contact_name":"联系人1","contact_phone":"111111","contact_email":"youxiang@youxiang.com","time_create":"0","time_update":"1533178664","status":"1"},"merchant":{"id":"1000000001","agent_id":"10000001","name":"测试子商户1","short_name":"子商户1","number":"1000000001","principal_name":null,"principal_phone":null,"contact_name":"联系人1","contact_phone":"15153294092","contact_email":"sdsads@qq.com","address":null,"time_create":"0","time_update":"1533523267","status":"1"},"store":{"id":"1000000001","merchant_id":"1000000001","name":"测试店铺1","number":"0011","principal_name":"负责人1","principal_phone":"15153294092","address":"测试店铺地址1","time_create":"0","time_update":"0","status":"1"}}}
[2018/10/21 21:59:49 652] [Message] [v1.0.1] data =  {
  "id": "1000000001",
  "agent_id": "10000001",
  "merchant_id": "1000000001",
  "store_id": "1000000001",
  "username": "user_1_1",
  "phone": "15153294092",
  "open_id": "",
  "type": "2",
  "time_create": "1527211953",
  "time_update": "1533293063",
  "status": "1",
  "agent": {
    "id": "10000001",
    "pid": "00000000",
    "name": "代理商1",
    "number": "1111111111111111",
    "address": "代理商地址1",
    "principal_name": "负责人1",
    "principal_phone": "15153294092",
    "contact_name": "联系人1",
    "contact_phone": "111111",
    "contact_email": "youxiang@youxiang.com",
    "time_create": "0",
    "time_update": "1533178664",
    "status": "1"
  },
  "merchant": {
    "id": "1000000001",
    "agent_id": "10000001",
    "name": "测试子商户1",
    "short_name": "子商户1",
    "number": "1000000001",
    "principal_name": null,
    "principal_phone": null,
    "contact_name": "联系人1",
    "contact_phone": "15153294092",
    "contact_email": "sdsads@qq.com",
    "address": null,
    "time_create": "0",
    "time_update": "1533523267",
    "status": "1"
  },
  "store": {
    "id": "1000000001",
    "merchant_id": "1000000001",
    "name": "测试店铺1",
    "number": "0011",
    "principal_name": "负责人1",
    "principal_phone": "15153294092",
    "address": "测试店铺地址1",
    "time_create": "0",
    "time_update": "0",
    "status": "1"
  }
}
[2018/10/21 21:59:49 653] [Message] [v1.0.1] agent =  {
  "id": "10000001",
  "pid": "00000000",
  "name": "代理商1",
  "number": "1111111111111111",
  "address": "代理商地址1",
  "principal_name": "负责人1",
  "principal_phone": "15153294092",
  "contact_name": "联系人1",
  "contact_phone": "111111",
  "contact_email": "youxiang@youxiang.com",
  "time_create": "0",
  "time_update": "1533178664",
  "status": "1"
}
[2018/10/21 21:59:49 654] [Message] [v1.0.1] merchant =  {
  "id": "1000000001",
  "agent_id": "10000001",
  "name": "测试子商户1",
  "short_name": "子商户1",
  "number": "1000000001",
  "principal_name": null,
  "principal_phone": null,
  "contact_name": "联系人1",
  "contact_phone": "15153294092",
  "contact_email": "sdsads@qq.com",
  "address": null,
  "time_create": "0",
  "time_update": "1533523267",
  "status": "1"
}
[2018/10/21 21:59:49 655] [Message] [v1.0.1] store =  {
  "id": "1000000001",
  "merchant_id": "1000000001",
  "name": "测试店铺1",
  "number": "0011",
  "principal_name": "负责人1",
  "principal_phone": "15153294092",
  "address": "测试店铺地址1",
  "time_create": "0",
  "time_update": "0",
  "status": "1"
}
[2018/10/21 21:59:49 656] [Message] [v1.0.1] userinfo.id =  1000000001
[2018/10/21 21:59:49 657] [Message] [v1.0.1] userinfo.agent_id =  10000001
[2018/10/21 21:59:49 657] [Message] [v1.0.1] userinfo.merchant_id =  1000000001
[2018/10/21 21:59:49 658] [Message] [v1.0.1] userinfo.store_id =  1000000001
[2018/10/21 21:59:49 659] [Message] [v1.0.1] userinfo.username =  user_1_1
[2018/10/21 21:59:49 660] [Message] [v1.0.1] userinfo.phone =  15153294092
[2018/10/21 21:59:49 661] [Message] [v1.0.1] userinfo.open_id =  
[2018/10/21 21:59:49 661] [Message] [v1.0.1] userinfo.type =  2
[2018/10/21 21:59:49 662] [Message] [v1.0.1] userinfo.status =  1
[2018/10/21 21:59:49 663] [Message] [v1.0.1] agentinfo.id =  10000001
[2018/10/21 21:59:49 664] [Message] [v1.0.1] agentinfo.pid =  00000000
[2018/10/21 21:59:49 665] [Message] [v1.0.1] agentinfo.name =  代理商1
[2018/10/21 21:59:49 665] [Message] [v1.0.1] agentinfo.number =  1111111111111111
[2018/10/21 21:59:49 666] [Message] [v1.0.1] agentinfo.address =  代理商地址1
[2018/10/21 21:59:49 667] [Message] [v1.0.1] agentinfo.principal_name =  负责人1
[2018/10/21 21:59:49 668] [Message] [v1.0.1] agentinfo.principal_phone =  15153294092
[2018/10/21 21:59:49 669] [Message] [v1.0.1] agentinfo.contact_name =  联系人1
[2018/10/21 21:59:49 669] [Message] [v1.0.1] agentinfo.contact_phone =  111111
[2018/10/21 21:59:49 670] [Message] [v1.0.1] agentinfo.contact_email =  youxiang@youxiang.com
[2018/10/21 21:59:49 671] [Message] [v1.0.1] agentinfo.status =  1
[2018/10/21 21:59:49 672] [Message] [v1.0.1] merchantinfo.id =  1000000001
[2018/10/21 21:59:49 673] [Message] [v1.0.1] merchantinfo.agent_id =  10000001
[2018/10/21 21:59:49 673] [Message] [v1.0.1] merchantinfo.name =  测试子商户1
[2018/10/21 21:59:49 674] [Message] [v1.0.1] merchantinfo.short_name =  子商户1
[2018/10/21 21:59:49 675] [Message] [v1.0.1] merchantinfo.number =  1000000001
[2018/10/21 21:59:49 676] [Message] [v1.0.1] merchantinfo.principal_name =  
[2018/10/21 21:59:49 676] [Message] [v1.0.1] merchantinfo.principal_phone =  
[2018/10/21 21:59:49 677] [Message] [v1.0.1] merchantinfo.contact_name =  联系人1
[2018/10/21 21:59:49 678] [Message] [v1.0.1] merchantinfo.contact_phone =  15153294092
[2018/10/21 21:59:49 679] [Message] [v1.0.1] merchantinfo.contact_email =  sdsads@qq.com
[2018/10/21 21:59:49 680] [Message] [v1.0.1] merchantinfo.address =  
[2018/10/21 21:59:49 681] [Message] [v1.0.1] merchantinfo.status =  1
[2018/10/21 21:59:49 681] [Message] [v1.0.1] storeinfo.id =  1000000001
[2018/10/21 21:59:49 682] [Message] [v1.0.1] storeinfo.merchant_id =  1000000001
[2018/10/21 21:59:49 683] [Message] [v1.0.1] storeinfo.name =  测试店铺1
[2018/10/21 21:59:49 683] [Message] [v1.0.1] storeinfo.number =  0011
[2018/10/21 21:59:49 684] [Message] [v1.0.1] storeinfo.principal_name =  负责人1
[2018/10/21 21:59:49 684] [Message] [v1.0.1] storeinfo.principal_phone =  15153294092
[2018/10/21 21:59:49 685] [Message] [v1.0.1] storeinfo.address =  测试店铺地址1
[2018/10/21 21:59:49 686] [Message] [v1.0.1] storeinfo.status =  1
[2018/10/21 21:59:49 686] [Message] [v1.0.1] ===================用户信息=================== End
[2018/10/21 21:59:49 696] [Message] [v1.0.1] ===================门店列表=================== Start
[2018/10/21 21:59:49 697] [Message] [v1.0.1] GetStoreList Send =  key=ac71e31927f2e4777a8f4256a1dbb61f
[2018/10/21 21:59:49 791] [Message] [v1.0.1] Result =  {"code":1,"msg":"店铺列表","data":{"list":[{"id":"1000000003","merchant_id":"1000000001","name":"门店3","number":"3333333333","principal_name":"负责人3","principal_phone":"15153294092","address":"青岛市市北区华阳路112号","time_create":"1532659891","time_update":"1532660479","status":"1"},{"id":"1000000002","merchant_id":"1000000001","name":"测试店铺2","number":"0012","principal_name":"负责人2","principal_phone":"15153294093","address":"测试店铺地址2","time_create":"0","time_update":"0","status":"1"},{"id":"1000000001","merchant_id":"1000000001","name":"测试店铺1","number":"0011","principal_name":"负责人1","principal_phone":"15153294092","address":"测试店铺地址1","time_create":"0","time_update":"0","status":"1"}]}}
[2018/10/21 21:59:49 795] [Message] [v1.0.1] list =  [
  {
    "id": "1000000003",
    "merchant_id": "1000000001",
    "name": "门店3",
    "number": "3333333333",
    "principal_name": "负责人3",
    "principal_phone": "15153294092",
    "address": "青岛市市北区华阳路112号",
    "time_create": "1532659891",
    "time_update": "1532660479",
    "status": "1"
  },
  {
    "id": "1000000002",
    "merchant_id": "1000000001",
    "name": "测试店铺2",
    "number": "0012",
    "principal_name": "负责人2",
    "principal_phone": "15153294093",
    "address": "测试店铺地址2",
    "time_create": "0",
    "time_update": "0",
    "status": "1"
  },
  {
    "id": "1000000001",
    "merchant_id": "1000000001",
    "name": "测试店铺1",
    "number": "0011",
    "principal_name": "负责人1",
    "principal_phone": "15153294092",
    "address": "测试店铺地址1",
    "time_create": "0",
    "time_update": "0",
    "status": "1"
  }
]
[2018/10/21 21:59:49 805] [Message] [v1.0.1] storelist[1].id =  1000000003
[2018/10/21 21:59:49 807] [Message] [v1.0.1] storelist[1].merchant_id =  1000000001
[2018/10/21 21:59:49 810] [Message] [v1.0.1] storelist[1].name =  门店3
[2018/10/21 21:59:49 812] [Message] [v1.0.1] storelist[1].number =  3333333333
[2018/10/21 21:59:49 814] [Message] [v1.0.1] storelist[1].principal_name =  负责人3
[2018/10/21 21:59:49 817] [Message] [v1.0.1] storelist[1].principal_phone =  15153294092
[2018/10/21 21:59:49 819] [Message] [v1.0.1] storelist[1].address =  青岛市市北区华阳路112号
[2018/10/21 21:59:49 821] [Message] [v1.0.1] storelist[1].status =  1
[2018/10/21 21:59:49 823] [Message] [v1.0.1] storelist[2].id =  1000000002
[2018/10/21 21:59:49 826] [Message] [v1.0.1] storelist[2].merchant_id =  1000000001
[2018/10/21 21:59:49 828] [Message] [v1.0.1] storelist[2].name =  测试店铺2
[2018/10/21 21:59:49 830] [Message] [v1.0.1] storelist[2].number =  0012
[2018/10/21 21:59:49 832] [Message] [v1.0.1] storelist[2].principal_name =  负责人2
[2018/10/21 21:59:49 835] [Message] [v1.0.1] storelist[2].principal_phone =  15153294093
[2018/10/21 21:59:49 837] [Message] [v1.0.1] storelist[2].address =  测试店铺地址2
[2018/10/21 21:59:49 839] [Message] [v1.0.1] storelist[2].status =  1
[2018/10/21 21:59:49 841] [Message] [v1.0.1] storelist[3].id =  1000000001
[2018/10/21 21:59:49 843] [Message] [v1.0.1] storelist[3].merchant_id =  1000000001
[2018/10/21 21:59:49 845] [Message] [v1.0.1] storelist[3].name =  测试店铺1
[2018/10/21 21:59:49 847] [Message] [v1.0.1] storelist[3].number =  0011
[2018/10/21 21:59:49 849] [Message] [v1.0.1] storelist[3].principal_name =  负责人1
[2018/10/21 21:59:49 851] [Message] [v1.0.1] storelist[3].principal_phone =  15153294092
[2018/10/21 21:59:49 853] [Message] [v1.0.1] storelist[3].address =  测试店铺地址1
[2018/10/21 21:59:49 856] [Message] [v1.0.1] storelist[3].status =  1
[2018/10/21 21:59:49 882] [Message] [v1.0.1] ===================门店列表=================== End
[2018/10/21 21:59:49 885] [Message] [v1.0.1] ===================店员列表=================== Start
[2018/10/21 21:59:49 885] [Message] [v1.0.1] GetUserList Send =  key=ac71e31927f2e4777a8f4256a1dbb61f&store_id=1000000001
[2018/10/21 21:59:49 978] [Message] [v1.0.1] Result =  {"code":1,"msg":"店员列表","data":{"list":[{"id":"1000000003","username":"user_1_2","phone":"15153294092"},{"id":"1000000001","username":"user_1_1","phone":"15153294092"}]}}
[2018/10/21 21:59:49 980] [Message] [v1.0.1] list =  [
  {
    "id": "1000000003",
    "username": "user_1_2",
    "phone": "15153294092"
  },
  {
    "id": "1000000001",
    "username": "user_1_1",
    "phone": "15153294092"
  }
]
[2018/10/21 21:59:49 983] [Message] [v1.0.1] userlist[1].id =  1000000003
[2018/10/21 21:59:49 985] [Message] [v1.0.1] userlist[1].username =  user_1_2
[2018/10/21 21:59:49 987] [Message] [v1.0.1] userlist[1].phone =  15153294092
[2018/10/21 21:59:49 989] [Message] [v1.0.1] userlist[2].id =  1000000001
[2018/10/21 21:59:49 991] [Message] [v1.0.1] userlist[2].username =  user_1_1
[2018/10/21 21:59:49 993] [Message] [v1.0.1] userlist[2].phone =  15153294092
[2018/10/21 21:59:49 995] [Message] [v1.0.1] ===================店员列表=================== End
[2018/10/21 21:59:50 002] [Message] [v1.0.1] ===================设备列表=================== Start
[2018/10/21 21:59:50 004] [Message] [v1.0.1] GetDeviceList Send =  key=ac71e31927f2e4777a8f4256a1dbb61f&store_id=1000000001
[2018/10/21 21:59:50 100] [Message] [v1.0.1] Result =  {"code":1,"msg":"设备列表","data":{"list":[{"id":"1000000002","name":"设备4","number":"002","type":"1"},{"id":"1000000001","name":"设备1","number":"001","type":"2"}]}}
[2018/10/21 21:59:50 103] [Message] [v1.0.1] list =  [
  {
    "id": "1000000002",
    "name": "设备4",
    "number": "002",
    "type": "1"
  },
  {
    "id": "1000000001",
    "name": "设备1",
    "number": "001",
    "type": "2"
  }
]
[2018/10/21 21:59:50 105] [Message] [v1.0.1] devicelist[1].id =  1000000002
[2018/10/21 21:59:50 107] [Message] [v1.0.1] devicelist[1].name =  设备4
[2018/10/21 21:59:50 110] [Message] [v1.0.1] devicelist[1].number =  002
[2018/10/21 21:59:50 112] [Message] [v1.0.1] devicelist[1].type =  1
[2018/10/21 21:59:50 114] [Message] [v1.0.1] devicelist[2].id =  1000000001
[2018/10/21 21:59:50 116] [Message] [v1.0.1] devicelist[2].name =  设备1
[2018/10/21 21:59:50 118] [Message] [v1.0.1] devicelist[2].number =  001
[2018/10/21 21:59:50 120] [Message] [v1.0.1] devicelist[2].type =  2
[2018/10/21 21:59:50 122] [Message] [v1.0.1] ===================设备列表=================== End
[2018/10/21 21:59:50 126] [Message] [v1.0.1] ===================交易类型列表=================== Start
[2018/10/21 21:59:50 128] [Message] [v1.0.1] Get_all_paymentList Send =  key=ac71e31927f2e4777a8f4256a1dbb61f
[2018/10/21 21:59:50 223] [Message] [v1.0.1] Result =  {"code":1,"msg":"交易类型","data":{"qrcode":"扫码支付","barcode":"条码支付","weixin_public":"微信公众号支付"}}
[2018/10/21 21:59:50 225] [Message] [v1.0.1] data =  {
  "qrcode": "扫码支付",
  "barcode": "条码支付",
  "weixin_public": "微信公众号支付"
}
[2018/10/21 21:59:50 228] [Message] [v1.0.1] paymentList[0].paymentType =  扫码支付
[2018/10/21 21:59:50 230] [Message] [v1.0.1] paymentList[1].paymentType =  条码支付
[2018/10/21 21:59:50 232] [Message] [v1.0.1] ===================交易类型列表=================== End
[2018/10/21 21:59:50 237] [Message] [v1.0.1] ===================交易方式列表=================== Start
[2018/10/21 21:59:50 239] [Message] [v1.0.1] Get_all_payment_channel =  key=ac71e31927f2e4777a8f4256a1dbb61f
[2018/10/21 21:59:50 333] [Message] [v1.0.1] Result =  {"code":1,"msg":"支付方式","data":{"weixin":"微信","alipay":"支付宝","unionpay":"银联","xt":"新天","xz_weixin":"现在微信","xz_alipay":"现在支付宝","sf_weixin":"上福微信","sf_alipay":"上福支付宝"}}
[2018/10/21 21:59:50 335] [Message] [v1.0.1] data =  {
  "weixin": "微信",
  "alipay": "支付宝",
  "unionpay": "银联",
  "xt": "新天",
  "xz_weixin": "现在微信",
  "xz_alipay": "现在支付宝",
  "sf_weixin": "上福微信",
  "sf_alipay": "上福支付宝"
}
[2018/10/21 21:59:50 506] [Message] [v1.0.1] ===================交易方式列表=================== End
