[2018/10/18 21:45:26 076] [Message] [v1.0.2] ===================用户登陆=================== Start
[2018/10/18 21:45:26 078] [Message] [v1.0.2] Login Send =  username=user_1_1&password=1111111
[2018/10/18 21:45:26 258] [Message] [v1.0.2] Result =  {"code":1,"msg":"登录成功","data":{"token":"347a487640199707fd03402508afd115","info":{"app_type":"api","id":"1000000001","agent_id":"10000001","store_id":"1000000001","merchant_id":"1000000001","type":"2","username":"user_1_1","open_id":"","timestamp":1539870328}}}
[2018/10/18 21:45:26 361] [Message] [v1.0.2] ===================用户登陆=================== End
[2018/10/18 21:45:26 365] [Message] [v1.0.2] ===================用户信息=================== Start
[2018/10/18 21:45:26 365] [Message] [v1.0.2] GetUserInfo Send =  key=347a487640199707fd03402508afd115
[2018/10/18 21:45:26 471] [Message] [v1.0.2] Result =  {"code":1,"msg":"用户信息","data":{"id":"1000000001","agent_id":"10000001","merchant_id":"1000000001","store_id":"1000000001","username":"user_1_1","phone":"15153294092","open_id":"","type":"2","time_create":"1527211953","time_update":"1533293063","status":"1","agent":{"id":"10000001","pid":"00000000","name":"代理商1","number":"1111111111111111","address":"代理商地址1","principal_name":"负责人1","principal_phone":"15153294092","contact_name":"联系人1","contact_phone":"111111","contact_email":"youxiang@youxiang.com","time_create":"0","time_update":"1533178664","status":"1"},"merchant":{"id":"1000000001","agent_id":"10000001","name":"测试子商户1","short_name":"子商户1","number":"1000000001","principal_name":null,"principal_phone":null,"contact_name":"联系人1","contact_phone":"15153294092","contact_email":"sdsads@qq.com","address":null,"time_create":"0","time_update":"1533523267","status":"1"},"store":{"id":"1000000001","merchant_id":"1000000001","name":"测试店铺1","number":"0011","principal_name":"负责人1","principal_phone":"15153294092","address":"测试店铺地址1","time_create":"0","time_update":"0","status":"1"}}}
[2018/10/18 21:45:26 504] [Message] [v1.0.2] data =  {
  "id": "1000000001",
  "agent_id": "10000001",
  "merchant_id": "1000000001",
  "store_id": "1000000001",
  "username": "user_1_1",
  "phone": "15153294092",
  "open_id": "",
  "type": "2",
  "time_create": "1527211953",
  "time_update": "1533293063",
  "status": "1",
  "agent": {
    "id": "10000001",
    "pid": "00000000",
    "name": "代理商1",
    "number": "1111111111111111",
    "address": "代理商地址1",
    "principal_name": "负责人1",
    "principal_phone": "15153294092",
    "contact_name": "联系人1",
    "contact_phone": "111111",
    "contact_email": "youxiang@youxiang.com",
    "time_create": "0",
    "time_update": "1533178664",
    "status": "1"
  },
  "merchant": {
    "id": "1000000001",
    "agent_id": "10000001",
    "name": "测试子商户1",
    "short_name": "子商户1",
    "number": "1000000001",
    "principal_name": null,
    "principal_phone": null,
    "contact_name": "联系人1",
    "contact_phone": "15153294092",
    "contact_email": "sdsads@qq.com",
    "address": null,
    "time_create": "0",
    "time_update": "1533523267",
    "status": "1"
  },
  "store": {
    "id": "1000000001",
    "merchant_id": "1000000001",
    "name": "测试店铺1",
    "number": "0011",
    "principal_name": "负责人1",
    "principal_phone": "15153294092",
    "address": "测试店铺地址1",
    "time_create": "0",
    "time_update": "0",
    "status": "1"
  }
}
[2018/10/18 21:45:26 505] [Message] [v1.0.2] agent =  {
  "id": "10000001",
  "pid": "00000000",
  "name": "代理商1",
  "number": "1111111111111111",
  "address": "代理商地址1",
  "principal_name": "负责人1",
  "principal_phone": "15153294092",
  "contact_name": "联系人1",
  "contact_phone": "111111",
  "contact_email": "youxiang@youxiang.com",
  "time_create": "0",
  "time_update": "1533178664",
  "status": "1"
}
[2018/10/18 21:45:26 506] [Message] [v1.0.2] merchant =  {
  "id": "1000000001",
  "agent_id": "10000001",
  "name": "测试子商户1",
  "short_name": "子商户1",
  "number": "1000000001",
  "principal_name": null,
  "principal_phone": null,
  "contact_name": "联系人1",
  "contact_phone": "15153294092",
  "contact_email": "sdsads@qq.com",
  "address": null,
  "time_create": "0",
  "time_update": "1533523267",
  "status": "1"
}
[2018/10/18 21:45:26 507] [Message] [v1.0.2] store =  {
  "id": "1000000001",
  "merchant_id": "1000000001",
  "name": "测试店铺1",
  "number": "0011",
  "principal_name": "负责人1",
  "principal_phone": "15153294092",
  "address": "测试店铺地址1",
  "time_create": "0",
  "time_update": "0",
  "status": "1"
}
[2018/10/18 21:45:26 508] [Message] [v1.0.2] userinfo.id =  1000000001
[2018/10/18 21:45:26 509] [Message] [v1.0.2] userinfo.agent_id =  10000001
[2018/10/18 21:45:26 510] [Message] [v1.0.2] userinfo.merchant_id =  1000000001
[2018/10/18 21:45:26 511] [Message] [v1.0.2] userinfo.store_id =  1000000001
[2018/10/18 21:45:26 511] [Message] [v1.0.2] userinfo.username =  user_1_1
[2018/10/18 21:45:26 512] [Message] [v1.0.2] userinfo.phone =  15153294092
[2018/10/18 21:45:26 513] [Message] [v1.0.2] userinfo.open_id =  
[2018/10/18 21:45:26 514] [Message] [v1.0.2] userinfo.type =  2
[2018/10/18 21:45:26 515] [Message] [v1.0.2] userinfo.status =  1
[2018/10/18 21:45:26 515] [Message] [v1.0.2] agentinfo.id =  10000001
[2018/10/18 21:45:26 516] [Message] [v1.0.2] agentinfo.pid =  00000000
[2018/10/18 21:45:26 517] [Message] [v1.0.2] agentinfo.name =  代理商1
[2018/10/18 21:45:26 518] [Message] [v1.0.2] agentinfo.number =  1111111111111111
[2018/10/18 21:45:26 519] [Message] [v1.0.2] agentinfo.address =  代理商地址1
[2018/10/18 21:45:26 520] [Message] [v1.0.2] agentinfo.principal_name =  负责人1
[2018/10/18 21:45:26 521] [Message] [v1.0.2] agentinfo.principal_phone =  15153294092
[2018/10/18 21:45:26 521] [Message] [v1.0.2] agentinfo.contact_name =  联系人1
[2018/10/18 21:45:26 522] [Message] [v1.0.2] agentinfo.contact_phone =  111111
[2018/10/18 21:45:26 523] [Message] [v1.0.2] agentinfo.contact_email =  youxiang@youxiang.com
[2018/10/18 21:45:26 524] [Message] [v1.0.2] agentinfo.status =  1
[2018/10/18 21:45:26 525] [Message] [v1.0.2] merchantinfo.id =  1000000001
[2018/10/18 21:45:26 525] [Message] [v1.0.2] merchantinfo.agent_id =  10000001
[2018/10/18 21:45:26 526] [Message] [v1.0.2] merchantinfo.name =  测试子商户1
[2018/10/18 21:45:26 527] [Message] [v1.0.2] merchantinfo.short_name =  子商户1
[2018/10/18 21:45:26 528] [Message] [v1.0.2] merchantinfo.number =  1000000001
[2018/10/18 21:45:26 529] [Message] [v1.0.2] merchantinfo.principal_name =  
[2018/10/18 21:45:26 529] [Message] [v1.0.2] merchantinfo.principal_phone =  
[2018/10/18 21:45:26 534] [Message] [v1.0.2] merchantinfo.contact_name =  联系人1
[2018/10/18 21:45:26 535] [Message] [v1.0.2] merchantinfo.contact_phone =  15153294092
[2018/10/18 21:45:26 536] [Message] [v1.0.2] merchantinfo.contact_email =  sdsads@qq.com
[2018/10/18 21:45:26 536] [Message] [v1.0.2] merchantinfo.address =  
[2018/10/18 21:45:26 537] [Message] [v1.0.2] merchantinfo.status =  1
[2018/10/18 21:45:26 537] [Message] [v1.0.2] storeinfo.id =  1000000001
[2018/10/18 21:45:26 538] [Message] [v1.0.2] storeinfo.merchant_id =  1000000001
[2018/10/18 21:45:26 539] [Message] [v1.0.2] storeinfo.name =  测试店铺1
[2018/10/18 21:45:26 539] [Message] [v1.0.2] storeinfo.number =  0011
[2018/10/18 21:45:26 540] [Message] [v1.0.2] storeinfo.principal_name =  负责人1
[2018/10/18 21:45:26 540] [Message] [v1.0.2] storeinfo.principal_phone =  15153294092
[2018/10/18 21:45:26 541] [Message] [v1.0.2] storeinfo.address =  测试店铺地址1
[2018/10/18 21:45:26 542] [Message] [v1.0.2] storeinfo.status =  1
[2018/10/18 21:45:26 542] [Message] [v1.0.2] ===================用户信息=================== End
[2018/10/18 21:45:26 548] [Message] [v1.0.2] ===================门店列表=================== Start
[2018/10/18 21:45:26 549] [Message] [v1.0.2] GetStoreList Send =  key=347a487640199707fd03402508afd115
[2018/10/18 21:45:26 651] [Message] [v1.0.2] Result =  {"code":1,"msg":"店铺列表","data":{"list":[{"id":"1000000003","merchant_id":"1000000001","name":"门店3","number":"3333333333","principal_name":"负责人3","principal_phone":"15153294092","address":"青岛市市北区华阳路112号","time_create":"1532659891","time_update":"1532660479","status":"1"},{"id":"1000000002","merchant_id":"1000000001","name":"测试店铺2","number":"0012","principal_name":"负责人2","principal_phone":"15153294093","address":"测试店铺地址2","time_create":"0","time_update":"0","status":"1"},{"id":"1000000001","merchant_id":"1000000001","name":"测试店铺1","number":"0011","principal_name":"负责人1","principal_phone":"15153294092","address":"测试店铺地址1","time_create":"0","time_update":"0","status":"1"}]}}
[2018/10/18 21:45:26 656] [Message] [v1.0.2] list =  [
  {
    "id": "1000000003",
    "merchant_id": "1000000001",
    "name": "门店3",
    "number": "3333333333",
    "principal_name": "负责人3",
    "principal_phone": "15153294092",
    "address": "青岛市市北区华阳路112号",
    "time_create": "1532659891",
    "time_update": "1532660479",
    "status": "1"
  },
  {
    "id": "1000000002",
    "merchant_id": "1000000001",
    "name": "测试店铺2",
    "number": "0012",
    "principal_name": "负责人2",
    "principal_phone": "15153294093",
    "address": "测试店铺地址2",
    "time_create": "0",
    "time_update": "0",
    "status": "1"
  },
  {
    "id": "1000000001",
    "merchant_id": "1000000001",
    "name": "测试店铺1",
    "number": "0011",
    "principal_name": "负责人1",
    "principal_phone": "15153294092",
    "address": "测试店铺地址1",
    "time_create": "0",
    "time_update": "0",
    "status": "1"
  }
]
[2018/10/18 21:45:26 668] [Message] [v1.0.2] storelist[1].id =  1000000003
[2018/10/18 21:45:26 670] [Message] [v1.0.2] storelist[1].merchant_id =  1000000001
[2018/10/18 21:45:26 672] [Message] [v1.0.2] storelist[1].name =  门店3
[2018/10/18 21:45:26 674] [Message] [v1.0.2] storelist[1].number =  3333333333
[2018/10/18 21:45:26 676] [Message] [v1.0.2] storelist[1].principal_name =  负责人3
[2018/10/18 21:45:26 679] [Message] [v1.0.2] storelist[1].principal_phone =  15153294092
[2018/10/18 21:45:26 681] [Message] [v1.0.2] storelist[1].address =  青岛市市北区华阳路112号
[2018/10/18 21:45:26 683] [Message] [v1.0.2] storelist[1].status =  1
[2018/10/18 21:45:26 684] [Message] [v1.0.2] storelist[2].id =  1000000002
[2018/10/18 21:45:26 684] [Message] [v1.0.2] storelist[2].merchant_id =  1000000001
[2018/10/18 21:45:26 685] [Message] [v1.0.2] storelist[2].name =  测试店铺2
[2018/10/18 21:45:26 686] [Message] [v1.0.2] storelist[2].number =  0012
[2018/10/18 21:45:26 687] [Message] [v1.0.2] storelist[2].principal_name =  负责人2
[2018/10/18 21:45:26 688] [Message] [v1.0.2] storelist[2].principal_phone =  15153294093
[2018/10/18 21:45:26 689] [Message] [v1.0.2] storelist[2].address =  测试店铺地址2
[2018/10/18 21:45:26 689] [Message] [v1.0.2] storelist[2].status =  1
[2018/10/18 21:45:26 690] [Message] [v1.0.2] storelist[3].id =  1000000001
[2018/10/18 21:45:26 691] [Message] [v1.0.2] storelist[3].merchant_id =  1000000001
[2018/10/18 21:45:26 692] [Message] [v1.0.2] storelist[3].name =  测试店铺1
[2018/10/18 21:45:26 693] [Message] [v1.0.2] storelist[3].number =  0011
[2018/10/18 21:45:26 693] [Message] [v1.0.2] storelist[3].principal_name =  负责人1
[2018/10/18 21:45:26 694] [Message] [v1.0.2] storelist[3].principal_phone =  15153294092
[2018/10/18 21:45:26 695] [Message] [v1.0.2] storelist[3].address =  测试店铺地址1
[2018/10/18 21:45:26 696] [Message] [v1.0.2] storelist[3].status =  1
[2018/10/18 21:45:26 713] [Message] [v1.0.2] ===================门店列表=================== End
[2018/10/18 21:45:26 715] [Message] [v1.0.2] ===================店员列表=================== Start
[2018/10/18 21:45:26 716] [Message] [v1.0.2] GetUserList Send =  key=347a487640199707fd03402508afd115&store_id=1000000001
[2018/10/18 21:45:26 820] [Message] [v1.0.2] Result =  {"code":1,"msg":"店员列表","data":{"list":[{"id":"1000000003","username":"user_1_2","phone":"15153294092"},{"id":"1000000001","username":"user_1_1","phone":"15153294092"}]}}
[2018/10/18 21:45:26 822] [Message] [v1.0.2] list =  [
  {
    "id": "1000000003",
    "username": "user_1_2",
    "phone": "15153294092"
  },
  {
    "id": "1000000001",
    "username": "user_1_1",
    "phone": "15153294092"
  }
]
[2018/10/18 21:45:26 824] [Message] [v1.0.2] userlist[1].id =  1000000003
[2018/10/18 21:45:26 826] [Message] [v1.0.2] userlist[1].username =  user_1_2
[2018/10/18 21:45:26 829] [Message] [v1.0.2] userlist[1].phone =  15153294092
[2018/10/18 21:45:26 831] [Message] [v1.0.2] userlist[2].id =  1000000001
[2018/10/18 21:45:26 833] [Message] [v1.0.2] userlist[2].username =  user_1_1
[2018/10/18 21:45:26 835] [Message] [v1.0.2] userlist[2].phone =  15153294092
[2018/10/18 21:45:26 837] [Message] [v1.0.2] ===================店员列表=================== End
[2018/10/18 21:45:26 844] [Message] [v1.0.2] ===================设备列表=================== Start
[2018/10/18 21:45:26 847] [Message] [v1.0.2] GetDeviceList Send =  key=347a487640199707fd03402508afd115&store_id=1000000001
[2018/10/18 21:45:26 953] [Message] [v1.0.2] Result =  {"code":1,"msg":"设备列表","data":{"list":[{"id":"1000000002","name":"设备4","number":"002","type":"1"},{"id":"1000000001","name":"设备1","number":"001","type":"2"}]}}
[2018/10/18 21:45:26 956] [Message] [v1.0.2] list =  [
  {
    "id": "1000000002",
    "name": "设备4",
    "number": "002",
    "type": "1"
  },
  {
    "id": "1000000001",
    "name": "设备1",
    "number": "001",
    "type": "2"
  }
]
[2018/10/18 21:45:26 958] [Message] [v1.0.2] devicelist[1].id =  1000000002
[2018/10/18 21:45:26 960] [Message] [v1.0.2] devicelist[1].name =  设备4
[2018/10/18 21:45:26 962] [Message] [v1.0.2] devicelist[1].number =  002
[2018/10/18 21:45:26 964] [Message] [v1.0.2] devicelist[1].type =  1
[2018/10/18 21:45:26 966] [Message] [v1.0.2] devicelist[2].id =  1000000001
[2018/10/18 21:45:26 968] [Message] [v1.0.2] devicelist[2].name =  设备1
[2018/10/18 21:45:26 970] [Message] [v1.0.2] devicelist[2].number =  001
[2018/10/18 21:45:26 972] [Message] [v1.0.2] devicelist[2].type =  2
[2018/10/18 21:45:26 974] [Message] [v1.0.2] ===================设备列表=================== End
[2018/10/18 21:45:26 978] [Message] [v1.0.2] ===================交易类型列表=================== Start
[2018/10/18 21:45:26 980] [Message] [v1.0.2] Get_all_paymentList Send =  key=347a487640199707fd03402508afd115
[2018/10/18 21:45:27 084] [Message] [v1.0.2] Result =  {"code":1,"msg":"交易类型","data":{"qrcode":"扫码支付","barcode":"条码支付","weixin_public":"微信公众号支付"}}
[2018/10/18 21:45:27 086] [Message] [v1.0.2] data =  {
  "qrcode": "扫码支付",
  "barcode": "条码支付",
  "weixin_public": "微信公众号支付"
}
[2018/10/18 21:45:27 089] [Message] [v1.0.2] paymentList[0].paymentType =  扫码支付
[2018/10/18 21:45:27 091] [Message] [v1.0.2] paymentList[1].paymentType =  条码支付
[2018/10/18 21:45:27 093] [Message] [v1.0.2] ===================交易类型列表=================== End
[2018/10/18 21:45:30 234] [Message] [v1.0.2] ===================交易查询=================== Start
[2018/10/18 21:45:30 235] [Message] [v1.0.2] GetOrder_List Send =  key=347a487640199707fd03402508afd115&page=5&current=1&&merchant_id=1000000001&export=0
[2018/10/18 21:45:30 853] [Message] [v1.0.2] Result =  {"code":1,"msg":"订单列表","data":{"list":[{"id":"688","order_id":"160592487334460001001","out_order_id":null,"out_username":null,"out_user_id":null,"agent_id":"10000001","merchant_id":"1000000001","channel":"weixin","payment":"barcode","store_id":"1000000001","store_name":"测试店铺1","operator_id":"1000000001","operator_name":"user_1_1","device_id":"1000000001","device_name":"设备1","amount":"0.01","actual_amount":"0.01","refund_amount":"0.00","body":"testbody","subject":"test","time_create":"2018-10-10 11:48:54","time_update":"2018-10-18 20:35:45","status":"2","profit_status":"1","remark":"支付处理中:OK","_status":"处理中","payment_name":"条码支付","channel_name":"微信"},{"id":"687","order_id":"640592237779041001001","out_order_id":null,"out_username":null,"out_user_id":null,"agent_id":"10000001","merchant_id":"1000000001","channel":"unionpay","payment":"barcode","store_id":"1000000001","store_name":"测试店铺1","operator_id":"1000000001","operator_name":"user_1_1","device_id":"1000000001","device_name":"设备1","amount":"0.02","actual_amount":"0.02","refund_amount":"0.00","body":"水果蔬菜杂粮","subject":"消费","time_create":"2018-10-07 14:29:39","time_update":"2018-10-07 14:34:36","status":"2","profit_status":"1","remark":"支付处理中","_status":"处理中","payment_name":"条码支付","channel_name":"银联"},{"id":"686","order_id":"910592097297392001001","out_order_id":null,"out_username":null,"out_user_id":null,"agent_id":"10000001","merchant_id":"1000000001","channel":"weixin","payment":"barcode","store_id":"1000000001","store_name":"测试店铺1","operator_id":"1000000001","operator_name":"user_1_1","device_id":"1000000001","device_name":"设备1","amount":"0.01","actual_amount":"0.01","refund_amount":"0.00","body":"testbody","subject":"test","time_create":"2018-10-05 23:28:17","time_update":"2018-10-18 20:36:00","status":"2","profit_status":"1","remark":"支付处理中:order not existOK","_status":"处理中","payment_name":"条码支付","channel_name":"微信"},{"id":"685","order_id":"130591373237171001001","out_order_id":null,"out_username":null,"out_user_id":null,"agent_id":"10000001","merchant_id":"1000000001","channel":"unionpay","payment":"barcode","store_id":"1000000001","store_name":"测试店铺1","operator_id":"1000000001","operator_name":"user_1_1","device_id":"1000000001","device_name":"设备1","amount":"0.02","actual_amount":"0.02","refund_amount":"0.00","body":"水果蔬菜杂粮","subject":"消费","time_create":"2018-09-27 14:20:37","time_update":"2018-09-28 11:24:26","status":"2","profit_status":"1","remark":"支付处理中","_status":"处理中","payment_name":"条码支付","channel_name":"银联"},{"id":"684","order_id":"870591358994142001001","out_order_id":null,"out_username":null,"out_user_id":null,"agent_id":"10000001","merchant_id":"1000000001","channel":"unionpay","payment":"barcode","store_id":"1000000001","store_name":"测试店铺1","operator_id":"1000000001","operator_name":"user_1_1","device_id":"1000000001","device_name":"设备1","amount":"0.02","actual_amount":"0.02","refund_amount":"0.00","body":"水果蔬菜杂粮","subject":"消费","time_create":"2018-09-27 10:23:14","time_update":"2018-09-27 10:23:14","status":"2","profit_status":"1","remark":"下单成功","_status":"处理中","payment_name":"条码支付","channel_name":"银联"}],"total":"678","sum_amount":"7832785.00","sum_actual_amount":"7830563.77","sum_refund_amount":"0.52"}}
[2018/10/18 21:45:30 858] [Message] [v1.0.2] data =  {
  "list": [
    {
      "id": "688",
      "order_id": "160592487334460001001",
      "out_order_id": null,
      "out_username": null,
      "out_user_id": null,
      "agent_id": "10000001",
      "merchant_id": "1000000001",
      "channel": "weixin",
      "payment": "barcode",
      "store_id": "1000000001",
      "store_name": "测试店铺1",
      "operator_id": "1000000001",
      "operator_name": "user_1_1",
      "device_id": "1000000001",
      "device_name": "设备1",
      "amount": "0.01",
      "actual_amount": "0.01",
      "refund_amount": "0.00",
      "body": "testbody",
      "subject": "test",
      "time_create": "2018-10-10 11:48:54",
      "time_update": "2018-10-18 20:35:45",
      "status": "2",
      "profit_status": "1",
      "remark": "支付处理中:OK",
      "_status": "处理中",
      "payment_name": "条码支付",
      "channel_name": "微信"
    },
    {
      "id": "687",
      "order_id": "640592237779041001001",
      "out_order_id": null,
      "out_username": null,
      "out_user_id": null,
      "agent_id": "10000001",
      "merchant_id": "1000000001",
      "channel": "unionpay",
      "payment": "barcode",
      "store_id": "1000000001",
      "store_name": "测试店铺1",
      "operator_id": "1000000001",
      "operator_name": "user_1_1",
      "device_id": "1000000001",
      "device_name": "设备1",
      "amount": "0.02",
      "actual_amount": "0.02",
      "refund_amount": "0.00",
      "body": "水果蔬菜杂粮",
      "subject": "消费",
      "time_create": "2018-10-07 14:29:39",
      "time_update": "2018-10-07 14:34:36",
      "status": "2",
      "profit_status": "1",
      "remark": "支付处理中",
      "_status": "处理中",
      "payment_name": "条码支付",
      "channel_name": "银联"
    },
    {
      "id": "686",
      "order_id": "910592097297392001001",
      "out_order_id": null,
      "out_username": null,
      "out_user_id": null,
      "agent_id": "10000001",
      "merchant_id": "1000000001",
      "channel": "weixin",
      "payment": "barcode",
      "store_id": "1000000001",
      "store_name": "测试店铺1",
      "operator_id": "1000000001",
      "operator_name": "user_1_1",
      "device_id": "1000000001",
      "device_name": "设备1",
      "amount": "0.01",
      "actual_amount": "0.01",
      "refund_amount": "0.00",
      "body": "testbody",
      "subject": "test",
      "time_create": "2018-10-05 23:28:17",
      "time_update": "2018-10-18 20:36:00",
      "status": "2",
      "profit_status": "1",
      "remark": "支付处理中:order not existOK",
      "_status": "处理中",
      "payment_name": "条码支付",
      "channel_name": "微信"
    },
    {
      "id": "685",
      "order_id": "130591373237171001001",
      "out_order_id": null,
      "out_username": null,
      "out_user_id": null,
      "agent_id": "10000001",
      "merchant_id": "1000000001",
      "channel": "unionpay",
      "payment": "barcode",
      "store_id": "1000000001",
      "store_name": "测试店铺1",
      "operator_id": "1000000001",
      "operator_name": "user_1_1",
      "device_id": "1000000001",
      "device_name": "设备1",
      "amount": "0.02",
      "actual_amount": "0.02",
      "refund_amount": "0.00",
      "body": "水果蔬菜杂粮",
      "subject": "消费",
      "time_create": "2018-09-27 14:20:37",
      "time_update": "2018-09-28 11:24:26",
      "status": "2",
      "profit_status": "1",
      "remark": "支付处理中",
      "_status": "处理中",
      "payment_name": "条码支付",
      "channel_name": "银联"
    },
    {
      "id": "684",
      "order_id": "870591358994142001001",
      "out_order_id": null,
      "out_username": null,
      "out_user_id": null,
      "agent_id": "10000001",
      "merchant_id": "1000000001",
      "channel": "unionpay",
      "payment": "barcode",
      "store_id": "1000000001",
      "store_name": "测试店铺1",
      "operator_id": "1000000001",
      "operator_name": "user_1_1",
      "device_id": "1000000001",
      "device_name": "设备1",
      "amount": "0.02",
      "actual_amount": "0.02",
      "refund_amount": "0.00",
      "body": "水果蔬菜杂粮",
      "subject": "消费",
      "time_create": "2018-09-27 10:23:14",
      "time_update": "2018-09-27 10:23:14",
      "status": "2",
      "profit_status": "1",
      "remark": "下单成功",
      "_status": "处理中",
      "payment_name": "条码支付",
      "channel_name": "银联"
    }
  ],
  "total": "678",
  "sum_amount": "7832785.00",
  "sum_actual_amount": "7830563.77",
  "sum_refund_amount": "0.52"
}
[2018/10/18 21:45:30 884] [Message] [v1.0.2] ===================交易查询=================== End
[2018/10/18 21:45:43 606] [Message] [v1.0.2] ===================退出=================== Start
[2018/10/18 21:45:43 609] [Message] [v1.0.2] ApiExit Send =  key=347a487640199707fd03402508afd115
[2018/10/18 21:45:43 711] [Message] [v1.0.2] Result =  {"code":1,"msg":"退出成功","data":""}
[2018/10/18 21:45:43 714] [Message] [v1.0.2] msg =  退出成功
[2018/10/18 21:45:43 716] [Message] [v1.0.2] ===================退出=================== End
