[2018/10/17 22:13:09 146] [Message] [v1.0.1] ===================用户登陆=================== Start
[2018/10/17 22:13:09 147] [Message] [v1.0.1] Login Send =  username=user_1_1&password=1111111
[2018/10/17 22:13:09 425] [Message] [v1.0.1] Result =  {"code":1,"msg":"登录成功","data":{"token":"1b16f39672a94da411ec304482312d3d","info":{"app_type":"api","id":"1000000001","agent_id":"10000001","store_id":"1000000001","merchant_id":"1000000001","type":"2","username":"user_1_1","open_id":"","timestamp":1539785591}}}
[2018/10/17 22:13:09 538] [Message] [v1.0.1] ===================用户登陆=================== End
[2018/10/17 22:13:09 541] [Message] [v1.0.1] ===================用户信息=================== Start
[2018/10/17 22:13:09 542] [Message] [v1.0.1] GetUserInfo Send =  key=1b16f39672a94da411ec304482312d3d
[2018/10/17 22:13:09 667] [Message] [v1.0.1] Result =  {"code":1,"msg":"用户信息","data":{"id":"1000000001","agent_id":"10000001","merchant_id":"1000000001","store_id":"1000000001","username":"user_1_1","phone":"15153294092","open_id":"","type":"2","time_create":"1527211953","time_update":"1533293063","status":"1","agent":{"id":"10000001","pid":"00000000","name":"代理商1","number":"1111111111111111","address":"代理商地址1","principal_name":"负责人1","principal_phone":"15153294092","contact_name":"联系人1","contact_phone":"111111","contact_email":"youxiang@youxiang.com","time_create":"0","time_update":"1533178664","status":"1"},"merchant":{"id":"1000000001","agent_id":"10000001","name":"测试子商户1","short_name":"子商户1","number":"1000000001","principal_name":null,"principal_phone":null,"contact_name":"联系人1","contact_phone":"15153294092","contact_email":"sdsads@qq.com","address":null,"time_create":"0","time_update":"1533523267","status":"1"},"store":{"id":"1000000001","merchant_id":"1000000001","name":"测试店铺1","number":"0011","principal_name":"负责人1","principal_phone":"15153294092","address":"测试店铺地址1","time_create":"0","time_update":"0","status":"1"}}}
[2018/10/17 22:13:09 685] [Message] [v1.0.1] data =  {
  "id": "1000000001",
  "agent_id": "10000001",
  "merchant_id": "1000000001",
  "store_id": "1000000001",
  "username": "user_1_1",
  "phone": "15153294092",
  "open_id": "",
  "type": "2",
  "time_create": "1527211953",
  "time_update": "1533293063",
  "status": "1",
  "agent": {
    "id": "10000001",
    "pid": "00000000",
    "name": "代理商1",
    "number": "1111111111111111",
    "address": "代理商地址1",
    "principal_name": "负责人1",
    "principal_phone": "15153294092",
    "contact_name": "联系人1",
    "contact_phone": "111111",
    "contact_email": "youxiang@youxiang.com",
    "time_create": "0",
    "time_update": "1533178664",
    "status": "1"
  },
  "merchant": {
    "id": "1000000001",
    "agent_id": "10000001",
    "name": "测试子商户1",
    "short_name": "子商户1",
    "number": "1000000001",
    "principal_name": null,
    "principal_phone": null,
    "contact_name": "联系人1",
    "contact_phone": "15153294092",
    "contact_email": "sdsads@qq.com",
    "address": null,
    "time_create": "0",
    "time_update": "1533523267",
    "status": "1"
  },
  "store": {
    "id": "1000000001",
    "merchant_id": "1000000001",
    "name": "测试店铺1",
    "number": "0011",
    "principal_name": "负责人1",
    "principal_phone": "15153294092",
    "address": "测试店铺地址1",
    "time_create": "0",
    "time_update": "0",
    "status": "1"
  }
}
[2018/10/17 22:13:09 686] [Message] [v1.0.1] agent =  {
  "id": "10000001",
  "pid": "00000000",
  "name": "代理商1",
  "number": "1111111111111111",
  "address": "代理商地址1",
  "principal_name": "负责人1",
  "principal_phone": "15153294092",
  "contact_name": "联系人1",
  "contact_phone": "111111",
  "contact_email": "youxiang@youxiang.com",
  "time_create": "0",
  "time_update": "1533178664",
  "status": "1"
}
[2018/10/17 22:13:09 687] [Message] [v1.0.1] merchant =  {
  "id": "1000000001",
  "agent_id": "10000001",
  "name": "测试子商户1",
  "short_name": "子商户1",
  "number": "1000000001",
  "principal_name": null,
  "principal_phone": null,
  "contact_name": "联系人1",
  "contact_phone": "15153294092",
  "contact_email": "sdsads@qq.com",
  "address": null,
  "time_create": "0",
  "time_update": "1533523267",
  "status": "1"
}
[2018/10/17 22:13:09 687] [Message] [v1.0.1] store =  {
  "id": "1000000001",
  "merchant_id": "1000000001",
  "name": "测试店铺1",
  "number": "0011",
  "principal_name": "负责人1",
  "principal_phone": "15153294092",
  "address": "测试店铺地址1",
  "time_create": "0",
  "time_update": "0",
  "status": "1"
}
[2018/10/17 22:13:09 688] [Message] [v1.0.1] userinfo.id =  1000000001
[2018/10/17 22:13:09 689] [Message] [v1.0.1] userinfo.agent_id =  10000001
[2018/10/17 22:13:09 691] [Message] [v1.0.1] userinfo.merchant_id =  1000000001
[2018/10/17 22:13:09 692] [Message] [v1.0.1] userinfo.store_id =  1000000001
[2018/10/17 22:13:09 693] [Message] [v1.0.1] userinfo.username =  user_1_1
[2018/10/17 22:13:09 693] [Message] [v1.0.1] userinfo.phone =  15153294092
[2018/10/17 22:13:09 694] [Message] [v1.0.1] userinfo.open_id =  
[2018/10/17 22:13:09 695] [Message] [v1.0.1] userinfo.type =  2
[2018/10/17 22:13:09 696] [Message] [v1.0.1] userinfo.status =  1
[2018/10/17 22:13:09 697] [Message] [v1.0.1] agentinfo.id =  10000001
[2018/10/17 22:13:09 698] [Message] [v1.0.1] agentinfo.pid =  00000000
[2018/10/17 22:13:09 699] [Message] [v1.0.1] agentinfo.name =  代理商1
[2018/10/17 22:13:09 701] [Message] [v1.0.1] agentinfo.number =  1111111111111111
[2018/10/17 22:13:09 701] [Message] [v1.0.1] agentinfo.address =  代理商地址1
[2018/10/17 22:13:09 702] [Message] [v1.0.1] agentinfo.principal_name =  负责人1
[2018/10/17 22:13:09 703] [Message] [v1.0.1] agentinfo.principal_phone =  15153294092
[2018/10/17 22:13:09 704] [Message] [v1.0.1] agentinfo.contact_name =  联系人1
[2018/10/17 22:13:09 704] [Message] [v1.0.1] agentinfo.contact_phone =  111111
[2018/10/17 22:13:09 705] [Message] [v1.0.1] agentinfo.contact_email =  youxiang@youxiang.com
[2018/10/17 22:13:09 706] [Message] [v1.0.1] agentinfo.status =  1
[2018/10/17 22:13:09 706] [Message] [v1.0.1] merchantinfo.id =  1000000001
[2018/10/17 22:13:09 707] [Message] [v1.0.1] merchantinfo.agent_id =  10000001
[2018/10/17 22:13:09 708] [Message] [v1.0.1] merchantinfo.name =  测试子商户1
[2018/10/17 22:13:09 708] [Message] [v1.0.1] merchantinfo.short_name =  子商户1
[2018/10/17 22:13:09 709] [Message] [v1.0.1] merchantinfo.number =  1000000001
[2018/10/17 22:13:09 709] [Message] [v1.0.1] merchantinfo.principal_name =  
[2018/10/17 22:13:09 710] [Message] [v1.0.1] merchantinfo.principal_phone =  
[2018/10/17 22:13:09 710] [Message] [v1.0.1] merchantinfo.contact_name =  联系人1
[2018/10/17 22:13:09 711] [Message] [v1.0.1] merchantinfo.contact_phone =  15153294092
[2018/10/17 22:13:09 712] [Message] [v1.0.1] merchantinfo.contact_email =  sdsads@qq.com
[2018/10/17 22:13:09 712] [Message] [v1.0.1] merchantinfo.address =  
[2018/10/17 22:13:09 713] [Message] [v1.0.1] merchantinfo.status =  1
[2018/10/17 22:13:09 713] [Message] [v1.0.1] storeinfo.id =  1000000001
[2018/10/17 22:13:09 714] [Message] [v1.0.1] storeinfo.merchant_id =  1000000001
[2018/10/17 22:13:09 715] [Message] [v1.0.1] storeinfo.name =  测试店铺1
[2018/10/17 22:13:09 716] [Message] [v1.0.1] storeinfo.number =  0011
[2018/10/17 22:13:09 717] [Message] [v1.0.1] storeinfo.principal_name =  负责人1
[2018/10/17 22:13:09 717] [Message] [v1.0.1] storeinfo.principal_phone =  15153294092
[2018/10/17 22:13:09 718] [Message] [v1.0.1] storeinfo.address =  测试店铺地址1
[2018/10/17 22:13:09 719] [Message] [v1.0.1] storeinfo.status =  1
[2018/10/17 22:13:09 719] [Message] [v1.0.1] ===================用户信息=================== End
[2018/10/17 22:13:09 726] [Message] [v1.0.1] ===================门店列表=================== Start
[2018/10/17 22:13:09 727] [Message] [v1.0.1] GetStoreList Send =  key=1b16f39672a94da411ec304482312d3d
[2018/10/17 22:13:09 834] [Message] [v1.0.1] Result =  {"code":1,"msg":"店铺列表","data":{"list":[{"id":"1000000003","merchant_id":"1000000001","name":"门店3","number":"3333333333","principal_name":"负责人3","principal_phone":"15153294092","address":"青岛市市北区华阳路112号","time_create":"1532659891","time_update":"1532660479","status":"1"},{"id":"1000000002","merchant_id":"1000000001","name":"测试店铺2","number":"0012","principal_name":"负责人2","principal_phone":"15153294093","address":"测试店铺地址2","time_create":"0","time_update":"0","status":"1"},{"id":"1000000001","merchant_id":"1000000001","name":"测试店铺1","number":"0011","principal_name":"负责人1","principal_phone":"15153294092","address":"测试店铺地址1","time_create":"0","time_update":"0","status":"1"}]}}
[2018/10/17 22:13:09 839] [Message] [v1.0.1] list =  [
  {
    "id": "1000000003",
    "merchant_id": "1000000001",
    "name": "门店3",
    "number": "3333333333",
    "principal_name": "负责人3",
    "principal_phone": "15153294092",
    "address": "青岛市市北区华阳路112号",
    "time_create": "1532659891",
    "time_update": "1532660479",
    "status": "1"
  },
  {
    "id": "1000000002",
    "merchant_id": "1000000001",
    "name": "测试店铺2",
    "number": "0012",
    "principal_name": "负责人2",
    "principal_phone": "15153294093",
    "address": "测试店铺地址2",
    "time_create": "0",
    "time_update": "0",
    "status": "1"
  },
  {
    "id": "1000000001",
    "merchant_id": "1000000001",
    "name": "测试店铺1",
    "number": "0011",
    "principal_name": "负责人1",
    "principal_phone": "15153294092",
    "address": "测试店铺地址1",
    "time_create": "0",
    "time_update": "0",
    "status": "1"
  }
]
[2018/10/17 22:13:09 850] [Message] [v1.0.1] storelist[1].id =  1000000003
[2018/10/17 22:13:09 853] [Message] [v1.0.1] storelist[1].merchant_id =  1000000001
[2018/10/17 22:13:09 855] [Message] [v1.0.1] storelist[1].name =  门店3
[2018/10/17 22:13:09 857] [Message] [v1.0.1] storelist[1].number =  3333333333
[2018/10/17 22:13:09 860] [Message] [v1.0.1] storelist[1].principal_name =  负责人3
[2018/10/17 22:13:09 862] [Message] [v1.0.1] storelist[1].principal_phone =  15153294092
[2018/10/17 22:13:09 864] [Message] [v1.0.1] storelist[1].address =  青岛市市北区华阳路112号
[2018/10/17 22:13:09 866] [Message] [v1.0.1] storelist[1].status =  1
[2018/10/17 22:13:09 869] [Message] [v1.0.1] storelist[2].id =  1000000002
[2018/10/17 22:13:09 871] [Message] [v1.0.1] storelist[2].merchant_id =  1000000001
[2018/10/17 22:13:09 873] [Message] [v1.0.1] storelist[2].name =  测试店铺2
[2018/10/17 22:13:09 876] [Message] [v1.0.1] storelist[2].number =  0012
[2018/10/17 22:13:09 878] [Message] [v1.0.1] storelist[2].principal_name =  负责人2
[2018/10/17 22:13:09 880] [Message] [v1.0.1] storelist[2].principal_phone =  15153294093
[2018/10/17 22:13:09 882] [Message] [v1.0.1] storelist[2].address =  测试店铺地址2
[2018/10/17 22:13:09 884] [Message] [v1.0.1] storelist[2].status =  1
[2018/10/17 22:13:09 885] [Message] [v1.0.1] storelist[3].id =  1000000001
[2018/10/17 22:13:09 886] [Message] [v1.0.1] storelist[3].merchant_id =  1000000001
[2018/10/17 22:13:09 886] [Message] [v1.0.1] storelist[3].name =  测试店铺1
[2018/10/17 22:13:09 887] [Message] [v1.0.1] storelist[3].number =  0011
[2018/10/17 22:13:09 888] [Message] [v1.0.1] storelist[3].principal_name =  负责人1
[2018/10/17 22:13:09 889] [Message] [v1.0.1] storelist[3].principal_phone =  15153294092
[2018/10/17 22:13:09 890] [Message] [v1.0.1] storelist[3].address =  测试店铺地址1
[2018/10/17 22:13:09 890] [Message] [v1.0.1] storelist[3].status =  1
[2018/10/17 22:13:09 923] [Message] [v1.0.1] ===================门店列表=================== End
[2018/10/17 22:13:09 925] [Message] [v1.0.1] ===================店员列表=================== Start
[2018/10/17 22:13:09 926] [Message] [v1.0.1] GetUserList Send =  key=1b16f39672a94da411ec304482312d3d&store_id=1000000001
[2018/10/17 22:13:10 027] [Message] [v1.0.1] Result =  {"code":1,"msg":"店员列表","data":{"list":[{"id":"1000000003","username":"user_1_2","phone":"15153294092"},{"id":"1000000001","username":"user_1_1","phone":"15153294092"}]}}
[2018/10/17 22:13:10 028] [Message] [v1.0.1] list =  [
  {
    "id": "1000000003",
    "username": "user_1_2",
    "phone": "15153294092"
  },
  {
    "id": "1000000001",
    "username": "user_1_1",
    "phone": "15153294092"
  }
]
[2018/10/17 22:13:10 028] [Message] [v1.0.1] userlist[1].id =  1000000003
[2018/10/17 22:13:10 029] [Message] [v1.0.1] userlist[1].username =  user_1_2
[2018/10/17 22:13:10 030] [Message] [v1.0.1] userlist[1].phone =  15153294092
[2018/10/17 22:13:10 030] [Message] [v1.0.1] userlist[2].id =  1000000001
[2018/10/17 22:13:10 031] [Message] [v1.0.1] userlist[2].username =  user_1_1
[2018/10/17 22:13:10 031] [Message] [v1.0.1] userlist[2].phone =  15153294092
[2018/10/17 22:13:10 049] [Message] [v1.0.1] ===================店员列表=================== End
[2018/10/17 22:13:10 051] [Message] [v1.0.1] ===================设备列表=================== Start
[2018/10/17 22:13:10 051] [Message] [v1.0.1] GetDeviceList Send =  key=1b16f39672a94da411ec304482312d3d&store_id=1000000001
[2018/10/17 22:13:10 154] [Message] [v1.0.1] Result =  {"code":1,"msg":"设备列表","data":{"list":[{"id":"1000000002","name":"设备4","number":"002","type":"1"},{"id":"1000000001","name":"设备1","number":"001","type":"2"}]}}
[2018/10/17 22:13:10 155] [Message] [v1.0.1] list =  [
  {
    "id": "1000000002",
    "name": "设备4",
    "number": "002",
    "type": "1"
  },
  {
    "id": "1000000001",
    "name": "设备1",
    "number": "001",
    "type": "2"
  }
]
[2018/10/17 22:13:10 156] [Message] [v1.0.1] devicelist[1].id =  1000000002
[2018/10/17 22:13:10 156] [Message] [v1.0.1] devicelist[1].name =  设备4
[2018/10/17 22:13:10 157] [Message] [v1.0.1] devicelist[1].number =  002
[2018/10/17 22:13:10 158] [Message] [v1.0.1] devicelist[1].type =  1
[2018/10/17 22:13:10 158] [Message] [v1.0.1] devicelist[2].id =  1000000001
[2018/10/17 22:13:10 159] [Message] [v1.0.1] devicelist[2].name =  设备1
[2018/10/17 22:13:10 160] [Message] [v1.0.1] devicelist[2].number =  001
[2018/10/17 22:13:10 160] [Message] [v1.0.1] devicelist[2].type =  2
[2018/10/17 22:13:10 179] [Message] [v1.0.1] ===================设备列表=================== End
[2018/10/17 22:13:10 180] [Message] [v1.0.1] ===================交易类型列表=================== Start
[2018/10/17 22:13:10 181] [Message] [v1.0.1] Get_all_paymentList Send =  key=1b16f39672a94da411ec304482312d3d
[2018/10/17 22:13:10 286] [Message] [v1.0.1] Result =  {"code":1,"msg":"交易类型","data":{"qrcode":"扫码支付","barcode":"条码支付","weixin_public":"微信公众号支付"}}
[2018/10/17 22:13:10 287] [Message] [v1.0.1] data =  {
  "qrcode": "扫码支付",
  "barcode": "条码支付",
  "weixin_public": "微信公众号支付"
}
[2018/10/17 22:13:10 288] [Message] [v1.0.1] paymentList[0].paymentType =  扫码支付
[2018/10/17 22:13:10 288] [Message] [v1.0.1] paymentList[1].paymentType =  条码支付
[2018/10/17 22:13:10 289] [Message] [v1.0.1] ===================交易类型列表=================== End
[2018/10/17 22:13:17 774] [Message] [v1.0.1] ===================检查更新=================== Start
[2018/10/17 22:13:18 256] [Message] [v1.0.1] ApiGetNewVersion Send =  type=3
[2018/10/17 22:13:18 635] [Message] [v1.0.1] Result =  {"code":1,"msg":"最新版本","data":{"id":"42","type":"3","version":"1.0.2","link":"http:\/\/cashier.cdsoftware.cn\/\/data\/upfiles\/app\/3\/1.0.2.zip","time_create":"1533550562","time_update":null,"is_latest":"1","is_must":"1"}}
[2018/10/17 22:13:21 169] [Message] [v1.0.1] msg =  最新版本
[2018/10/17 22:13:21 550] [Message] [v1.0.1] version =  1.0.2
[2018/10/17 22:13:21 938] [Message] [v1.0.1] link =  http://cashier.cdsoftware.cn//data/upfiles/app/3/1.0.2.zip
[2018/10/17 22:13:23 213] [Message] [v1.0.1] ===================检查更新=================== End
