[2018/12/28 15:30:09 414] [Message] [v1.0.1] GetQrCode Result=  {"code":1,"msg":"登录二维码","data":{"guid":"EABFA83788C3CAD67EBBA2F8E3EFE689","type":"user","url":"http:\/\/cashier.cdsoftware.cn\/index.php\/api\/auth\/confirm?guid=EABFA83788C3CAD67EBBA2F8E3EFE689&type=user"}}
[2018/12/28 15:30:09 605] [Message] [v1.0.1] inResult=  登录二维码
[2018/12/28 15:30:09 607] [Message] [v1.0.1] guid=  EABFA83788C3CAD67EBBA2F8E3EFE689
[2018/12/28 15:30:09 608] [Message] [v1.0.1] url=  http://cashier.cdsoftware.cn/index.php/api/auth/confirm?guid=EABFA83788C3CAD67EBBA2F8E3EFE689&type=user
[2018/12/28 15:30:13 471] [Message] [v1.0.1] 启动检查用户二维码扫描登录线程... 
[2018/12/28 15:30:19 621] [Message] [v1.0.1] 启动刷新二维码线程... 
[2018/12/28 15:30:19 671] [Message] [v1.0.1] QrCodeLogin Send =  guid=EABFA83788C3CAD67EBBA2F8E3EFE689
[2018/12/28 15:30:19 777] [Message] [v1.0.1] Result =  {"code":0,"msg":"请扫码","data":""}
[2018/12/28 15:30:21 831] [Message] [v1.0.1] QrCodeLogin Send =  guid=EABFA83788C3CAD67EBBA2F8E3EFE689
[2018/12/28 15:30:21 937] [Message] [v1.0.1] Result =  {"code":0,"msg":"请扫码","data":""}
[2018/12/28 15:30:23 989] [Message] [v1.0.1] QrCodeLogin Send =  guid=EABFA83788C3CAD67EBBA2F8E3EFE689
[2018/12/28 15:30:24 094] [Message] [v1.0.1] Result =  {"code":0,"msg":"请扫码","data":""}
[2018/12/28 15:30:26 146] [Message] [v1.0.1] QrCodeLogin Send =  guid=EABFA83788C3CAD67EBBA2F8E3EFE689
[2018/12/28 15:30:26 260] [Message] [v1.0.1] Result =  {"code":0,"msg":"请扫码","data":""}
[2018/12/28 15:30:28 315] [Message] [v1.0.1] QrCodeLogin Send =  guid=EABFA83788C3CAD67EBBA2F8E3EFE689
[2018/12/28 15:30:28 423] [Message] [v1.0.1] Result =  {"code":0,"msg":"请扫码","data":""}
[2018/12/28 15:30:30 476] [Message] [v1.0.1] QrCodeLogin Send =  guid=EABFA83788C3CAD67EBBA2F8E3EFE689
[2018/12/28 15:30:30 579] [Message] [v1.0.1] Result =  {"code":0,"msg":"请扫码","data":""}
[2018/12/28 15:30:32 631] [Message] [v1.0.1] QrCodeLogin Send =  guid=EABFA83788C3CAD67EBBA2F8E3EFE689
[2018/12/28 15:30:32 735] [Message] [v1.0.1] Result =  {"code":0,"msg":"请扫码","data":""}
[2018/12/28 15:30:34 788] [Message] [v1.0.1] QrCodeLogin Send =  guid=EABFA83788C3CAD67EBBA2F8E3EFE689
[2018/12/28 15:30:34 894] [Message] [v1.0.1] Result =  {"code":0,"msg":"请扫码","data":""}
[2018/12/28 15:30:36 948] [Message] [v1.0.1] QrCodeLogin Send =  guid=EABFA83788C3CAD67EBBA2F8E3EFE689
[2018/12/28 15:30:37 071] [Message] [v1.0.1] Result =  {"code":0,"msg":"请扫码","data":""}
[2018/12/28 15:30:39 123] [Message] [v1.0.1] QrCodeLogin Send =  guid=EABFA83788C3CAD67EBBA2F8E3EFE689
[2018/12/28 15:30:39 259] [Message] [v1.0.1] Result =  {"code":2,"msg":"扫描成功请在微信上进行后续操作","data":""}
[2018/12/28 15:30:41 310] [Message] [v1.0.1] QrCodeLogin Send =  guid=EABFA83788C3CAD67EBBA2F8E3EFE689
[2018/12/28 15:30:41 424] [Message] [v1.0.1] Result =  {"code":2,"msg":"扫描成功请在微信上进行后续操作","data":""}
[2018/12/28 15:30:43 479] [Message] [v1.0.1] QrCodeLogin Send =  guid=EABFA83788C3CAD67EBBA2F8E3EFE689
[2018/12/28 15:30:43 587] [Message] [v1.0.1] Result =  {"code":2,"msg":"扫描成功请在微信上进行后续操作","data":""}
[2018/12/28 15:30:45 639] [Message] [v1.0.1] QrCodeLogin Send =  guid=EABFA83788C3CAD67EBBA2F8E3EFE689
[2018/12/28 15:30:45 744] [Message] [v1.0.1] Result =  {"code":2,"msg":"扫描成功请在微信上进行后续操作","data":""}
[2018/12/28 15:30:47 799] [Message] [v1.0.1] QrCodeLogin Send =  guid=EABFA83788C3CAD67EBBA2F8E3EFE689
[2018/12/28 15:30:47 907] [Message] [v1.0.1] Result =  {"code":2,"msg":"扫描成功请在微信上进行后续操作","data":""}
[2018/12/28 15:30:49 961] [Message] [v1.0.1] QrCodeLogin Send =  guid=EABFA83788C3CAD67EBBA2F8E3EFE689
[2018/12/28 15:30:50 066] [Message] [v1.0.1] Result =  {"code":2,"msg":"扫描成功请在微信上进行后续操作","data":""}
[2018/12/28 15:30:52 119] [Message] [v1.0.1] QrCodeLogin Send =  guid=EABFA83788C3CAD67EBBA2F8E3EFE689
[2018/12/28 15:30:52 230] [Message] [v1.0.1] Result =  {"code":2,"msg":"扫描成功请在微信上进行后续操作","data":""}
[2018/12/28 15:30:54 283] [Message] [v1.0.1] QrCodeLogin Send =  guid=EABFA83788C3CAD67EBBA2F8E3EFE689
[2018/12/28 15:30:54 392] [Message] [v1.0.1] Result =  {"code":2,"msg":"扫描成功请在微信上进行后续操作","data":""}
[2018/12/28 15:30:56 445] [Message] [v1.0.1] QrCodeLogin Send =  guid=EABFA83788C3CAD67EBBA2F8E3EFE689
[2018/12/28 15:30:56 553] [Message] [v1.0.1] Result =  {"code":2,"msg":"扫描成功请在微信上进行后续操作","data":""}
[2018/12/28 15:30:58 606] [Message] [v1.0.1] QrCodeLogin Send =  guid=EABFA83788C3CAD67EBBA2F8E3EFE689
[2018/12/28 15:30:58 714] [Message] [v1.0.1] Result =  {"code":2,"msg":"扫描成功请在微信上进行后续操作","data":""}
[2018/12/28 15:31:00 767] [Message] [v1.0.1] QrCodeLogin Send =  guid=EABFA83788C3CAD67EBBA2F8E3EFE689
[2018/12/28 15:31:00 870] [Message] [v1.0.1] Result =  {"code":2,"msg":"扫描成功请在微信上进行后续操作","data":""}
[2018/12/28 15:31:02 922] [Message] [v1.0.1] QrCodeLogin Send =  guid=EABFA83788C3CAD67EBBA2F8E3EFE689
[2018/12/28 15:31:03 047] [Message] [v1.0.1] Result =  {"code":2,"msg":"扫描成功请在微信上进行后续操作","data":""}
[2018/12/28 15:31:05 102] [Message] [v1.0.1] QrCodeLogin Send =  guid=EABFA83788C3CAD67EBBA2F8E3EFE689
[2018/12/28 15:31:05 207] [Message] [v1.0.1] Result =  {"code":2,"msg":"扫描成功请在微信上进行后续操作","data":""}
[2018/12/28 15:31:07 259] [Message] [v1.0.1] QrCodeLogin Send =  guid=EABFA83788C3CAD67EBBA2F8E3EFE689
[2018/12/28 15:31:07 364] [Message] [v1.0.1] Result =  {"code":2,"msg":"扫描成功请在微信上进行后续操作","data":""}
[2018/12/28 15:31:09 418] [Message] [v1.0.1] QrCodeLogin Send =  guid=EABFA83788C3CAD67EBBA2F8E3EFE689
[2018/12/28 15:31:09 523] [Message] [v1.0.1] Result =  {"code":2,"msg":"扫描成功请在微信上进行后续操作","data":""}
[2018/12/28 15:31:11 576] [Message] [v1.0.1] QrCodeLogin Send =  guid=EABFA83788C3CAD67EBBA2F8E3EFE689
[2018/12/28 15:31:11 683] [Message] [v1.0.1] Result =  {"code":1,"msg":"token","data":{"token":"468768f624bb52c1bc1bcddf145156a4","ip":"119.123.204.224"}}
[2018/12/28 15:31:11 689] [Message] [v1.0.1] ===================用户信息=================== Start
[2018/12/28 15:31:11 691] [Message] [v1.0.1] GetUserInfo Send =  key=468768f624bb52c1bc1bcddf145156a4
[2018/12/28 15:31:11 802] [Message] [v1.0.1] Result =  {"code":1,"msg":"用户信息","data":{"id":"1000000001","agent_id":"10000001","merchant_id":"1000000001","store_id":"1000000001","username":"user_1_1","phone":"15153294092","open_id":"","type":"2","time_create":"1527211953","time_update":"1533293063","status":"1","agent":{"id":"10000001","pid":"00000000","name":"代理商1","number":"1111111111111111","address":"代理商地址1","principal_name":"负责人1","principal_phone":"15153294092","contact_name":"联系人1","contact_phone":"111111","contact_email":"youxiang@youxiang.com","time_create":"0","time_update":"1533178664","status":"1"},"merchant":{"id":"1000000001","agent_id":"10000001","name":"测试子商户1","short_name":"子商户1","number":"1000000001","principal_name":null,"principal_phone":null,"contact_name":"联系人1","contact_phone":"15153294092","contact_email":"sdsads@qq.com","address":null,"time_create":"0","time_update":"1533523267","status":"1"},"store":{"id":"1000000001","merchant_id":"1000000001","name":"华阳路店","number":"0011","principal_name":"王晓文","principal_phone":"15153294092","address":"青岛市市北区华阳路66号","time_create":"0","time_update":"1545619725","status":"1"}}}
[2018/12/28 15:31:11 832] [Message] [v1.0.1] data =  {
  "id": "1000000001",
  "agent_id": "10000001",
  "merchant_id": "1000000001",
  "store_id": "1000000001",
  "username": "user_1_1",
  "phone": "15153294092",
  "open_id": "",
  "type": "2",
  "time_create": "1527211953",
  "time_update": "1533293063",
  "status": "1",
  "agent": {
    "id": "10000001",
    "pid": "00000000",
    "name": "代理商1",
    "number": "1111111111111111",
    "address": "代理商地址1",
    "principal_name": "负责人1",
    "principal_phone": "15153294092",
    "contact_name": "联系人1",
    "contact_phone": "111111",
    "contact_email": "youxiang@youxiang.com",
    "time_create": "0",
    "time_update": "1533178664",
    "status": "1"
  },
  "merchant": {
    "id": "1000000001",
    "agent_id": "10000001",
    "name": "测试子商户1",
    "short_name": "子商户1",
    "number": "1000000001",
    "principal_name": null,
    "principal_phone": null,
    "contact_name": "联系人1",
    "contact_phone": "15153294092",
    "contact_email": "sdsads@qq.com",
    "address": null,
    "time_create": "0",
    "time_update": "1533523267",
    "status": "1"
  },
  "store": {
    "id": "1000000001",
    "merchant_id": "1000000001",
    "name": "华阳路店",
    "number": "0011",
    "principal_name": "王晓文",
    "principal_phone": "15153294092",
    "address": "青岛市市北区华阳路66号",
    "time_create": "0",
    "time_update": "1545619725",
    "status": "1"
  }
}
[2018/12/28 15:31:11 833] [Message] [v1.0.1] agent =  {
  "id": "10000001",
  "pid": "00000000",
  "name": "代理商1",
  "number": "1111111111111111",
  "address": "代理商地址1",
  "principal_name": "负责人1",
  "principal_phone": "15153294092",
  "contact_name": "联系人1",
  "contact_phone": "111111",
  "contact_email": "youxiang@youxiang.com",
  "time_create": "0",
  "time_update": "1533178664",
  "status": "1"
}
[2018/12/28 15:31:11 835] [Message] [v1.0.1] merchant =  {
  "id": "1000000001",
  "agent_id": "10000001",
  "name": "测试子商户1",
  "short_name": "子商户1",
  "number": "1000000001",
  "principal_name": null,
  "principal_phone": null,
  "contact_name": "联系人1",
  "contact_phone": "15153294092",
  "contact_email": "sdsads@qq.com",
  "address": null,
  "time_create": "0",
  "time_update": "1533523267",
  "status": "1"
}
[2018/12/28 15:31:11 837] [Message] [v1.0.1] store =  {
  "id": "1000000001",
  "merchant_id": "1000000001",
  "name": "华阳路店",
  "number": "0011",
  "principal_name": "王晓文",
  "principal_phone": "15153294092",
  "address": "青岛市市北区华阳路66号",
  "time_create": "0",
  "time_update": "1545619725",
  "status": "1"
}
[2018/12/28 15:31:11 839] [Message] [v1.0.1] userinfo.id =  1000000001
[2018/12/28 15:31:11 840] [Message] [v1.0.1] userinfo.agent_id =  10000001
[2018/12/28 15:31:11 842] [Message] [v1.0.1] userinfo.merchant_id =  1000000001
[2018/12/28 15:31:11 844] [Message] [v1.0.1] userinfo.store_id =  1000000001
[2018/12/28 15:31:11 846] [Message] [v1.0.1] userinfo.username =  user_1_1
[2018/12/28 15:31:11 848] [Message] [v1.0.1] userinfo.phone =  15153294092
[2018/12/28 15:31:11 849] [Message] [v1.0.1] userinfo.open_id =  
[2018/12/28 15:31:11 851] [Message] [v1.0.1] userinfo.type =  2
[2018/12/28 15:31:11 852] [Message] [v1.0.1] userinfo.status =  1
[2018/12/28 15:31:11 854] [Message] [v1.0.1] agentinfo.id =  10000001
[2018/12/28 15:31:11 855] [Message] [v1.0.1] agentinfo.pid =  00000000
[2018/12/28 15:31:11 857] [Message] [v1.0.1] agentinfo.name =  代理商1
[2018/12/28 15:31:11 858] [Message] [v1.0.1] agentinfo.number =  1111111111111111
[2018/12/28 15:31:11 859] [Message] [v1.0.1] agentinfo.address =  代理商地址1
[2018/12/28 15:31:11 861] [Message] [v1.0.1] agentinfo.principal_name =  负责人1
[2018/12/28 15:31:11 863] [Message] [v1.0.1] agentinfo.principal_phone =  15153294092
[2018/12/28 15:31:11 865] [Message] [v1.0.1] agentinfo.contact_name =  联系人1
[2018/12/28 15:31:11 867] [Message] [v1.0.1] agentinfo.contact_phone =  111111
[2018/12/28 15:31:11 869] [Message] [v1.0.1] agentinfo.contact_email =  youxiang@youxiang.com
[2018/12/28 15:31:11 870] [Message] [v1.0.1] agentinfo.status =  1
[2018/12/28 15:31:11 871] [Message] [v1.0.1] merchantinfo.id =  1000000001
[2018/12/28 15:31:11 873] [Message] [v1.0.1] merchantinfo.agent_id =  10000001
[2018/12/28 15:31:11 874] [Message] [v1.0.1] merchantinfo.name =  测试子商户1
[2018/12/28 15:31:11 876] [Message] [v1.0.1] merchantinfo.short_name =  子商户1
[2018/12/28 15:31:11 878] [Message] [v1.0.1] merchantinfo.number =  1000000001
[2018/12/28 15:31:11 879] [Message] [v1.0.1] merchantinfo.principal_name =  
[2018/12/28 15:31:11 880] [Message] [v1.0.1] merchantinfo.principal_phone =  
[2018/12/28 15:31:11 882] [Message] [v1.0.1] merchantinfo.contact_name =  联系人1
[2018/12/28 15:31:11 883] [Message] [v1.0.1] merchantinfo.contact_phone =  15153294092
[2018/12/28 15:31:11 885] [Message] [v1.0.1] merchantinfo.contact_email =  sdsads@qq.com
[2018/12/28 15:31:11 887] [Message] [v1.0.1] merchantinfo.address =  
[2018/12/28 15:31:11 888] [Message] [v1.0.1] merchantinfo.status =  1
[2018/12/28 15:31:11 889] [Message] [v1.0.1] storeinfo.id =  1000000001
[2018/12/28 15:31:11 891] [Message] [v1.0.1] storeinfo.merchant_id =  1000000001
[2018/12/28 15:31:11 892] [Message] [v1.0.1] storeinfo.name =  华阳路店
[2018/12/28 15:31:11 894] [Message] [v1.0.1] storeinfo.number =  0011
[2018/12/28 15:31:11 895] [Message] [v1.0.1] storeinfo.principal_name =  王晓文
[2018/12/28 15:31:11 897] [Message] [v1.0.1] storeinfo.principal_phone =  15153294092
[2018/12/28 15:31:11 898] [Message] [v1.0.1] storeinfo.address =  青岛市市北区华阳路66号
[2018/12/28 15:31:11 899] [Message] [v1.0.1] storeinfo.status =  1
[2018/12/28 15:31:11 901] [Message] [v1.0.1] ===================用户信息=================== End
[2018/12/28 15:31:11 914] [Message] [v1.0.1] ===================门店列表=================== Start
[2018/12/28 15:31:11 915] [Message] [v1.0.1] GetStoreList Send =  key=468768f624bb52c1bc1bcddf145156a4
[2018/12/28 15:31:12 022] [Message] [v1.0.1] Result =  {"code":1,"msg":"店铺列表","data":{"list":[{"id":"1000000003","merchant_id":"1000000001","name":"台东店","number":"563255","principal_name":"李华","principal_phone":"15153294092","address":"青岛市市北区台东六路112号","time_create":"1532659891","time_update":"1545619694","status":"1"},{"id":"1000000002","merchant_id":"1000000001","name":"银川路店","number":"0012","principal_name":"邱明明","principal_phone":"15153294093","address":"崂山区银川西路112号","time_create":"0","time_update":"1545619710","status":"1"},{"id":"1000000001","merchant_id":"1000000001","name":"华阳路店","number":"0011","principal_name":"王晓文","principal_phone":"15153294092","address":"青岛市市北区华阳路66号","time_create":"0","time_update":"1545619725","status":"1"}]}}
[2018/12/28 15:31:12 024] [Message] [v1.0.1] list =  [
  {
    "id": "1000000003",
    "merchant_id": "1000000001",
    "name": "台东店",
    "number": "563255",
    "principal_name": "李华",
    "principal_phone": "15153294092",
    "address": "青岛市市北区台东六路112号",
    "time_create": "1532659891",
    "time_update": "1545619694",
    "status": "1"
  },
  {
    "id": "1000000002",
    "merchant_id": "1000000001",
    "name": "银川路店",
    "number": "0012",
    "principal_name": "邱明明",
    "principal_phone": "15153294093",
    "address": "崂山区银川西路112号",
    "time_create": "0",
    "time_update": "1545619710",
    "status": "1"
  },
  {
    "id": "1000000001",
    "merchant_id": "1000000001",
    "name": "华阳路店",
    "number": "0011",
    "principal_name": "王晓文",
    "principal_phone": "15153294092",
    "address": "青岛市市北区华阳路66号",
    "time_create": "0",
    "time_update": "1545619725",
    "status": "1"
  }
]
[2018/12/28 15:31:12 029] [Message] [v1.0.1] storelist[1].id =  1000000003
[2018/12/28 15:31:12 030] [Message] [v1.0.1] storelist[1].merchant_id =  1000000001
[2018/12/28 15:31:12 031] [Message] [v1.0.1] storelist[1].name =  台东店
[2018/12/28 15:31:12 033] [Message] [v1.0.1] storelist[1].number =  563255
[2018/12/28 15:31:12 035] [Message] [v1.0.1] storelist[1].principal_name =  李华
[2018/12/28 15:31:12 036] [Message] [v1.0.1] storelist[1].principal_phone =  15153294092
[2018/12/28 15:31:12 038] [Message] [v1.0.1] storelist[1].address =  青岛市市北区台东六路112号
[2018/12/28 15:31:12 039] [Message] [v1.0.1] storelist[1].status =  1
[2018/12/28 15:31:12 040] [Message] [v1.0.1] storelist[2].id =  1000000002
[2018/12/28 15:31:12 042] [Message] [v1.0.1] storelist[2].merchant_id =  1000000001
[2018/12/28 15:31:12 043] [Message] [v1.0.1] storelist[2].name =  银川路店
[2018/12/28 15:31:12 045] [Message] [v1.0.1] storelist[2].number =  0012
[2018/12/28 15:31:12 046] [Message] [v1.0.1] storelist[2].principal_name =  邱明明
[2018/12/28 15:31:12 048] [Message] [v1.0.1] storelist[2].principal_phone =  15153294093
[2018/12/28 15:31:12 049] [Message] [v1.0.1] storelist[2].address =  崂山区银川西路112号
[2018/12/28 15:31:12 051] [Message] [v1.0.1] storelist[2].status =  1
[2018/12/28 15:31:12 053] [Message] [v1.0.1] storelist[3].id =  1000000001
[2018/12/28 15:31:12 054] [Message] [v1.0.1] storelist[3].merchant_id =  1000000001
[2018/12/28 15:31:12 055] [Message] [v1.0.1] storelist[3].name =  华阳路店
[2018/12/28 15:31:12 057] [Message] [v1.0.1] storelist[3].number =  0011
[2018/12/28 15:31:12 058] [Message] [v1.0.1] storelist[3].principal_name =  王晓文
[2018/12/28 15:31:12 060] [Message] [v1.0.1] storelist[3].principal_phone =  15153294092
[2018/12/28 15:31:12 062] [Message] [v1.0.1] storelist[3].address =  青岛市市北区华阳路66号
[2018/12/28 15:31:12 064] [Message] [v1.0.1] storelist[3].status =  1
[2018/12/28 15:31:12 178] [Message] [v1.0.1] ===================门店列表=================== End
[2018/12/28 15:31:12 181] [Message] [v1.0.1] ===================店员列表=================== Start
[2018/12/28 15:31:12 182] [Message] [v1.0.1] GetUserList Send =  key=468768f624bb52c1bc1bcddf145156a4&store_id=1000000001
[2018/12/28 15:31:12 289] [Message] [v1.0.1] Result =  {"code":1,"msg":"店员列表","data":{"list":[{"id":"1000000003","username":"user_1_2","phone":"15153294092"},{"id":"1000000001","username":"user_1_1","phone":"15153294092"}]}}
[2018/12/28 15:31:12 291] [Message] [v1.0.1] list =  [
  {
    "id": "1000000003",
    "username": "user_1_2",
    "phone": "15153294092"
  },
  {
    "id": "1000000001",
    "username": "user_1_1",
    "phone": "15153294092"
  }
]
[2018/12/28 15:31:12 293] [Message] [v1.0.1] userlist[1].id =  1000000003
[2018/12/28 15:31:12 295] [Message] [v1.0.1] userlist[1].username =  user_1_2
[2018/12/28 15:31:12 297] [Message] [v1.0.1] userlist[1].phone =  15153294092
[2018/12/28 15:31:12 298] [Message] [v1.0.1] userlist[2].id =  1000000001
[2018/12/28 15:31:12 300] [Message] [v1.0.1] userlist[2].username =  user_1_1
[2018/12/28 15:31:12 301] [Message] [v1.0.1] userlist[2].phone =  15153294092
[2018/12/28 15:31:12 324] [Message] [v1.0.1] ===================店员列表=================== End
[2018/12/28 15:31:12 327] [Message] [v1.0.1] ===================设备列表=================== Start
[2018/12/28 15:31:12 329] [Message] [v1.0.1] GetDeviceList Send =  key=468768f624bb52c1bc1bcddf145156a4&store_id=1000000001
[2018/12/28 15:31:12 450] [Message] [v1.0.1] Result =  {"code":1,"msg":"设备列表","data":{"list":[{"id":"1000000002","name":"设备4","number":"002","type":"1"},{"id":"1000000001","name":"设备1","number":"001","type":"2"}]}}
[2018/12/28 15:31:12 451] [Message] [v1.0.1] list =  [
  {
    "id": "1000000002",
    "name": "设备4",
    "number": "002",
    "type": "1"
  },
  {
    "id": "1000000001",
    "name": "设备1",
    "number": "001",
    "type": "2"
  }
]
[2018/12/28 15:31:12 453] [Message] [v1.0.1] devicelist[1].id =  1000000002
[2018/12/28 15:31:12 454] [Message] [v1.0.1] devicelist[1].name =  设备4
[2018/12/28 15:31:12 456] [Message] [v1.0.1] devicelist[1].number =  002
[2018/12/28 15:31:12 457] [Message] [v1.0.1] devicelist[1].type =  1
[2018/12/28 15:31:12 458] [Message] [v1.0.1] devicelist[2].id =  1000000001
[2018/12/28 15:31:12 460] [Message] [v1.0.1] devicelist[2].name =  设备1
[2018/12/28 15:31:12 462] [Message] [v1.0.1] devicelist[2].number =  001
[2018/12/28 15:31:12 463] [Message] [v1.0.1] devicelist[2].type =  2
[2018/12/28 15:31:12 488] [Message] [v1.0.1] ===================设备列表=================== End
[2018/12/28 15:31:12 493] [Message] [v1.0.1] ===================交易类型列表=================== Start
[2018/12/28 15:31:12 494] [Message] [v1.0.1] Get_all_paymentList Send =  key=468768f624bb52c1bc1bcddf145156a4
[2018/12/28 15:31:12 610] [Message] [v1.0.1] Result =  {"code":1,"msg":"交易类型","data":{"qrcode":"扫码支付","barcode":"条码支付","weixin_public":"微信公众号支付"}}
[2018/12/28 15:31:12 612] [Message] [v1.0.1] data =  {
  "qrcode": "扫码支付",
  "barcode": "条码支付",
  "weixin_public": "微信公众号支付"
}
[2018/12/28 15:31:12 773] [Message] [v1.0.1] ===================交易类型列表=================== End
[2018/12/28 15:31:12 775] [Message] [v1.0.1] ===================交易方式列表=================== Start
[2018/12/28 15:31:12 776] [Message] [v1.0.1] Get_all_payment_channel =  key=468768f624bb52c1bc1bcddf145156a4
[2018/12/28 15:31:12 884] [Message] [v1.0.1] Result =  {"code":1,"msg":"支付方式","data":{"weixin":"微信","alipay":"支付宝","unionpay":"银联","xt":"新天","xz_weixin":"现在微信","xz_alipay":"现在支付宝","sf_weixin":"上福微信","sf_alipay":"上福支付宝"}}
[2018/12/28 15:31:12 885] [Message] [v1.0.1] data =  {
  "weixin": "微信",
  "alipay": "支付宝",
  "unionpay": "银联",
  "xt": "新天",
  "xz_weixin": "现在微信",
  "xz_alipay": "现在支付宝",
  "sf_weixin": "上福微信",
  "sf_alipay": "上福支付宝"
}
[2018/12/28 15:31:12 887] [Message] [v1.0.1] ===================交易方式列表=================== End
[2018/12/28 15:31:12 889] [Message] [v1.0.1] ===================订单状态=================== Start
[2018/12/28 15:31:12 891] [Message] [v1.0.1] ApiGet_all_OrderStatus Send =  key=468768f624bb52c1bc1bcddf145156a4
[2018/12/28 15:31:12 998] [Message] [v1.0.1] Result =  {"code":1,"msg":"订单状态","data":{"1":"待支付","2":"处理中","3":"支付成功","4":"支付失败","5":"交易撤销","6":"交易关闭","7":"转入退款"}}
[2018/12/28 15:31:13 000] [Message] [v1.0.1] inResult=  订单状态
[2018/12/28 15:31:13 002] [Message] [v1.0.1] ===================订单状态=================== End
[2018/12/28 15:31:13 004] [Message] [v1.0.1] ===================退款状态=================== Start
[2018/12/28 15:31:13 005] [Message] [v1.0.1] ApiGet_all_RefundStatus Send =  key=468768f624bb52c1bc1bcddf145156a4
[2018/12/28 15:31:13 112] [Message] [v1.0.1] Result =  {"code":1,"msg":"退款状态","data":{"1":"待处理","2":"处理中","3":"退款成功","4":"退款失败"}}
[2018/12/28 15:31:13 114] [Message] [v1.0.1] inResult=  退款状态
[2018/12/28 15:31:13 115] [Message] [v1.0.1] ===================退款状态=================== End
[2018/12/28 15:31:13 229] [Message] [v1.0.1] 关闭刷新二维码线程 
[2018/12/28 15:31:15 170] [Message] [v1.0.1] QrCodeLogin Send =  guid=EABFA83788C3CAD67EBBA2F8E3EFE689
[2018/12/28 15:31:15 276] [Message] [v1.0.1] Result =  {"code":0,"msg":"二维码已过期","data":""}
[2018/12/28 15:31:17 331] [Message] [v1.0.1] QrCodeLogin Send =  guid=EABFA83788C3CAD67EBBA2F8E3EFE689
[2018/12/28 15:31:17 437] [Message] [v1.0.1] Result =  {"code":0,"msg":"二维码已过期","data":""}
[2018/12/28 15:31:19 489] [Message] [v1.0.1] QrCodeLogin Send =  guid=EABFA83788C3CAD67EBBA2F8E3EFE689
[2018/12/28 15:31:19 597] [Message] [v1.0.1] Result =  {"code":0,"msg":"二维码已过期","data":""}
[2018/12/28 15:58:00 527] [Message] [v1.0.1] GetQrCode Result=  {"code":1,"msg":"登录二维码","data":{"guid":"B286E7FA7346B064761392634C8B353A","type":"user","url":"http:\/\/cashier.cdsoftware.cn\/index.php\/api\/auth\/confirm?guid=B286E7FA7346B064761392634C8B353A&type=user"}}
[2018/12/28 15:58:00 999] [Message] [v1.0.1] inResult=  登录二维码
[2018/12/28 15:58:01 001] [Message] [v1.0.1] guid=  B286E7FA7346B064761392634C8B353A
[2018/12/28 15:58:01 003] [Message] [v1.0.1] url=  http://cashier.cdsoftware.cn/index.php/api/auth/confirm?guid=B286E7FA7346B064761392634C8B353A&type=user
[2018/12/28 15:58:06 712] [Message] [v1.0.1] 启动检查用户二维码扫描登录线程... 
[2018/12/28 15:58:06 719] [Message] [v1.0.1] 启动刷新二维码线程... 
[2018/12/28 15:58:06 766] [Message] [v1.0.1] QrCodeLogin Send =  guid=B286E7FA7346B064761392634C8B353A
[2018/12/28 15:58:06 873] [Message] [v1.0.1] Result =  {"code":0,"msg":"请扫码","data":""}
[2018/12/28 15:58:08 926] [Message] [v1.0.1] QrCodeLogin Send =  guid=B286E7FA7346B064761392634C8B353A
[2018/12/28 15:58:09 022] [Message] [v1.0.1] Result =  {"code":0,"msg":"请扫码","data":""}
[2018/12/28 15:58:11 075] [Message] [v1.0.1] QrCodeLogin Send =  guid=B286E7FA7346B064761392634C8B353A
[2018/12/28 15:58:11 169] [Message] [v1.0.1] Result =  {"code":2,"msg":"扫描成功请在微信上进行后续操作","data":""}
[2018/12/28 15:58:13 223] [Message] [v1.0.1] QrCodeLogin Send =  guid=B286E7FA7346B064761392634C8B353A
[2018/12/28 15:58:13 316] [Message] [v1.0.1] Result =  {"code":2,"msg":"扫描成功请在微信上进行后续操作","data":""}
[2018/12/28 15:58:15 368] [Message] [v1.0.1] QrCodeLogin Send =  guid=B286E7FA7346B064761392634C8B353A
[2018/12/28 15:58:15 463] [Message] [v1.0.1] Result =  {"code":1,"msg":"token","data":{"token":"da058eab04b758426c094664b28930be","ip":"119.123.204.224"}}
[2018/12/28 15:58:21 290] [Message] [v1.0.1] ===================用户信息=================== Start
[2018/12/28 15:58:21 295] [Message] [v1.0.1] GetUserInfo Send =  key=da058eab04b758426c094664b28930be
[2018/12/28 15:58:21 413] [Message] [v1.0.1] Result =  {"code":1,"msg":"用户信息","data":{"id":"1000000008","agent_id":"00000000","merchant_id":"1000000011","store_id":"0000000000","username":"测试","phone":"18698865001","open_id":"","type":"1","time_create":"1545983412","time_update":"0","status":"1","agent":null,"merchant":{"id":"1000000011","agent_id":"10000006","name":"测试","short_name":"","number":"110110110","principal_name":"贡伟伟","principal_phone":"18698865001","contact_name":"测试","contact_phone":"18698865001","contact_email":"116053030@qq.com","address":"沈阳市","time_create":"1545977701","time_update":"0","status":"1"},"store":null}}
[2018/12/28 15:58:21 428] [Message] [v1.0.1] data =  {
  "id": "1000000008",
  "agent_id": "00000000",
  "merchant_id": "1000000011",
  "store_id": "0000000000",
  "username": "测试",
  "phone": "18698865001",
  "open_id": "",
  "type": "1",
  "time_create": "1545983412",
  "time_update": "0",
  "status": "1",
  "agent": null,
  "merchant": {
    "id": "1000000011",
    "agent_id": "10000006",
    "name": "测试",
    "short_name": "",
    "number": "110110110",
    "principal_name": "贡伟伟",
    "principal_phone": "18698865001",
    "contact_name": "测试",
    "contact_phone": "18698865001",
    "contact_email": "116053030@qq.com",
    "address": "沈阳市",
    "time_create": "1545977701",
    "time_update": "0",
    "status": "1"
  },
  "store": null
}
[2018/12/28 15:58:21 429] [Message] [v1.0.1] agent =  
[2018/12/28 15:58:21 430] [Message] [v1.0.1] merchant =  {
  "id": "1000000011",
  "agent_id": "10000006",
  "name": "测试",
  "short_name": "",
  "number": "110110110",
  "principal_name": "贡伟伟",
  "principal_phone": "18698865001",
  "contact_name": "测试",
  "contact_phone": "18698865001",
  "contact_email": "116053030@qq.com",
  "address": "沈阳市",
  "time_create": "1545977701",
  "time_update": "0",
  "status": "1"
}
[2018/12/28 15:58:21 432] [Message] [v1.0.1] store =  
[2018/12/28 15:58:21 434] [Message] [v1.0.1] userinfo.id =  1000000008
[2018/12/28 15:58:21 435] [Message] [v1.0.1] userinfo.agent_id =  00000000
[2018/12/28 15:58:21 437] [Message] [v1.0.1] userinfo.merchant_id =  1000000011
[2018/12/28 15:58:21 439] [Message] [v1.0.1] userinfo.store_id =  0000000000
[2018/12/28 15:58:21 440] [Message] [v1.0.1] userinfo.username =  测试
[2018/12/28 15:58:21 442] [Message] [v1.0.1] userinfo.phone =  18698865001
[2018/12/28 15:58:21 443] [Message] [v1.0.1] userinfo.open_id =  
[2018/12/28 15:58:21 445] [Message] [v1.0.1] userinfo.type =  1
[2018/12/28 15:58:21 446] [Message] [v1.0.1] userinfo.status =  1
[2018/12/28 15:59:07 804] [Message] [v1.0.1] GetQrCode Result=  {"code":1,"msg":"登录二维码","data":{"guid":"D19C3534E102182DC707D47C59CE755F","type":"user","url":"http:\/\/cashier.cdsoftware.cn\/index.php\/api\/auth\/confirm?guid=D19C3534E102182DC707D47C59CE755F&type=user"}}
[2018/12/28 15:59:07 970] [Message] [v1.0.1] inResult=  登录二维码
[2018/12/28 15:59:07 972] [Message] [v1.0.1] guid=  D19C3534E102182DC707D47C59CE755F
[2018/12/28 15:59:07 979] [Message] [v1.0.1] url=  http://cashier.cdsoftware.cn/index.php/api/auth/confirm?guid=D19C3534E102182DC707D47C59CE755F&type=user
[2018/12/28 15:59:10 523] [Message] [v1.0.1] 启动刷新二维码线程... 
[2018/12/28 15:59:10 527] [Message] [v1.0.1] 启动检查用户二维码扫描登录线程... 
[2018/12/28 15:59:10 579] [Message] [v1.0.1] QrCodeLogin Send =  guid=D19C3534E102182DC707D47C59CE755F
[2018/12/28 15:59:10 724] [Message] [v1.0.1] Result =  {"code":0,"msg":"请扫码","data":""}
[2018/12/28 15:59:12 777] [Message] [v1.0.1] QrCodeLogin Send =  guid=D19C3534E102182DC707D47C59CE755F
[2018/12/28 15:59:12 875] [Message] [v1.0.1] Result =  {"code":0,"msg":"请扫码","data":""}
[2018/12/28 15:59:14 928] [Message] [v1.0.1] QrCodeLogin Send =  guid=D19C3534E102182DC707D47C59CE755F
[2018/12/28 15:59:15 067] [Message] [v1.0.1] Result =  {"code":2,"msg":"扫描成功请在微信上进行后续操作","data":""}
[2018/12/28 15:59:17 120] [Message] [v1.0.1] QrCodeLogin Send =  guid=D19C3534E102182DC707D47C59CE755F
[2018/12/28 15:59:17 325] [Message] [v1.0.1] Result =  {"code":1,"msg":"token","data":{"token":"8adc287bff87e7d56bca5532c2d6f5bc","ip":"119.123.204.224"}}
[2018/12/28 15:59:28 161] [Message] [v1.0.1] ===================用户信息=================== Start
[2018/12/28 15:59:29 250] [Message] [v1.0.1] GetUserInfo Send =  key=8adc287bff87e7d56bca5532c2d6f5bc
[2018/12/28 15:59:30 557] [Message] [v1.0.1] Result =  {"code":1,"msg":"用户信息","data":{"id":"1000000008","agent_id":"00000000","merchant_id":"1000000011","store_id":"0000000000","username":"测试","phone":"18698865001","open_id":"","type":"1","time_create":"1545983412","time_update":"0","status":"1","agent":null,"merchant":{"id":"1000000011","agent_id":"10000006","name":"测试","short_name":"","number":"110110110","principal_name":"贡伟伟","principal_phone":"18698865001","contact_name":"测试","contact_phone":"18698865001","contact_email":"116053030@qq.com","address":"沈阳市","time_create":"1545977701","time_update":"0","status":"1"},"store":null}}
[2018/12/28 16:01:22 586] [Message] [v1.0.1] data =  {
  "id": "1000000008",
  "agent_id": "00000000",
  "merchant_id": "1000000011",
  "store_id": "0000000000",
  "username": "测试",
  "phone": "18698865001",
  "open_id": "",
  "type": "1",
  "time_create": "1545983412",
  "time_update": "0",
  "status": "1",
  "agent": null,
  "merchant": {
    "id": "1000000011",
    "agent_id": "10000006",
    "name": "测试",
    "short_name": "",
    "number": "110110110",
    "principal_name": "贡伟伟",
    "principal_phone": "18698865001",
    "contact_name": "测试",
    "contact_phone": "18698865001",
    "contact_email": "116053030@qq.com",
    "address": "沈阳市",
    "time_create": "1545977701",
    "time_update": "0",
    "status": "1"
  },
  "store": null
}
[2018/12/28 16:01:23 040] [Message] [v1.0.1] agent =  
[2018/12/28 16:01:23 417] [Message] [v1.0.1] merchant =  {
  "id": "1000000011",
  "agent_id": "10000006",
  "name": "测试",
  "short_name": "",
  "number": "110110110",
  "principal_name": "贡伟伟",
  "principal_phone": "18698865001",
  "contact_name": "测试",
  "contact_phone": "18698865001",
  "contact_email": "116053030@qq.com",
  "address": "沈阳市",
  "time_create": "1545977701",
  "time_update": "0",
  "status": "1"
}
[2018/12/28 16:01:23 828] [Message] [v1.0.1] store =  
[2018/12/28 16:01:24 320] [Message] [v1.0.1] userinfo.id =  1000000008
[2018/12/28 16:01:24 824] [Message] [v1.0.1] userinfo.agent_id =  00000000
[2018/12/28 16:01:25 226] [Message] [v1.0.1] userinfo.merchant_id =  1000000011
[2018/12/28 16:01:25 612] [Message] [v1.0.1] userinfo.store_id =  0000000000
[2018/12/28 16:01:25 988] [Message] [v1.0.1] userinfo.username =  测试
[2018/12/28 16:01:26 433] [Message] [v1.0.1] userinfo.phone =  18698865001
[2018/12/28 16:01:28 958] [Message] [v1.0.1] userinfo.open_id =  
[2018/12/28 16:01:29 453] [Message] [v1.0.1] userinfo.type =  1
[2018/12/28 16:01:29 962] [Message] [v1.0.1] userinfo.status =  1
[2018/12/28 16:01:56 520] [Message] [v1.0.1] GetQrCode Result=  {"code":1,"msg":"登录二维码","data":{"guid":"7CE804691E041468D361F817F61B46B7","type":"user","url":"http:\/\/cashier.cdsoftware.cn\/index.php\/api\/auth\/confirm?guid=7CE804691E041468D361F817F61B46B7&type=user"}}
[2018/12/28 16:01:56 684] [Message] [v1.0.1] inResult=  登录二维码
[2018/12/28 16:01:56 781] [Message] [v1.0.1] guid=  7CE804691E041468D361F817F61B46B7
[2018/12/28 16:01:56 791] [Message] [v1.0.1] url=  http://cashier.cdsoftware.cn/index.php/api/auth/confirm?guid=7CE804691E041468D361F817F61B46B7&type=user
[2018/12/28 16:01:59 953] [Message] [v1.0.1] 启动刷新二维码线程... 
[2018/12/28 16:01:59 960] [Message] [v1.0.1] 启动检查用户二维码扫描登录线程... 
[2018/12/28 16:02:00 017] [Message] [v1.0.1] QrCodeLogin Send =  guid=7CE804691E041468D361F817F61B46B7
[2018/12/28 16:02:00 164] [Message] [v1.0.1] Result =  {"code":0,"msg":"请扫码","data":""}
[2018/12/28 16:02:02 217] [Message] [v1.0.1] QrCodeLogin Send =  guid=7CE804691E041468D361F817F61B46B7
[2018/12/28 16:02:02 335] [Message] [v1.0.1] Result =  {"code":0,"msg":"请扫码","data":""}
[2018/12/28 16:02:04 388] [Message] [v1.0.1] QrCodeLogin Send =  guid=7CE804691E041468D361F817F61B46B7
[2018/12/28 16:02:04 485] [Message] [v1.0.1] Result =  {"code":0,"msg":"请扫码","data":""}
[2018/12/28 16:02:06 538] [Message] [v1.0.1] QrCodeLogin Send =  guid=7CE804691E041468D361F817F61B46B7
[2018/12/28 16:02:06 634] [Message] [v1.0.1] Result =  {"code":2,"msg":"扫描成功请在微信上进行后续操作","data":""}
[2018/12/28 16:02:08 688] [Message] [v1.0.1] QrCodeLogin Send =  guid=7CE804691E041468D361F817F61B46B7
[2018/12/28 16:02:08 790] [Message] [v1.0.1] Result =  {"code":1,"msg":"token","data":{"token":"b380ba03b8c2ffb4afb2e0c7dda666a0","ip":"119.123.204.224"}}
[2018/12/28 16:02:16 836] [Message] [v1.0.1] ===================用户信息=================== Start
[2018/12/28 16:02:17 241] [Message] [v1.0.1] GetUserInfo Send =  key=b380ba03b8c2ffb4afb2e0c7dda666a0
[2018/12/28 16:02:19 974] [Message] [v1.0.1] Result =  {"code":1,"msg":"用户信息","data":{"id":"1000000008","agent_id":"00000000","merchant_id":"1000000011","store_id":"0000000000","username":"测试","phone":"18698865001","open_id":"","type":"1","time_create":"1545983412","time_update":"0","status":"1","agent":null,"merchant":{"id":"1000000011","agent_id":"10000006","name":"测试","short_name":"","number":"110110110","principal_name":"贡伟伟","principal_phone":"18698865001","contact_name":"测试","contact_phone":"18698865001","contact_email":"116053030@qq.com","address":"沈阳市","time_create":"1545977701","time_update":"0","status":"1"},"store":null}}
[2018/12/28 16:03:04 958] [Message] [v1.0.1] data =  {
  "id": "1000000008",
  "agent_id": "00000000",
  "merchant_id": "1000000011",
  "store_id": "0000000000",
  "username": "测试",
  "phone": "18698865001",
  "open_id": "",
  "type": "1",
  "time_create": "1545983412",
  "time_update": "0",
  "status": "1",
  "agent": null,
  "merchant": {
    "id": "1000000011",
    "agent_id": "10000006",
    "name": "测试",
    "short_name": "",
    "number": "110110110",
    "principal_name": "贡伟伟",
    "principal_phone": "18698865001",
    "contact_name": "测试",
    "contact_phone": "18698865001",
    "contact_email": "116053030@qq.com",
    "address": "沈阳市",
    "time_create": "1545977701",
    "time_update": "0",
    "status": "1"
  },
  "store": null
}
[2018/12/28 16:03:06 508] [Message] [v1.0.1] agent =  
[2018/12/28 16:03:07 337] [Message] [v1.0.1] merchant =  {
  "id": "1000000011",
  "agent_id": "10000006",
  "name": "测试",
  "short_name": "",
  "number": "110110110",
  "principal_name": "贡伟伟",
  "principal_phone": "18698865001",
  "contact_name": "测试",
  "contact_phone": "18698865001",
  "contact_email": "116053030@qq.com",
  "address": "沈阳市",
  "time_create": "1545977701",
  "time_update": "0",
  "status": "1"
}
[2018/12/28 16:03:08 490] [Message] [v1.0.1] store =  
[2018/12/28 16:03:15 386] [Message] [v1.0.1] userinfo.id =  1000000008
[2018/12/28 16:03:21 278] [Message] [v1.0.1] userinfo.agent_id =  00000000
[2018/12/28 16:03:22 705] [Message] [v1.0.1] userinfo.merchant_id =  1000000011
[2018/12/28 16:03:24 010] [Message] [v1.0.1] userinfo.store_id =  0000000000
[2018/12/28 16:03:25 190] [Message] [v1.0.1] userinfo.username =  测试
[2018/12/28 16:03:26 314] [Message] [v1.0.1] userinfo.phone =  18698865001
[2018/12/28 16:03:27 198] [Message] [v1.0.1] userinfo.open_id =  
[2018/12/28 16:03:28 393] [Message] [v1.0.1] userinfo.type =  1
[2018/12/28 16:03:30 038] [Message] [v1.0.1] userinfo.status =  1
[2018/12/28 16:07:00 461] [Message] [v1.0.1] GetQrCode Result=  {"code":1,"msg":"登录二维码","data":{"guid":"C82BE0138A26FE539D1CC9D6C6261CE8","type":"user","url":"http:\/\/cashier.cdsoftware.cn\/index.php\/api\/auth\/confirm?guid=C82BE0138A26FE539D1CC9D6C6261CE8&type=user"}}
[2018/12/28 16:07:00 815] [Message] [v1.0.1] inResult=  登录二维码
[2018/12/28 16:07:00 817] [Message] [v1.0.1] guid=  C82BE0138A26FE539D1CC9D6C6261CE8
[2018/12/28 16:07:00 818] [Message] [v1.0.1] url=  http://cashier.cdsoftware.cn/index.php/api/auth/confirm?guid=C82BE0138A26FE539D1CC9D6C6261CE8&type=user
[2018/12/28 16:07:05 745] [Message] [v1.0.1] 启动检查用户二维码扫描登录线程... 
[2018/12/28 16:07:05 774] [Message] [v1.0.1] 启动刷新二维码线程... 
[2018/12/28 16:07:05 801] [Message] [v1.0.1] QrCodeLogin Send =  guid=C82BE0138A26FE539D1CC9D6C6261CE8
[2018/12/28 16:07:05 940] [Message] [v1.0.1] Result =  {"code":0,"msg":"请扫码","data":""}
[2018/12/28 16:07:08 006] [Message] [v1.0.1] QrCodeLogin Send =  guid=C82BE0138A26FE539D1CC9D6C6261CE8
[2018/12/28 16:07:08 115] [Message] [v1.0.1] Result =  {"code":0,"msg":"请扫码","data":""}
[2018/12/28 16:07:10 167] [Message] [v1.0.1] QrCodeLogin Send =  guid=C82BE0138A26FE539D1CC9D6C6261CE8
[2018/12/28 16:07:10 274] [Message] [v1.0.1] Result =  {"code":0,"msg":"请扫码","data":""}
[2018/12/28 16:07:12 326] [Message] [v1.0.1] QrCodeLogin Send =  guid=C82BE0138A26FE539D1CC9D6C6261CE8
[2018/12/28 16:07:12 436] [Message] [v1.0.1] Result =  {"code":2,"msg":"扫描成功请在微信上进行后续操作","data":""}
[2018/12/28 16:07:14 488] [Message] [v1.0.1] QrCodeLogin Send =  guid=C82BE0138A26FE539D1CC9D6C6261CE8
[2018/12/28 16:07:14 595] [Message] [v1.0.1] Result =  {"code":1,"msg":"token","data":{"token":"ac9f1a69387518e3c4c8da862b6a047c","ip":"119.123.204.224"}}
[2018/12/28 16:07:18 675] [Message] [v1.0.1] ===================用户信息=================== Start
[2018/12/28 16:07:18 679] [Message] [v1.0.1] GetUserInfo Send =  key=ac9f1a69387518e3c4c8da862b6a047c
[2018/12/28 16:07:18 798] [Message] [v1.0.1] Result =  {"code":1,"msg":"用户信息","data":{"id":"1000000008","agent_id":"00000000","merchant_id":"1000000011","store_id":"0000000000","username":"测试","phone":"18698865001","open_id":"","type":"1","time_create":"1545983412","time_update":"0","status":"1","agent":null,"merchant":{"id":"1000000011","agent_id":"10000006","name":"测试","short_name":"","number":"110110110","principal_name":"贡伟伟","principal_phone":"18698865001","contact_name":"测试","contact_phone":"18698865001","contact_email":"116053030@qq.com","address":"沈阳市","time_create":"1545977701","time_update":"0","status":"1"},"store":null}}
[2018/12/28 16:07:18 818] [Message] [v1.0.1] data =  {
  "id": "1000000008",
  "agent_id": "00000000",
  "merchant_id": "1000000011",
  "store_id": "0000000000",
  "username": "测试",
  "phone": "18698865001",
  "open_id": "",
  "type": "1",
  "time_create": "1545983412",
  "time_update": "0",
  "status": "1",
  "agent": null,
  "merchant": {
    "id": "1000000011",
    "agent_id": "10000006",
    "name": "测试",
    "short_name": "",
    "number": "110110110",
    "principal_name": "贡伟伟",
    "principal_phone": "18698865001",
    "contact_name": "测试",
    "contact_phone": "18698865001",
    "contact_email": "116053030@qq.com",
    "address": "沈阳市",
    "time_create": "1545977701",
    "time_update": "0",
    "status": "1"
  },
  "store": null
}
[2018/12/28 16:07:18 820] [Message] [v1.0.1] agent =  
[2018/12/28 16:07:18 821] [Message] [v1.0.1] merchant =  {
  "id": "1000000011",
  "agent_id": "10000006",
  "name": "测试",
  "short_name": "",
  "number": "110110110",
  "principal_name": "贡伟伟",
  "principal_phone": "18698865001",
  "contact_name": "测试",
  "contact_phone": "18698865001",
  "contact_email": "116053030@qq.com",
  "address": "沈阳市",
  "time_create": "1545977701",
  "time_update": "0",
  "status": "1"
}
[2018/12/28 16:07:18 822] [Message] [v1.0.1] store =  
[2018/12/28 16:07:18 823] [Message] [v1.0.1] userinfo.id =  1000000008
[2018/12/28 16:07:18 824] [Message] [v1.0.1] userinfo.agent_id =  00000000
[2018/12/28 16:07:18 825] [Message] [v1.0.1] userinfo.merchant_id =  1000000011
[2018/12/28 16:07:18 826] [Message] [v1.0.1] userinfo.store_id =  0000000000
[2018/12/28 16:07:18 827] [Message] [v1.0.1] userinfo.username =  测试
[2018/12/28 16:07:18 828] [Message] [v1.0.1] userinfo.phone =  18698865001
[2018/12/28 16:07:18 829] [Message] [v1.0.1] userinfo.open_id =  
[2018/12/28 16:07:18 830] [Message] [v1.0.1] userinfo.type =  1
[2018/12/28 16:07:18 831] [Message] [v1.0.1] userinfo.status =  1
[2018/12/28 16:08:21 061] [Message] [v1.0.1] ===================用户登陆=================== Start
[2018/12/28 16:08:21 197] [Message] [v1.0.1] Login Send =  username=user_1_1&password=1111111
[2018/12/28 16:08:21 705] [Message] [v1.0.1] Result =  {"code":1,"msg":"登录成功","data":{"token":"b050a337be2b7cce24dd1f8d0c9942d4","info":{"app_type":"api","id":"1000000001","agent_id":"10000001","store_id":"1000000001","merchant_id":"1000000001","user_type":"2","type":"2","username":"user_1_1","open_id":"","timestamp":1545984503}}}
[2018/12/28 16:08:21 898] [Message] [v1.0.1] ===================用户登陆=================== End
[2018/12/28 16:08:26 880] [Message] [v1.0.1] ===================用户信息=================== Start
[2018/12/28 16:08:26 898] [Message] [v1.0.1] GetUserInfo Send =  key=b050a337be2b7cce24dd1f8d0c9942d4
[2018/12/28 16:08:27 015] [Message] [v1.0.1] Result =  {"code":1,"msg":"用户信息","data":{"id":"1000000001","agent_id":"10000001","merchant_id":"1000000001","store_id":"1000000001","username":"user_1_1","phone":"15153294092","open_id":"","type":"2","time_create":"1527211953","time_update":"1533293063","status":"1","agent":{"id":"10000001","pid":"00000000","name":"代理商1","number":"1111111111111111","address":"代理商地址1","principal_name":"负责人1","principal_phone":"15153294092","contact_name":"联系人1","contact_phone":"111111","contact_email":"youxiang@youxiang.com","time_create":"0","time_update":"1533178664","status":"1"},"merchant":{"id":"1000000001","agent_id":"10000001","name":"测试子商户1","short_name":"子商户1","number":"1000000001","principal_name":null,"principal_phone":null,"contact_name":"联系人1","contact_phone":"15153294092","contact_email":"sdsads@qq.com","address":null,"time_create":"0","time_update":"1533523267","status":"1"},"store":{"id":"1000000001","merchant_id":"1000000001","name":"华阳路店","number":"0011","principal_name":"王晓文","principal_phone":"15153294092","address":"青岛市市北区华阳路66号","time_create":"0","time_update":"1545619725","status":"1"}}}
[2018/12/28 16:08:27 035] [Message] [v1.0.1] data =  {
  "id": "1000000001",
  "agent_id": "10000001",
  "merchant_id": "1000000001",
  "store_id": "1000000001",
  "username": "user_1_1",
  "phone": "15153294092",
  "open_id": "",
  "type": "2",
  "time_create": "1527211953",
  "time_update": "1533293063",
  "status": "1",
  "agent": {
    "id": "10000001",
    "pid": "00000000",
    "name": "代理商1",
    "number": "1111111111111111",
    "address": "代理商地址1",
    "principal_name": "负责人1",
    "principal_phone": "15153294092",
    "contact_name": "联系人1",
    "contact_phone": "111111",
    "contact_email": "youxiang@youxiang.com",
    "time_create": "0",
    "time_update": "1533178664",
    "status": "1"
  },
  "merchant": {
    "id": "1000000001",
    "agent_id": "10000001",
    "name": "测试子商户1",
    "short_name": "子商户1",
    "number": "1000000001",
    "principal_name": null,
    "principal_phone": null,
    "contact_name": "联系人1",
    "contact_phone": "15153294092",
    "contact_email": "sdsads@qq.com",
    "address": null,
    "time_create": "0",
    "time_update": "1533523267",
    "status": "1"
  },
  "store": {
    "id": "1000000001",
    "merchant_id": "1000000001",
    "name": "华阳路店",
    "number": "0011",
    "principal_name": "王晓文",
    "principal_phone": "15153294092",
    "address": "青岛市市北区华阳路66号",
    "time_create": "0",
    "time_update": "1545619725",
    "status": "1"
  }
}
[2018/12/28 16:08:27 038] [Message] [v1.0.1] agent =  {
  "id": "10000001",
  "pid": "00000000",
  "name": "代理商1",
  "number": "1111111111111111",
  "address": "代理商地址1",
  "principal_name": "负责人1",
  "principal_phone": "15153294092",
  "contact_name": "联系人1",
  "contact_phone": "111111",
  "contact_email": "youxiang@youxiang.com",
  "time_create": "0",
  "time_update": "1533178664",
  "status": "1"
}
[2018/12/28 16:08:27 047] [Message] [v1.0.1] merchant =  {
  "id": "1000000001",
  "agent_id": "10000001",
  "name": "测试子商户1",
  "short_name": "子商户1",
  "number": "1000000001",
  "principal_name": null,
  "principal_phone": null,
  "contact_name": "联系人1",
  "contact_phone": "15153294092",
  "contact_email": "sdsads@qq.com",
  "address": null,
  "time_create": "0",
  "time_update": "1533523267",
  "status": "1"
}
[2018/12/28 16:08:27 048] [Message] [v1.0.1] store =  {
  "id": "1000000001",
  "merchant_id": "1000000001",
  "name": "华阳路店",
  "number": "0011",
  "principal_name": "王晓文",
  "principal_phone": "15153294092",
  "address": "青岛市市北区华阳路66号",
  "time_create": "0",
  "time_update": "1545619725",
  "status": "1"
}
[2018/12/28 16:08:27 049] [Message] [v1.0.1] userinfo.id =  1000000001
[2018/12/28 16:08:27 075] [Message] [v1.0.1] userinfo.agent_id =  10000001
[2018/12/28 16:08:27 086] [Message] [v1.0.1] userinfo.merchant_id =  1000000001
[2018/12/28 16:08:27 087] [Message] [v1.0.1] userinfo.store_id =  1000000001
[2018/12/28 16:08:27 115] [Message] [v1.0.1] userinfo.username =  user_1_1
[2018/12/28 16:08:27 136] [Message] [v1.0.1] userinfo.phone =  15153294092
[2018/12/28 16:08:27 142] [Message] [v1.0.1] userinfo.open_id =  
[2018/12/28 16:08:27 143] [Message] [v1.0.1] userinfo.type =  2
[2018/12/28 16:08:27 146] [Message] [v1.0.1] userinfo.status =  1
[2018/12/28 16:08:27 171] [Message] [v1.0.1] merchantinfo.id =  1000000001
[2018/12/28 16:08:27 187] [Message] [v1.0.1] merchantinfo.agent_id =  10000001
[2018/12/28 16:08:27 189] [Message] [v1.0.1] merchantinfo.name =  测试子商户1
[2018/12/28 16:08:27 205] [Message] [v1.0.1] merchantinfo.short_name =  子商户1
[2018/12/28 16:08:27 207] [Message] [v1.0.1] merchantinfo.number =  1000000001
[2018/12/28 16:08:27 229] [Message] [v1.0.1] merchantinfo.principal_name =  
[2018/12/28 16:08:27 236] [Message] [v1.0.1] merchantinfo.principal_phone =  
[2018/12/28 16:08:27 237] [Message] [v1.0.1] merchantinfo.contact_name =  联系人1
[2018/12/28 16:08:27 239] [Message] [v1.0.1] merchantinfo.contact_phone =  15153294092
[2018/12/28 16:08:27 268] [Message] [v1.0.1] merchantinfo.contact_email =  sdsads@qq.com
[2018/12/28 16:08:27 272] [Message] [v1.0.1] merchantinfo.address =  
[2018/12/28 16:08:27 274] [Message] [v1.0.1] merchantinfo.status =  1
[2018/12/28 16:08:27 276] [Message] [v1.0.1] storeinfo.id =  1000000001
[2018/12/28 16:08:27 278] [Message] [v1.0.1] storeinfo.merchant_id =  1000000001
[2018/12/28 16:08:27 279] [Message] [v1.0.1] storeinfo.name =  华阳路店
[2018/12/28 16:08:27 281] [Message] [v1.0.1] storeinfo.number =  0011
[2018/12/28 16:08:27 283] [Message] [v1.0.1] storeinfo.principal_name =  王晓文
[2018/12/28 16:08:27 284] [Message] [v1.0.1] storeinfo.principal_phone =  15153294092
[2018/12/28 16:08:27 287] [Message] [v1.0.1] storeinfo.address =  青岛市市北区华阳路66号
[2018/12/28 16:08:27 288] [Message] [v1.0.1] storeinfo.status =  1
[2018/12/28 16:08:27 290] [Message] [v1.0.1] ===================用户信息=================== End
[2018/12/28 16:08:27 311] [Message] [v1.0.1] ===================门店列表=================== Start
[2018/12/28 16:08:27 314] [Message] [v1.0.1] GetStoreList Send =  key=b050a337be2b7cce24dd1f8d0c9942d4
[2018/12/28 16:08:27 422] [Message] [v1.0.1] Result =  {"code":1,"msg":"店铺列表","data":{"list":[{"id":"1000000003","merchant_id":"1000000001","name":"台东店","number":"563255","principal_name":"李华","principal_phone":"15153294092","address":"青岛市市北区台东六路112号","time_create":"1532659891","time_update":"1545619694","status":"1"},{"id":"1000000002","merchant_id":"1000000001","name":"银川路店","number":"0012","principal_name":"邱明明","principal_phone":"15153294093","address":"崂山区银川西路112号","time_create":"0","time_update":"1545619710","status":"1"},{"id":"1000000001","merchant_id":"1000000001","name":"华阳路店","number":"0011","principal_name":"王晓文","principal_phone":"15153294092","address":"青岛市市北区华阳路66号","time_create":"0","time_update":"1545619725","status":"1"}]}}
[2018/12/28 16:08:27 425] [Message] [v1.0.1] list =  [
  {
    "id": "1000000003",
    "merchant_id": "1000000001",
    "name": "台东店",
    "number": "563255",
    "principal_name": "李华",
    "principal_phone": "15153294092",
    "address": "青岛市市北区台东六路112号",
    "time_create": "1532659891",
    "time_update": "1545619694",
    "status": "1"
  },
  {
    "id": "1000000002",
    "merchant_id": "1000000001",
    "name": "银川路店",
    "number": "0012",
    "principal_name": "邱明明",
    "principal_phone": "15153294093",
    "address": "崂山区银川西路112号",
    "time_create": "0",
    "time_update": "1545619710",
    "status": "1"
  },
  {
    "id": "1000000001",
    "merchant_id": "1000000001",
    "name": "华阳路店",
    "number": "0011",
    "principal_name": "王晓文",
    "principal_phone": "15153294092",
    "address": "青岛市市北区华阳路66号",
    "time_create": "0",
    "time_update": "1545619725",
    "status": "1"
  }
]
[2018/12/28 16:08:27 431] [Message] [v1.0.1] storelist[1].id =  1000000003
[2018/12/28 16:08:27 433] [Message] [v1.0.1] storelist[1].merchant_id =  1000000001
[2018/12/28 16:08:27 435] [Message] [v1.0.1] storelist[1].name =  台东店
[2018/12/28 16:08:27 437] [Message] [v1.0.1] storelist[1].number =  563255
[2018/12/28 16:08:27 439] [Message] [v1.0.1] storelist[1].principal_name =  李华
[2018/12/28 16:08:27 441] [Message] [v1.0.1] storelist[1].principal_phone =  15153294092
[2018/12/28 16:08:27 442] [Message] [v1.0.1] storelist[1].address =  青岛市市北区台东六路112号
[2018/12/28 16:08:27 444] [Message] [v1.0.1] storelist[1].status =  1
[2018/12/28 16:08:27 446] [Message] [v1.0.1] storelist[2].id =  1000000002
[2018/12/28 16:08:27 448] [Message] [v1.0.1] storelist[2].merchant_id =  1000000001
[2018/12/28 16:08:27 450] [Message] [v1.0.1] storelist[2].name =  银川路店
[2018/12/28 16:08:27 452] [Message] [v1.0.1] storelist[2].number =  0012
[2018/12/28 16:08:27 454] [Message] [v1.0.1] storelist[2].principal_name =  邱明明
[2018/12/28 16:08:27 456] [Message] [v1.0.1] storelist[2].principal_phone =  15153294093
[2018/12/28 16:08:27 458] [Message] [v1.0.1] storelist[2].address =  崂山区银川西路112号
[2018/12/28 16:08:27 461] [Message] [v1.0.1] storelist[2].status =  1
[2018/12/28 16:08:27 465] [Message] [v1.0.1] storelist[3].id =  1000000001
[2018/12/28 16:08:27 466] [Message] [v1.0.1] storelist[3].merchant_id =  1000000001
[2018/12/28 16:08:27 468] [Message] [v1.0.1] storelist[3].name =  华阳路店
[2018/12/28 16:08:27 471] [Message] [v1.0.1] storelist[3].number =  0011
[2018/12/28 16:08:27 476] [Message] [v1.0.1] storelist[3].principal_name =  王晓文
[2018/12/28 16:08:27 478] [Message] [v1.0.1] storelist[3].principal_phone =  15153294092
[2018/12/28 16:08:27 479] [Message] [v1.0.1] storelist[3].address =  青岛市市北区华阳路66号
[2018/12/28 16:08:27 485] [Message] [v1.0.1] storelist[3].status =  1
[2018/12/28 16:08:27 536] [Message] [v1.0.1] ===================门店列表=================== End
[2018/12/28 16:08:27 539] [Message] [v1.0.1] ===================店员列表=================== Start
[2018/12/28 16:08:27 542] [Message] [v1.0.1] GetUserList Send =  key=b050a337be2b7cce24dd1f8d0c9942d4&store_id=1000000001
[2018/12/28 16:08:27 654] [Message] [v1.0.1] Result =  {"code":1,"msg":"店员列表","data":{"list":[{"id":"1000000003","username":"user_1_2","phone":"15153294092"},{"id":"1000000001","username":"user_1_1","phone":"15153294092"}]}}
[2018/12/28 16:08:27 655] [Message] [v1.0.1] list =  [
  {
    "id": "1000000003",
    "username": "user_1_2",
    "phone": "15153294092"
  },
  {
    "id": "1000000001",
    "username": "user_1_1",
    "phone": "15153294092"
  }
]
[2018/12/28 16:08:27 657] [Message] [v1.0.1] userlist[1].id =  1000000003
[2018/12/28 16:08:27 658] [Message] [v1.0.1] userlist[1].username =  user_1_2
[2018/12/28 16:08:27 659] [Message] [v1.0.1] userlist[1].phone =  15153294092
[2018/12/28 16:08:27 661] [Message] [v1.0.1] userlist[2].id =  1000000001
[2018/12/28 16:08:27 662] [Message] [v1.0.1] userlist[2].username =  user_1_1
[2018/12/28 16:08:27 664] [Message] [v1.0.1] userlist[2].phone =  15153294092
[2018/12/28 16:08:27 691] [Message] [v1.0.1] ===================店员列表=================== End
[2018/12/28 16:08:27 694] [Message] [v1.0.1] ===================设备列表=================== Start
[2018/12/28 16:08:27 696] [Message] [v1.0.1] GetDeviceList Send =  key=b050a337be2b7cce24dd1f8d0c9942d4&store_id=1000000001
[2018/12/28 16:08:27 805] [Message] [v1.0.1] Result =  {"code":1,"msg":"设备列表","data":{"list":[{"id":"1000000002","name":"设备4","number":"002","type":"1"},{"id":"1000000001","name":"设备1","number":"001","type":"2"}]}}
[2018/12/28 16:08:27 807] [Message] [v1.0.1] list =  [
  {
    "id": "1000000002",
    "name": "设备4",
    "number": "002",
    "type": "1"
  },
  {
    "id": "1000000001",
    "name": "设备1",
    "number": "001",
    "type": "2"
  }
]
[2018/12/28 16:08:27 809] [Message] [v1.0.1] devicelist[1].id =  1000000002
[2018/12/28 16:08:27 811] [Message] [v1.0.1] devicelist[1].name =  设备4
[2018/12/28 16:08:27 813] [Message] [v1.0.1] devicelist[1].number =  002
[2018/12/28 16:08:27 817] [Message] [v1.0.1] devicelist[1].type =  1
[2018/12/28 16:08:27 819] [Message] [v1.0.1] devicelist[2].id =  1000000001
[2018/12/28 16:08:27 821] [Message] [v1.0.1] devicelist[2].name =  设备1
[2018/12/28 16:08:27 824] [Message] [v1.0.1] devicelist[2].number =  001
[2018/12/28 16:08:27 826] [Message] [v1.0.1] devicelist[2].type =  2
[2018/12/28 16:08:27 891] [Message] [v1.0.1] ===================设备列表=================== End
[2018/12/28 16:08:27 894] [Message] [v1.0.1] ===================交易类型列表=================== Start
[2018/12/28 16:08:27 901] [Message] [v1.0.1] Get_all_paymentList Send =  key=b050a337be2b7cce24dd1f8d0c9942d4
[2018/12/28 16:08:28 019] [Message] [v1.0.1] Result =  {"code":1,"msg":"交易类型","data":{"qrcode":"扫码支付","barcode":"条码支付","weixin_public":"微信公众号支付"}}
[2018/12/28 16:08:28 021] [Message] [v1.0.1] data =  {
  "qrcode": "扫码支付",
  "barcode": "条码支付",
  "weixin_public": "微信公众号支付"
}
[2018/12/28 16:08:28 185] [Message] [v1.0.1] ===================交易类型列表=================== End
[2018/12/28 16:08:28 191] [Message] [v1.0.1] ===================交易方式列表=================== Start
[2018/12/28 16:08:28 195] [Message] [v1.0.1] Get_all_payment_channel =  key=b050a337be2b7cce24dd1f8d0c9942d4
[2018/12/28 16:08:28 300] [Message] [v1.0.1] Result =  {"code":1,"msg":"支付方式","data":{"weixin":"微信","alipay":"支付宝","unionpay":"银联","xt":"新天","xz_weixin":"现在微信","xz_alipay":"现在支付宝","sf_weixin":"上福微信","sf_alipay":"上福支付宝"}}
[2018/12/28 16:08:28 301] [Message] [v1.0.1] data =  {
  "weixin": "微信",
  "alipay": "支付宝",
  "unionpay": "银联",
  "xt": "新天",
  "xz_weixin": "现在微信",
  "xz_alipay": "现在支付宝",
  "sf_weixin": "上福微信",
  "sf_alipay": "上福支付宝"
}
[2018/12/28 16:08:28 303] [Message] [v1.0.1] ===================交易方式列表=================== End
[2018/12/28 16:08:28 306] [Message] [v1.0.1] ===================订单状态=================== Start
[2018/12/28 16:08:28 307] [Message] [v1.0.1] ApiGet_all_OrderStatus Send =  key=b050a337be2b7cce24dd1f8d0c9942d4
[2018/12/28 16:08:28 420] [Message] [v1.0.1] Result =  {"code":1,"msg":"订单状态","data":{"1":"待支付","2":"处理中","3":"支付成功","4":"支付失败","5":"交易撤销","6":"交易关闭","7":"转入退款"}}
[2018/12/28 16:08:28 424] [Message] [v1.0.1] inResult=  订单状态
[2018/12/28 16:08:28 428] [Message] [v1.0.1] ===================订单状态=================== End
[2018/12/28 16:08:28 431] [Message] [v1.0.1] ===================退款状态=================== Start
[2018/12/28 16:08:28 432] [Message] [v1.0.1] ApiGet_all_RefundStatus Send =  key=b050a337be2b7cce24dd1f8d0c9942d4
[2018/12/28 16:08:28 541] [Message] [v1.0.1] Result =  {"code":1,"msg":"退款状态","data":{"1":"待处理","2":"处理中","3":"退款成功","4":"退款失败"}}
[2018/12/28 16:08:28 543] [Message] [v1.0.1] inResult=  退款状态
[2018/12/28 16:08:28 544] [Message] [v1.0.1] ===================退款状态=================== End
[2018/12/28 16:08:40 813] [Message] [v1.0.1] GetQrCode Result=  {"code":1,"msg":"登录二维码","data":{"guid":"76020FB3EEF28BC9D331EB317F7E555E","type":"user","url":"http:\/\/cashier.cdsoftware.cn\/index.php\/api\/auth\/confirm?guid=76020FB3EEF28BC9D331EB317F7E555E&type=user"}}
[2018/12/28 16:08:40 987] [Message] [v1.0.1] inResult=  登录二维码
[2018/12/28 16:08:40 989] [Message] [v1.0.1] guid=  76020FB3EEF28BC9D331EB317F7E555E
[2018/12/28 16:08:40 991] [Message] [v1.0.1] url=  http://cashier.cdsoftware.cn/index.php/api/auth/confirm?guid=76020FB3EEF28BC9D331EB317F7E555E&type=user
[2018/12/28 16:08:44 029] [Message] [v1.0.1] 启动刷新二维码线程... 
[2018/12/28 16:08:45 128] [Message] [v1.0.1] 启动检查用户二维码扫描登录线程... 
[2018/12/28 16:08:45 184] [Message] [v1.0.1] QrCodeLogin Send =  guid=76020FB3EEF28BC9D331EB317F7E555E
[2018/12/28 16:08:45 373] [Message] [v1.0.1] Result =  {"code":0,"msg":"请扫码","data":""}
[2018/12/28 16:08:47 427] [Message] [v1.0.1] QrCodeLogin Send =  guid=76020FB3EEF28BC9D331EB317F7E555E
[2018/12/28 16:08:47 534] [Message] [v1.0.1] Result =  {"code":0,"msg":"请扫码","data":""}
[2018/12/28 16:08:49 587] [Message] [v1.0.1] QrCodeLogin Send =  guid=76020FB3EEF28BC9D331EB317F7E555E
[2018/12/28 16:08:49 693] [Message] [v1.0.1] Result =  {"code":0,"msg":"请扫码","data":""}
[2018/12/28 16:08:51 746] [Message] [v1.0.1] QrCodeLogin Send =  guid=76020FB3EEF28BC9D331EB317F7E555E
[2018/12/28 16:08:51 854] [Message] [v1.0.1] Result =  {"code":2,"msg":"扫描成功请在微信上进行后续操作","data":""}
[2018/12/28 16:08:53 907] [Message] [v1.0.1] QrCodeLogin Send =  guid=76020FB3EEF28BC9D331EB317F7E555E
[2018/12/28 16:08:54 022] [Message] [v1.0.1] Result =  {"code":1,"msg":"token","data":{"token":"9bb740d200f0ba5db4dafffb295cce5b","ip":"119.123.204.224"}}
[2018/12/28 16:09:03 922] [Message] [v1.0.1] ===================用户信息=================== Start
[2018/12/28 16:09:04 278] [Message] [v1.0.1] GetUserInfo Send =  key=9bb740d200f0ba5db4dafffb295cce5b
[2018/12/28 16:09:04 650] [Message] [v1.0.1] Result =  {"code":1,"msg":"用户信息","data":{"id":"1000000008","agent_id":"00000000","merchant_id":"1000000011","store_id":"0000000000","username":"测试","phone":"18698865001","open_id":"","type":"1","time_create":"1545983412","time_update":"0","status":"1","agent":null,"merchant":{"id":"1000000011","agent_id":"10000006","name":"测试","short_name":"","number":"110110110","principal_name":"贡伟伟","principal_phone":"18698865001","contact_name":"测试","contact_phone":"18698865001","contact_email":"116053030@qq.com","address":"沈阳市","time_create":"1545977701","time_update":"0","status":"1"},"store":null}}
[2018/12/28 16:09:07 820] [Message] [v1.0.1] data =  {
  "id": "1000000008",
  "agent_id": "00000000",
  "merchant_id": "1000000011",
  "store_id": "0000000000",
  "username": "测试",
  "phone": "18698865001",
  "open_id": "",
  "type": "1",
  "time_create": "1545983412",
  "time_update": "0",
  "status": "1",
  "agent": null,
  "merchant": {
    "id": "1000000011",
    "agent_id": "10000006",
    "name": "测试",
    "short_name": "",
    "number": "110110110",
    "principal_name": "贡伟伟",
    "principal_phone": "18698865001",
    "contact_name": "测试",
    "contact_phone": "18698865001",
    "contact_email": "116053030@qq.com",
    "address": "沈阳市",
    "time_create": "1545977701",
    "time_update": "0",
    "status": "1"
  },
  "store": null
}
[2018/12/28 16:09:08 207] [Message] [v1.0.1] agent =  
[2018/12/28 16:09:08 561] [Message] [v1.0.1] merchant =  {
  "id": "1000000011",
  "agent_id": "10000006",
  "name": "测试",
  "short_name": "",
  "number": "110110110",
  "principal_name": "贡伟伟",
  "principal_phone": "18698865001",
  "contact_name": "测试",
  "contact_phone": "18698865001",
  "contact_email": "116053030@qq.com",
  "address": "沈阳市",
  "time_create": "1545977701",
  "time_update": "0",
  "status": "1"
}
[2018/12/28 16:09:08 924] [Message] [v1.0.1] store =  
[2018/12/28 16:09:09 436] [Message] [v1.0.1] userinfo.id =  1000000008
[2018/12/28 16:09:09 819] [Message] [v1.0.1] userinfo.agent_id =  00000000
[2018/12/28 16:09:10 184] [Message] [v1.0.1] userinfo.merchant_id =  1000000011
[2018/12/28 16:09:10 557] [Message] [v1.0.1] userinfo.store_id =  0000000000
[2018/12/28 16:09:10 893] [Message] [v1.0.1] userinfo.username =  测试
[2018/12/28 16:09:11 250] [Message] [v1.0.1] userinfo.phone =  18698865001
[2018/12/28 16:09:11 603] [Message] [v1.0.1] userinfo.open_id =  
[2018/12/28 16:09:12 051] [Message] [v1.0.1] userinfo.type =  1
[2018/12/28 16:09:13 096] [Message] [v1.0.1] userinfo.status =  1
[2018/12/28 16:12:22 263] [Message] [v1.0.1] merchantinfo.id =  1000000011
[2018/12/28 16:12:22 676] [Message] [v1.0.1] merchantinfo.agent_id =  10000006
[2018/12/28 16:12:23 045] [Message] [v1.0.1] merchantinfo.name =  测试
[2018/12/28 16:12:23 526] [Message] [v1.0.1] merchantinfo.short_name =  
[2018/12/28 16:12:23 779] [Message] [v1.0.1] merchantinfo.number =  110110110
[2018/12/28 16:12:24 155] [Message] [v1.0.1] merchantinfo.principal_name =  贡伟伟
[2018/12/28 16:12:24 526] [Message] [v1.0.1] merchantinfo.principal_phone =  18698865001
[2018/12/28 16:12:24 900] [Message] [v1.0.1] merchantinfo.contact_name =  测试
[2018/12/28 16:12:25 309] [Message] [v1.0.1] merchantinfo.contact_phone =  18698865001
[2018/12/28 16:12:25 901] [Message] [v1.0.1] merchantinfo.contact_email =  116053030@qq.com
[2018/12/28 16:12:26 252] [Message] [v1.0.1] merchantinfo.address =  沈阳市
[2018/12/28 16:12:26 658] [Message] [v1.0.1] merchantinfo.status =  1
[2018/12/28 16:13:17 382] [Message] [v1.0.1] GetQrCode Result=  {"code":1,"msg":"登录二维码","data":{"guid":"A1F85C8E0913BCF6AE565C685FFE19F2","type":"user","url":"http:\/\/cashier.cdsoftware.cn\/index.php\/api\/auth\/confirm?guid=A1F85C8E0913BCF6AE565C685FFE19F2&type=user"}}
[2018/12/28 16:13:17 699] [Message] [v1.0.1] inResult=  登录二维码
[2018/12/28 16:13:17 701] [Message] [v1.0.1] guid=  A1F85C8E0913BCF6AE565C685FFE19F2
[2018/12/28 16:13:17 704] [Message] [v1.0.1] url=  http://cashier.cdsoftware.cn/index.php/api/auth/confirm?guid=A1F85C8E0913BCF6AE565C685FFE19F2&type=user
[2018/12/28 16:13:20 806] [Message] [v1.0.1] 启动检查用户二维码扫描登录线程... 
[2018/12/28 16:13:20 814] [Message] [v1.0.1] 启动刷新二维码线程... 
[2018/12/28 16:13:20 862] [Message] [v1.0.1] QrCodeLogin Send =  guid=A1F85C8E0913BCF6AE565C685FFE19F2
[2018/12/28 16:13:20 972] [Message] [v1.0.1] Result =  {"code":0,"msg":"请扫码","data":""}
[2018/12/28 16:13:23 025] [Message] [v1.0.1] QrCodeLogin Send =  guid=A1F85C8E0913BCF6AE565C685FFE19F2
[2018/12/28 16:13:23 119] [Message] [v1.0.1] Result =  {"code":0,"msg":"请扫码","data":""}
[2018/12/28 16:13:25 172] [Message] [v1.0.1] QrCodeLogin Send =  guid=A1F85C8E0913BCF6AE565C685FFE19F2
[2018/12/28 16:13:25 271] [Message] [v1.0.1] Result =  {"code":0,"msg":"请扫码","data":""}
[2018/12/28 16:13:27 324] [Message] [v1.0.1] QrCodeLogin Send =  guid=A1F85C8E0913BCF6AE565C685FFE19F2
[2018/12/28 16:13:27 435] [Message] [v1.0.1] Result =  {"code":2,"msg":"扫描成功请在微信上进行后续操作","data":""}
[2018/12/28 16:13:29 488] [Message] [v1.0.1] QrCodeLogin Send =  guid=A1F85C8E0913BCF6AE565C685FFE19F2
[2018/12/28 16:13:29 588] [Message] [v1.0.1] Result =  {"code":1,"msg":"token","data":{"token":"369fd0584688915e269c1d9b699abd6c","ip":"119.123.204.224"}}
[2018/12/28 16:13:35 180] [Message] [v1.0.1] ===================用户信息=================== Start
[2018/12/28 16:13:35 184] [Message] [v1.0.1] GetUserInfo Send =  key=369fd0584688915e269c1d9b699abd6c
[2018/12/28 16:13:35 293] [Message] [v1.0.1] Result =  {"code":1,"msg":"用户信息","data":{"id":"1000000008","agent_id":"00000000","merchant_id":"1000000011","store_id":"0000000000","username":"测试","phone":"18698865001","open_id":"","type":"1","time_create":"1545983412","time_update":"0","status":"1","agent":null,"merchant":{"id":"1000000011","agent_id":"10000006","name":"测试","short_name":"","number":"110110110","principal_name":"贡伟伟","principal_phone":"18698865001","contact_name":"测试","contact_phone":"18698865001","contact_email":"116053030@qq.com","address":"沈阳市","time_create":"1545977701","time_update":"0","status":"1"},"store":null}}
[2018/12/28 16:13:35 335] [Message] [v1.0.1] data =  {
  "id": "1000000008",
  "agent_id": "00000000",
  "merchant_id": "1000000011",
  "store_id": "0000000000",
  "username": "测试",
  "phone": "18698865001",
  "open_id": "",
  "type": "1",
  "time_create": "1545983412",
  "time_update": "0",
  "status": "1",
  "agent": null,
  "merchant": {
    "id": "1000000011",
    "agent_id": "10000006",
    "name": "测试",
    "short_name": "",
    "number": "110110110",
    "principal_name": "贡伟伟",
    "principal_phone": "18698865001",
    "contact_name": "测试",
    "contact_phone": "18698865001",
    "contact_email": "116053030@qq.com",
    "address": "沈阳市",
    "time_create": "1545977701",
    "time_update": "0",
    "status": "1"
  },
  "store": null
}
[2018/12/28 16:13:35 337] [Message] [v1.0.1] agent =  
[2018/12/28 16:13:35 338] [Message] [v1.0.1] merchant =  {
  "id": "1000000011",
  "agent_id": "10000006",
  "name": "测试",
  "short_name": "",
  "number": "110110110",
  "principal_name": "贡伟伟",
  "principal_phone": "18698865001",
  "contact_name": "测试",
  "contact_phone": "18698865001",
  "contact_email": "116053030@qq.com",
  "address": "沈阳市",
  "time_create": "1545977701",
  "time_update": "0",
  "status": "1"
}
[2018/12/28 16:13:35 340] [Message] [v1.0.1] store =  
[2018/12/28 16:13:35 341] [Message] [v1.0.1] userinfo.id =  1000000008
[2018/12/28 16:13:35 343] [Message] [v1.0.1] userinfo.agent_id =  00000000
[2018/12/28 16:13:35 345] [Message] [v1.0.1] userinfo.merchant_id =  1000000011
[2018/12/28 16:13:35 346] [Message] [v1.0.1] userinfo.store_id =  0000000000
[2018/12/28 16:13:35 348] [Message] [v1.0.1] userinfo.username =  测试
[2018/12/28 16:13:35 349] [Message] [v1.0.1] userinfo.phone =  18698865001
[2018/12/28 16:13:35 351] [Message] [v1.0.1] userinfo.open_id =  
[2018/12/28 16:13:35 352] [Message] [v1.0.1] userinfo.type =  1
[2018/12/28 16:13:35 354] [Message] [v1.0.1] userinfo.status =  1
[2018/12/28 16:13:35 355] [Message] [v1.0.1] merchantinfo.id =  1000000011
[2018/12/28 16:13:35 357] [Message] [v1.0.1] merchantinfo.agent_id =  10000006
[2018/12/28 16:13:35 358] [Message] [v1.0.1] merchantinfo.name =  测试
[2018/12/28 16:13:35 359] [Message] [v1.0.1] merchantinfo.short_name =  
[2018/12/28 16:13:35 361] [Message] [v1.0.1] merchantinfo.number =  110110110
[2018/12/28 16:13:35 363] [Message] [v1.0.1] merchantinfo.principal_name =  贡伟伟
[2018/12/28 16:13:35 364] [Message] [v1.0.1] merchantinfo.principal_phone =  18698865001
[2018/12/28 16:13:35 365] [Message] [v1.0.1] merchantinfo.contact_name =  测试
[2018/12/28 16:13:35 367] [Message] [v1.0.1] merchantinfo.contact_phone =  18698865001
[2018/12/28 16:13:35 368] [Message] [v1.0.1] merchantinfo.contact_email =  116053030@qq.com
[2018/12/28 16:13:35 372] [Message] [v1.0.1] merchantinfo.address =  沈阳市
[2018/12/28 16:13:35 374] [Message] [v1.0.1] merchantinfo.status =  1
[2018/12/28 16:13:35 376] [Message] [v1.0.1] ===================用户信息=================== End
[2018/12/28 16:13:35 468] [Message] [v1.0.1] ===================门店列表=================== Start
[2018/12/28 16:13:35 471] [Message] [v1.0.1] GetStoreList Send =  key=369fd0584688915e269c1d9b699abd6c
[2018/12/28 16:13:35 568] [Message] [v1.0.1] Result =  {"code":0,"msg":"没有此权限，请联系管理员","data":""}
[2018/12/28 16:13:35 569] [Message] [v1.0.1] ===================门店列表=================== End
[2018/12/28 16:17:31 945] [Message] [v1.0.1] ===================用户登陆=================== Start
[2018/12/28 16:17:31 948] [Message] [v1.0.1] Login Send =  username=user_1_1&password=1111111
[2018/12/28 16:17:32 267] [Message] [v1.0.1] Result =  {"code":1,"msg":"登录成功","data":{"token":"fc25adf5427f8b0a2d1b8e01804d2c8f","info":{"app_type":"api","id":"1000000001","agent_id":"10000001","store_id":"1000000001","merchant_id":"1000000001","user_type":"2","type":"2","username":"user_1_1","open_id":"","timestamp":1545985053}}}
[2018/12/28 16:17:32 402] [Message] [v1.0.1] ===================用户登陆=================== End
[2018/12/28 16:17:38 263] [Message] [v1.0.1] ===================用户信息=================== Start
[2018/12/28 16:17:38 637] [Message] [v1.0.1] GetUserInfo Send =  key=fc25adf5427f8b0a2d1b8e01804d2c8f
[2018/12/28 16:17:39 028] [Message] [v1.0.1] Result =  {"code":1,"msg":"用户信息","data":{"id":"1000000001","agent_id":"10000001","merchant_id":"1000000001","store_id":"1000000001","username":"user_1_1","phone":"15153294092","open_id":"","type":"2","time_create":"1527211953","time_update":"1533293063","status":"1","agent":{"id":"10000001","pid":"00000000","name":"代理商1","number":"1111111111111111","address":"代理商地址1","principal_name":"负责人1","principal_phone":"15153294092","contact_name":"联系人1","contact_phone":"111111","contact_email":"youxiang@youxiang.com","time_create":"0","time_update":"1533178664","status":"1"},"merchant":{"id":"1000000001","agent_id":"10000001","name":"测试子商户1","short_name":"子商户1","number":"1000000001","principal_name":null,"principal_phone":null,"contact_name":"联系人1","contact_phone":"15153294092","contact_email":"sdsads@qq.com","address":null,"time_create":"0","time_update":"1533523267","status":"1"},"store":{"id":"1000000001","merchant_id":"1000000001","name":"华阳路店","number":"0011","principal_name":"王晓文","principal_phone":"15153294092","address":"青岛市市北区华阳路66号","time_create":"0","time_update":"1545619725","status":"1"}}}
[2018/12/28 16:19:16 561] [Message] [v1.0.1] ===================用户登陆=================== Start
[2018/12/28 16:19:16 563] [Message] [v1.0.1] Login Send =  username=1000000008&password=as1as1
[2018/12/28 16:19:16 830] [Message] [v1.0.1] Result =  {"code":0,"msg":"该用户不存在","data":""}
[2018/12/28 16:19:16 946] [Message] [v1.0.1] ===================用户登陆=================== End
[2018/12/28 16:20:21 861] [Message] [v1.0.1] GetQrCode Result=  {"code":1,"msg":"登录二维码","data":{"guid":"E67577FC3F5E2D3D65F574B3A08A418C","type":"user","url":"http:\/\/cashier.cdsoftware.cn\/index.php\/api\/auth\/confirm?guid=E67577FC3F5E2D3D65F574B3A08A418C&type=user"}}
[2018/12/28 16:20:22 037] [Message] [v1.0.1] inResult=  登录二维码
[2018/12/28 16:20:22 039] [Message] [v1.0.1] guid=  E67577FC3F5E2D3D65F574B3A08A418C
[2018/12/28 16:20:22 040] [Message] [v1.0.1] url=  http://cashier.cdsoftware.cn/index.php/api/auth/confirm?guid=E67577FC3F5E2D3D65F574B3A08A418C&type=user
[2018/12/28 16:20:24 641] [Message] [v1.0.1] 启动检查用户二维码扫描登录线程... 
[2018/12/28 16:20:24 643] [Message] [v1.0.1] 启动刷新二维码线程... 
[2018/12/28 16:20:24 693] [Message] [v1.0.1] QrCodeLogin Send =  guid=E67577FC3F5E2D3D65F574B3A08A418C
[2018/12/28 16:20:24 802] [Message] [v1.0.1] Result =  {"code":0,"msg":"请扫码","data":""}
[2018/12/28 16:20:26 855] [Message] [v1.0.1] QrCodeLogin Send =  guid=E67577FC3F5E2D3D65F574B3A08A418C
[2018/12/28 16:20:26 960] [Message] [v1.0.1] Result =  {"code":0,"msg":"请扫码","data":""}
[2018/12/28 16:20:29 012] [Message] [v1.0.1] QrCodeLogin Send =  guid=E67577FC3F5E2D3D65F574B3A08A418C
[2018/12/28 16:20:29 176] [Message] [v1.0.1] Result =  {"code":0,"msg":"请扫码","data":""}
[2018/12/28 16:20:31 228] [Message] [v1.0.1] QrCodeLogin Send =  guid=E67577FC3F5E2D3D65F574B3A08A418C
[2018/12/28 16:20:31 329] [Message] [v1.0.1] Result =  {"code":2,"msg":"扫描成功请在微信上进行后续操作","data":""}
[2018/12/28 16:20:33 382] [Message] [v1.0.1] QrCodeLogin Send =  guid=E67577FC3F5E2D3D65F574B3A08A418C
[2018/12/28 16:20:33 501] [Message] [v1.0.1] Result =  {"code":1,"msg":"token","data":{"token":"a26c68e97a61f74095b8898a522d84bd","ip":"119.123.204.224"}}
[2018/12/28 16:20:40 154] [Message] [v1.0.1] ===================用户信息=================== Start
[2018/12/28 16:24:10 351] [Message] [v1.0.1] ===================用户登陆=================== Start
[2018/12/28 16:24:10 904] [Message] [v1.0.1] Login Send =  username=user_1_1&password=1111111
[2018/12/28 16:24:27 907] [Message] [v1.0.1] GetQrCode Result=  {"code":1,"msg":"登录二维码","data":{"guid":"45CE3C3BE7A5D205E924D163BEA39FD4","type":"user","url":"http:\/\/cashier.cdsoftware.cn\/index.php\/api\/auth\/confirm?guid=45CE3C3BE7A5D205E924D163BEA39FD4&type=user"}}
[2018/12/28 16:24:28 071] [Message] [v1.0.1] inResult=  登录二维码
[2018/12/28 16:24:28 080] [Message] [v1.0.1] guid=  45CE3C3BE7A5D205E924D163BEA39FD4
[2018/12/28 16:24:28 082] [Message] [v1.0.1] url=  http://cashier.cdsoftware.cn/index.php/api/auth/confirm?guid=45CE3C3BE7A5D205E924D163BEA39FD4&type=user
[2018/12/28 16:24:30 888] [Message] [v1.0.1] 启动刷新二维码线程... 
[2018/12/28 16:24:30 892] [Message] [v1.0.1] 启动检查用户二维码扫描登录线程... 
[2018/12/28 16:24:30 945] [Message] [v1.0.1] QrCodeLogin Send =  guid=45CE3C3BE7A5D205E924D163BEA39FD4
[2018/12/28 16:24:31 057] [Message] [v1.0.1] Result =  {"code":0,"msg":"请扫码","data":""}
[2018/12/28 16:24:33 109] [Message] [v1.0.1] QrCodeLogin Send =  guid=45CE3C3BE7A5D205E924D163BEA39FD4
[2018/12/28 16:24:33 254] [Message] [v1.0.1] Result =  {"code":0,"msg":"请扫码","data":""}
[2018/12/28 16:24:35 307] [Message] [v1.0.1] QrCodeLogin Send =  guid=45CE3C3BE7A5D205E924D163BEA39FD4
[2018/12/28 16:24:35 439] [Message] [v1.0.1] Result =  {"code":0,"msg":"请扫码","data":""}
[2018/12/28 16:24:37 494] [Message] [v1.0.1] QrCodeLogin Send =  guid=45CE3C3BE7A5D205E924D163BEA39FD4
[2018/12/28 16:24:37 598] [Message] [v1.0.1] Result =  {"code":0,"msg":"请扫码","data":""}
[2018/12/28 16:24:39 651] [Message] [v1.0.1] QrCodeLogin Send =  guid=45CE3C3BE7A5D205E924D163BEA39FD4
[2018/12/28 16:24:39 763] [Message] [v1.0.1] Result =  {"code":0,"msg":"请扫码","data":""}
[2018/12/28 16:24:41 816] [Message] [v1.0.1] QrCodeLogin Send =  guid=45CE3C3BE7A5D205E924D163BEA39FD4
[2018/12/28 16:24:41 924] [Message] [v1.0.1] Result =  {"code":2,"msg":"扫描成功请在微信上进行后续操作","data":""}
[2018/12/28 16:24:43 979] [Message] [v1.0.1] QrCodeLogin Send =  guid=45CE3C3BE7A5D205E924D163BEA39FD4
[2018/12/28 16:24:44 083] [Message] [v1.0.1] Result =  {"code":2,"msg":"扫描成功请在微信上进行后续操作","data":""}
[2018/12/28 16:24:46 135] [Message] [v1.0.1] QrCodeLogin Send =  guid=45CE3C3BE7A5D205E924D163BEA39FD4
[2018/12/28 16:24:46 240] [Message] [v1.0.1] Result =  {"code":1,"msg":"token","data":{"token":"55e63454df1916d0b255b778c1d9a046","ip":"119.123.204.224"}}
[2018/12/28 16:51:18 981] [Message] [v1.0.1] ===================用户登陆=================== Start
[2018/12/28 16:51:19 197] [Message] [v1.0.1] Login Send =  username=text&password=1111111
[2018/12/28 16:51:19 505] [Message] [v1.0.1] Result =  {"code":0,"msg":"密码不正确","data":""}
[2018/12/28 16:51:19 648] [Message] [v1.0.1] ===================用户登陆=================== End
