[2018/11/12 20:26:40 332] [Message] [v1.0.1] ===================用户登陆=================== Start
[2018/11/12 20:26:40 333] [Message] [v1.0.1] Login Send =  username=user_1_1&password=1111111
[2018/11/12 20:26:40 600] [Message] [v1.0.1] Result =  {"code":1,"msg":"登录成功","data":{"token":"074dced8b0958863fdb716bccea3f3b0","info":{"app_type":"api","id":"1000000001","agent_id":"10000001","store_id":"1000000001","merchant_id":"1000000001","user_type":"2","type":"2","username":"user_1_1","open_id":"","timestamp":1542025600}}}
[2018/11/12 20:26:40 675] [Message] [v1.0.1] ===================用户登陆=================== End
[2018/11/12 20:26:40 679] [Message] [v1.0.1] ===================用户信息=================== Start
[2018/11/12 20:26:40 679] [Message] [v1.0.1] GetUserInfo Send =  key=074dced8b0958863fdb716bccea3f3b0
[2018/11/12 20:26:40 787] [Message] [v1.0.1] Result =  {"code":1,"msg":"用户信息","data":{"id":"1000000001","agent_id":"10000001","merchant_id":"1000000001","store_id":"1000000001","username":"user_1_1","phone":"15153294092","open_id":"","type":"2","time_create":"1527211953","time_update":"1533293063","status":"1","agent":{"id":"10000001","pid":"00000000","name":"代理商1","number":"1111111111111111","address":"代理商地址1","principal_name":"负责人1","principal_phone":"15153294092","contact_name":"联系人1","contact_phone":"111111","contact_email":"youxiang@youxiang.com","time_create":"0","time_update":"1533178664","status":"1"},"merchant":{"id":"1000000001","agent_id":"10000001","name":"测试子商户1","short_name":"子商户1","number":"1000000001","principal_name":null,"principal_phone":null,"contact_name":"联系人1","contact_phone":"15153294092","contact_email":"sdsads@qq.com","address":null,"time_create":"0","time_update":"1533523267","status":"1"},"store":{"id":"1000000001","merchant_id":"1000000001","name":"测试店铺1","number":"0011","principal_name":"负责人1","principal_phone":"15153294092","address":"测试店铺地址1","time_create":"0","time_update":"0","status":"1"}}}
[2018/11/12 20:26:40 812] [Message] [v1.0.1] data =  {
  "id": "1000000001",
  "agent_id": "10000001",
  "merchant_id": "1000000001",
  "store_id": "1000000001",
  "username": "user_1_1",
  "phone": "15153294092",
  "open_id": "",
  "type": "2",
  "time_create": "1527211953",
  "time_update": "1533293063",
  "status": "1",
  "agent": {
    "id": "10000001",
    "pid": "00000000",
    "name": "代理商1",
    "number": "1111111111111111",
    "address": "代理商地址1",
    "principal_name": "负责人1",
    "principal_phone": "15153294092",
    "contact_name": "联系人1",
    "contact_phone": "111111",
    "contact_email": "youxiang@youxiang.com",
    "time_create": "0",
    "time_update": "1533178664",
    "status": "1"
  },
  "merchant": {
    "id": "1000000001",
    "agent_id": "10000001",
    "name": "测试子商户1",
    "short_name": "子商户1",
    "number": "1000000001",
    "principal_name": null,
    "principal_phone": null,
    "contact_name": "联系人1",
    "contact_phone": "15153294092",
    "contact_email": "sdsads@qq.com",
    "address": null,
    "time_create": "0",
    "time_update": "1533523267",
    "status": "1"
  },
  "store": {
    "id": "1000000001",
    "merchant_id": "1000000001",
    "name": "测试店铺1",
    "number": "0011",
    "principal_name": "负责人1",
    "principal_phone": "15153294092",
    "address": "测试店铺地址1",
    "time_create": "0",
    "time_update": "0",
    "status": "1"
  }
}
[2018/11/12 20:26:40 813] [Message] [v1.0.1] agent =  {
  "id": "10000001",
  "pid": "00000000",
  "name": "代理商1",
  "number": "1111111111111111",
  "address": "代理商地址1",
  "principal_name": "负责人1",
  "principal_phone": "15153294092",
  "contact_name": "联系人1",
  "contact_phone": "111111",
  "contact_email": "youxiang@youxiang.com",
  "time_create": "0",
  "time_update": "1533178664",
  "status": "1"
}
[2018/11/12 20:26:40 814] [Message] [v1.0.1] merchant =  {
  "id": "1000000001",
  "agent_id": "10000001",
  "name": "测试子商户1",
  "short_name": "子商户1",
  "number": "1000000001",
  "principal_name": null,
  "principal_phone": null,
  "contact_name": "联系人1",
  "contact_phone": "15153294092",
  "contact_email": "sdsads@qq.com",
  "address": null,
  "time_create": "0",
  "time_update": "1533523267",
  "status": "1"
}
[2018/11/12 20:26:40 814] [Message] [v1.0.1] store =  {
  "id": "1000000001",
  "merchant_id": "1000000001",
  "name": "测试店铺1",
  "number": "0011",
  "principal_name": "负责人1",
  "principal_phone": "15153294092",
  "address": "测试店铺地址1",
  "time_create": "0",
  "time_update": "0",
  "status": "1"
}
[2018/11/12 20:26:40 815] [Message] [v1.0.1] userinfo.id =  1000000001
[2018/11/12 20:26:40 816] [Message] [v1.0.1] userinfo.agent_id =  10000001
[2018/11/12 20:26:40 817] [Message] [v1.0.1] userinfo.merchant_id =  1000000001
[2018/11/12 20:26:40 817] [Message] [v1.0.1] userinfo.store_id =  1000000001
[2018/11/12 20:26:40 818] [Message] [v1.0.1] userinfo.username =  user_1_1
[2018/11/12 20:26:40 818] [Message] [v1.0.1] userinfo.phone =  15153294092
[2018/11/12 20:26:40 819] [Message] [v1.0.1] userinfo.open_id =  
[2018/11/12 20:26:40 820] [Message] [v1.0.1] userinfo.type =  2
[2018/11/12 20:26:40 820] [Message] [v1.0.1] userinfo.status =  1
[2018/11/12 20:26:40 821] [Message] [v1.0.1] agentinfo.id =  10000001
[2018/11/12 20:26:40 821] [Message] [v1.0.1] agentinfo.pid =  00000000
[2018/11/12 20:26:40 822] [Message] [v1.0.1] agentinfo.name =  代理商1
[2018/11/12 20:26:40 822] [Message] [v1.0.1] agentinfo.number =  1111111111111111
[2018/11/12 20:26:40 823] [Message] [v1.0.1] agentinfo.address =  代理商地址1
[2018/11/12 20:26:40 824] [Message] [v1.0.1] agentinfo.principal_name =  负责人1
[2018/11/12 20:26:40 824] [Message] [v1.0.1] agentinfo.principal_phone =  15153294092
[2018/11/12 20:26:40 825] [Message] [v1.0.1] agentinfo.contact_name =  联系人1
[2018/11/12 20:26:40 825] [Message] [v1.0.1] agentinfo.contact_phone =  111111
[2018/11/12 20:26:40 826] [Message] [v1.0.1] agentinfo.contact_email =  youxiang@youxiang.com
[2018/11/12 20:26:40 827] [Message] [v1.0.1] agentinfo.status =  1
[2018/11/12 20:26:40 827] [Message] [v1.0.1] merchantinfo.id =  1000000001
[2018/11/12 20:26:40 828] [Message] [v1.0.1] merchantinfo.agent_id =  10000001
[2018/11/12 20:26:40 828] [Message] [v1.0.1] merchantinfo.name =  测试子商户1
[2018/11/12 20:26:40 829] [Message] [v1.0.1] merchantinfo.short_name =  子商户1
[2018/11/12 20:26:40 829] [Message] [v1.0.1] merchantinfo.number =  1000000001
[2018/11/12 20:26:40 830] [Message] [v1.0.1] merchantinfo.principal_name =  
[2018/11/12 20:26:40 831] [Message] [v1.0.1] merchantinfo.principal_phone =  
[2018/11/12 20:26:40 831] [Message] [v1.0.1] merchantinfo.contact_name =  联系人1
[2018/11/12 20:26:40 832] [Message] [v1.0.1] merchantinfo.contact_phone =  15153294092
[2018/11/12 20:26:40 832] [Message] [v1.0.1] merchantinfo.contact_email =  sdsads@qq.com
[2018/11/12 20:26:40 833] [Message] [v1.0.1] merchantinfo.address =  
[2018/11/12 20:26:40 834] [Message] [v1.0.1] merchantinfo.status =  1
[2018/11/12 20:26:40 834] [Message] [v1.0.1] storeinfo.id =  1000000001
[2018/11/12 20:26:40 835] [Message] [v1.0.1] storeinfo.merchant_id =  1000000001
[2018/11/12 20:26:40 835] [Message] [v1.0.1] storeinfo.name =  测试店铺1
[2018/11/12 20:26:40 836] [Message] [v1.0.1] storeinfo.number =  0011
[2018/11/12 20:26:40 836] [Message] [v1.0.1] storeinfo.principal_name =  负责人1
[2018/11/12 20:26:40 837] [Message] [v1.0.1] storeinfo.principal_phone =  15153294092
[2018/11/12 20:26:40 838] [Message] [v1.0.1] storeinfo.address =  测试店铺地址1
[2018/11/12 20:26:40 838] [Message] [v1.0.1] storeinfo.status =  1
[2018/11/12 20:26:40 839] [Message] [v1.0.1] ===================用户信息=================== End
[2018/11/12 20:26:40 844] [Message] [v1.0.1] ===================门店列表=================== Start
[2018/11/12 20:26:40 845] [Message] [v1.0.1] GetStoreList Send =  key=074dced8b0958863fdb716bccea3f3b0
[2018/11/12 20:26:40 950] [Message] [v1.0.1] Result =  {"code":1,"msg":"店铺列表","data":{"list":[{"id":"1000000003","merchant_id":"1000000001","name":"门店3","number":"3333333333","principal_name":"负责人3","principal_phone":"15153294092","address":"青岛市市北区华阳路112号","time_create":"1532659891","time_update":"1532660479","status":"1"},{"id":"1000000002","merchant_id":"1000000001","name":"测试店铺2","number":"0012","principal_name":"负责人2","principal_phone":"15153294093","address":"测试店铺地址2","time_create":"0","time_update":"0","status":"1"},{"id":"1000000001","merchant_id":"1000000001","name":"测试店铺1","number":"0011","principal_name":"负责人1","principal_phone":"15153294092","address":"测试店铺地址1","time_create":"0","time_update":"0","status":"1"}]}}
[2018/11/12 20:26:40 955] [Message] [v1.0.1] list =  [
  {
    "id": "1000000003",
    "merchant_id": "1000000001",
    "name": "门店3",
    "number": "3333333333",
    "principal_name": "负责人3",
    "principal_phone": "15153294092",
    "address": "青岛市市北区华阳路112号",
    "time_create": "1532659891",
    "time_update": "1532660479",
    "status": "1"
  },
  {
    "id": "1000000002",
    "merchant_id": "1000000001",
    "name": "测试店铺2",
    "number": "0012",
    "principal_name": "负责人2",
    "principal_phone": "15153294093",
    "address": "测试店铺地址2",
    "time_create": "0",
    "time_update": "0",
    "status": "1"
  },
  {
    "id": "1000000001",
    "merchant_id": "1000000001",
    "name": "测试店铺1",
    "number": "0011",
    "principal_name": "负责人1",
    "principal_phone": "15153294092",
    "address": "测试店铺地址1",
    "time_create": "0",
    "time_update": "0",
    "status": "1"
  }
]
[2018/11/12 20:26:40 966] [Message] [v1.0.1] storelist[1].id =  1000000003
[2018/11/12 20:26:40 967] [Message] [v1.0.1] storelist[1].merchant_id =  1000000001
[2018/11/12 20:26:40 968] [Message] [v1.0.1] storelist[1].name =  门店3
[2018/11/12 20:26:40 969] [Message] [v1.0.1] storelist[1].number =  3333333333
[2018/11/12 20:26:40 970] [Message] [v1.0.1] storelist[1].principal_name =  负责人3
[2018/11/12 20:26:40 971] [Message] [v1.0.1] storelist[1].principal_phone =  15153294092
[2018/11/12 20:26:40 972] [Message] [v1.0.1] storelist[1].address =  青岛市市北区华阳路112号
[2018/11/12 20:26:40 973] [Message] [v1.0.1] storelist[1].status =  1
[2018/11/12 20:26:40 974] [Message] [v1.0.1] storelist[2].id =  1000000002
[2018/11/12 20:26:40 975] [Message] [v1.0.1] storelist[2].merchant_id =  1000000001
[2018/11/12 20:26:40 976] [Message] [v1.0.1] storelist[2].name =  测试店铺2
[2018/11/12 20:26:40 977] [Message] [v1.0.1] storelist[2].number =  0012
[2018/11/12 20:26:40 977] [Message] [v1.0.1] storelist[2].principal_name =  负责人2
[2018/11/12 20:26:40 978] [Message] [v1.0.1] storelist[2].principal_phone =  15153294093
[2018/11/12 20:26:40 979] [Message] [v1.0.1] storelist[2].address =  测试店铺地址2
[2018/11/12 20:26:40 980] [Message] [v1.0.1] storelist[2].status =  1
[2018/11/12 20:26:40 981] [Message] [v1.0.1] storelist[3].id =  1000000001
[2018/11/12 20:26:40 982] [Message] [v1.0.1] storelist[3].merchant_id =  1000000001
[2018/11/12 20:26:40 983] [Message] [v1.0.1] storelist[3].name =  测试店铺1
[2018/11/12 20:26:40 983] [Message] [v1.0.1] storelist[3].number =  0011
[2018/11/12 20:26:40 984] [Message] [v1.0.1] storelist[3].principal_name =  负责人1
[2018/11/12 20:26:40 985] [Message] [v1.0.1] storelist[3].principal_phone =  15153294092
[2018/11/12 20:26:40 986] [Message] [v1.0.1] storelist[3].address =  测试店铺地址1
[2018/11/12 20:26:40 987] [Message] [v1.0.1] storelist[3].status =  1
[2018/11/12 20:26:41 015] [Message] [v1.0.1] ===================门店列表=================== End
[2018/11/12 20:26:41 016] [Message] [v1.0.1] ===================店员列表=================== Start
[2018/11/12 20:26:41 017] [Message] [v1.0.1] GetUserList Send =  key=074dced8b0958863fdb716bccea3f3b0&store_id=1000000001
[2018/11/12 20:26:41 128] [Message] [v1.0.1] Result =  {"code":1,"msg":"店员列表","data":{"list":[{"id":"1000000003","username":"user_1_2","phone":"15153294092"},{"id":"1000000001","username":"user_1_1","phone":"15153294092"}]}}
[2018/11/12 20:26:41 130] [Message] [v1.0.1] list =  [
  {
    "id": "1000000003",
    "username": "user_1_2",
    "phone": "15153294092"
  },
  {
    "id": "1000000001",
    "username": "user_1_1",
    "phone": "15153294092"
  }
]
[2018/11/12 20:26:41 132] [Message] [v1.0.1] userlist[1].id =  1000000003
[2018/11/12 20:26:41 135] [Message] [v1.0.1] userlist[1].username =  user_1_2
[2018/11/12 20:26:41 137] [Message] [v1.0.1] userlist[1].phone =  15153294092
[2018/11/12 20:26:41 139] [Message] [v1.0.1] userlist[2].id =  1000000001
[2018/11/12 20:26:41 143] [Message] [v1.0.1] userlist[2].username =  user_1_1
[2018/11/12 20:26:41 147] [Message] [v1.0.1] userlist[2].phone =  15153294092
[2018/11/12 20:26:41 173] [Message] [v1.0.1] ===================店员列表=================== End
[2018/11/12 20:26:41 175] [Message] [v1.0.1] ===================设备列表=================== Start
[2018/11/12 20:26:41 176] [Message] [v1.0.1] GetDeviceList Send =  key=074dced8b0958863fdb716bccea3f3b0&store_id=1000000001
[2018/11/12 20:26:41 282] [Message] [v1.0.1] Result =  {"code":1,"msg":"设备列表","data":{"list":[{"id":"1000000002","name":"设备4","number":"002","type":"1"},{"id":"1000000001","name":"设备1","number":"001","type":"2"}]}}
[2018/11/12 20:26:41 282] [Message] [v1.0.1] list =  [
  {
    "id": "1000000002",
    "name": "设备4",
    "number": "002",
    "type": "1"
  },
  {
    "id": "1000000001",
    "name": "设备1",
    "number": "001",
    "type": "2"
  }
]
[2018/11/12 20:26:41 283] [Message] [v1.0.1] devicelist[1].id =  1000000002
[2018/11/12 20:26:41 284] [Message] [v1.0.1] devicelist[1].name =  设备4
[2018/11/12 20:26:41 284] [Message] [v1.0.1] devicelist[1].number =  002
[2018/11/12 20:26:41 285] [Message] [v1.0.1] devicelist[1].type =  1
[2018/11/12 20:26:41 285] [Message] [v1.0.1] devicelist[2].id =  1000000001
[2018/11/12 20:26:41 286] [Message] [v1.0.1] devicelist[2].name =  设备1
[2018/11/12 20:26:41 286] [Message] [v1.0.1] devicelist[2].number =  001
[2018/11/12 20:26:41 287] [Message] [v1.0.1] devicelist[2].type =  2
[2018/11/12 20:26:41 304] [Message] [v1.0.1] ===================设备列表=================== End
[2018/11/12 20:26:41 306] [Message] [v1.0.1] ===================交易类型列表=================== Start
[2018/11/12 20:26:41 307] [Message] [v1.0.1] Get_all_paymentList Send =  key=074dced8b0958863fdb716bccea3f3b0
[2018/11/12 20:26:41 407] [Message] [v1.0.1] Result =  {"code":1,"msg":"交易类型","data":{"qrcode":"扫码支付","barcode":"条码支付","weixin_public":"微信公众号支付"}}
[2018/11/12 20:26:41 408] [Message] [v1.0.1] data =  {
  "qrcode": "扫码支付",
  "barcode": "条码支付",
  "weixin_public": "微信公众号支付"
}
[2018/11/12 20:26:41 408] [Message] [v1.0.1] paymentList[0].paymentType =  扫码支付
[2018/11/12 20:26:41 409] [Message] [v1.0.1] paymentList[1].paymentType =  条码支付
[2018/11/12 20:26:41 410] [Message] [v1.0.1] ===================交易类型列表=================== End
[2018/11/12 20:26:41 411] [Message] [v1.0.1] ===================交易方式列表=================== Start
[2018/11/12 20:26:41 411] [Message] [v1.0.1] Get_all_payment_channel =  key=074dced8b0958863fdb716bccea3f3b0
[2018/11/12 20:26:41 513] [Message] [v1.0.1] Result =  {"code":1,"msg":"支付方式","data":{"weixin":"微信","alipay":"支付宝","unionpay":"银联","xt":"新天","xz_weixin":"现在微信","xz_alipay":"现在支付宝","sf_weixin":"上福微信","sf_alipay":"上福支付宝"}}
[2018/11/12 20:26:41 516] [Message] [v1.0.1] data =  {
  "weixin": "微信",
  "alipay": "支付宝",
  "unionpay": "银联",
  "xt": "新天",
  "xz_weixin": "现在微信",
  "xz_alipay": "现在支付宝",
  "sf_weixin": "上福微信",
  "sf_alipay": "上福支付宝"
}
[2018/11/12 20:26:41 635] [Message] [v1.0.1] ===================交易方式列表=================== End
[2018/11/12 20:27:26 859] [Message] [v1.0.1] ===================交易查询=================== Start
[2018/11/12 20:28:02 668] [Message] [v1.0.1] GetOrder_List Send =  key=074dced8b0958863fdb716bccea3f3b0&page=5&current=1&time_type=3&channel=&payment=barcode&order_id=&store_id=1000000001&operator_id=1000000001&device_id=1000000002&merchant_id=1000000001&status=1&export=0
[2018/11/12 20:28:26 592] [Message] [v1.0.1] Result =  {"code":0,"msg":"暂无数据","data":""}
[2018/11/12 20:28:47 911] [Message] [v1.0.1] ===================交易查询=================== End
