[2018/11/28 23:09:11 525] [Message] [v1.0.1] ===================用户登陆=================== Start
[2018/11/28 23:09:11 525] [Message] [v1.0.1] Login Send =  username=user_1_1&password=1111111
[2018/11/28 23:09:11 739] [Message] [v1.0.1] Result =  {"code":1,"msg":"登录成功","data":{"token":"04f0f9e34825df8e72e8bfae15b1e7b0","info":{"app_type":"api","id":"1000000001","agent_id":"10000001","store_id":"1000000001","merchant_id":"1000000001","user_type":"2","type":"2","username":"user_1_1","open_id":"","timestamp":1543417751}}}
[2018/11/28 23:09:11 842] [Message] [v1.0.1] ===================用户登陆=================== End
[2018/11/28 23:09:11 845] [Message] [v1.0.1] ===================用户信息=================== Start
[2018/11/28 23:09:11 846] [Message] [v1.0.1] GetUserInfo Send =  key=04f0f9e34825df8e72e8bfae15b1e7b0
[2018/11/28 23:09:11 967] [Message] [v1.0.1] Result =  {"code":1,"msg":"用户信息","data":{"id":"1000000001","agent_id":"10000001","merchant_id":"1000000001","store_id":"1000000001","username":"user_1_1","phone":"15153294092","open_id":"","type":"2","time_create":"1527211953","time_update":"1533293063","status":"1","agent":{"id":"10000001","pid":"00000000","name":"代理商1","number":"1111111111111111","address":"代理商地址1","principal_name":"负责人1","principal_phone":"15153294092","contact_name":"联系人1","contact_phone":"111111","contact_email":"youxiang@youxiang.com","time_create":"0","time_update":"1533178664","status":"1"},"merchant":{"id":"1000000001","agent_id":"10000001","name":"测试子商户1","short_name":"子商户1","number":"1000000001","principal_name":null,"principal_phone":null,"contact_name":"联系人1","contact_phone":"15153294092","contact_email":"sdsads@qq.com","address":null,"time_create":"0","time_update":"1533523267","status":"1"},"store":{"id":"1000000001","merchant_id":"1000000001","name":"测试店铺1","number":"0011","principal_name":"负责人1","principal_phone":"15153294092","address":"测试店铺地址1","time_create":"0","time_update":"0","status":"1"}}}
[2018/11/28 23:09:12 002] [Message] [v1.0.1] data =  {
  "id": "1000000001",
  "agent_id": "10000001",
  "merchant_id": "1000000001",
  "store_id": "1000000001",
  "username": "user_1_1",
  "phone": "15153294092",
  "open_id": "",
  "type": "2",
  "time_create": "1527211953",
  "time_update": "1533293063",
  "status": "1",
  "agent": {
    "id": "10000001",
    "pid": "00000000",
    "name": "代理商1",
    "number": "1111111111111111",
    "address": "代理商地址1",
    "principal_name": "负责人1",
    "principal_phone": "15153294092",
    "contact_name": "联系人1",
    "contact_phone": "111111",
    "contact_email": "youxiang@youxiang.com",
    "time_create": "0",
    "time_update": "1533178664",
    "status": "1"
  },
  "merchant": {
    "id": "1000000001",
    "agent_id": "10000001",
    "name": "测试子商户1",
    "short_name": "子商户1",
    "number": "1000000001",
    "principal_name": null,
    "principal_phone": null,
    "contact_name": "联系人1",
    "contact_phone": "15153294092",
    "contact_email": "sdsads@qq.com",
    "address": null,
    "time_create": "0",
    "time_update": "1533523267",
    "status": "1"
  },
  "store": {
    "id": "1000000001",
    "merchant_id": "1000000001",
    "name": "测试店铺1",
    "number": "0011",
    "principal_name": "负责人1",
    "principal_phone": "15153294092",
    "address": "测试店铺地址1",
    "time_create": "0",
    "time_update": "0",
    "status": "1"
  }
}
[2018/11/28 23:09:12 004] [Message] [v1.0.1] agent =  {
  "id": "10000001",
  "pid": "00000000",
  "name": "代理商1",
  "number": "1111111111111111",
  "address": "代理商地址1",
  "principal_name": "负责人1",
  "principal_phone": "15153294092",
  "contact_name": "联系人1",
  "contact_phone": "111111",
  "contact_email": "youxiang@youxiang.com",
  "time_create": "0",
  "time_update": "1533178664",
  "status": "1"
}
[2018/11/28 23:09:12 006] [Message] [v1.0.1] merchant =  {
  "id": "1000000001",
  "agent_id": "10000001",
  "name": "测试子商户1",
  "short_name": "子商户1",
  "number": "1000000001",
  "principal_name": null,
  "principal_phone": null,
  "contact_name": "联系人1",
  "contact_phone": "15153294092",
  "contact_email": "sdsads@qq.com",
  "address": null,
  "time_create": "0",
  "time_update": "1533523267",
  "status": "1"
}
[2018/11/28 23:09:12 007] [Message] [v1.0.1] store =  {
  "id": "1000000001",
  "merchant_id": "1000000001",
  "name": "测试店铺1",
  "number": "0011",
  "principal_name": "负责人1",
  "principal_phone": "15153294092",
  "address": "测试店铺地址1",
  "time_create": "0",
  "time_update": "0",
  "status": "1"
}
[2018/11/28 23:09:12 007] [Message] [v1.0.1] userinfo.id =  1000000001
[2018/11/28 23:09:12 008] [Message] [v1.0.1] userinfo.agent_id =  10000001
[2018/11/28 23:09:12 009] [Message] [v1.0.1] userinfo.merchant_id =  1000000001
[2018/11/28 23:09:12 010] [Message] [v1.0.1] userinfo.store_id =  1000000001
[2018/11/28 23:09:12 011] [Message] [v1.0.1] userinfo.username =  user_1_1
[2018/11/28 23:09:12 011] [Message] [v1.0.1] userinfo.phone =  15153294092
[2018/11/28 23:09:12 012] [Message] [v1.0.1] userinfo.open_id =  
[2018/11/28 23:09:12 013] [Message] [v1.0.1] userinfo.type =  2
[2018/11/28 23:09:12 014] [Message] [v1.0.1] userinfo.status =  1
[2018/11/28 23:09:12 014] [Message] [v1.0.1] agentinfo.id =  10000001
[2018/11/28 23:09:12 015] [Message] [v1.0.1] agentinfo.pid =  00000000
[2018/11/28 23:09:12 016] [Message] [v1.0.1] agentinfo.name =  代理商1
[2018/11/28 23:09:12 017] [Message] [v1.0.1] agentinfo.number =  1111111111111111
[2018/11/28 23:09:12 017] [Message] [v1.0.1] agentinfo.address =  代理商地址1
[2018/11/28 23:09:12 018] [Message] [v1.0.1] agentinfo.principal_name =  负责人1
[2018/11/28 23:09:12 019] [Message] [v1.0.1] agentinfo.principal_phone =  15153294092
[2018/11/28 23:09:12 020] [Message] [v1.0.1] agentinfo.contact_name =  联系人1
[2018/11/28 23:09:12 021] [Message] [v1.0.1] agentinfo.contact_phone =  111111
[2018/11/28 23:09:12 021] [Message] [v1.0.1] agentinfo.contact_email =  youxiang@youxiang.com
[2018/11/28 23:09:12 022] [Message] [v1.0.1] agentinfo.status =  1
[2018/11/28 23:09:12 023] [Message] [v1.0.1] merchantinfo.id =  1000000001
[2018/11/28 23:09:12 024] [Message] [v1.0.1] merchantinfo.agent_id =  10000001
[2018/11/28 23:09:12 024] [Message] [v1.0.1] merchantinfo.name =  测试子商户1
[2018/11/28 23:09:12 025] [Message] [v1.0.1] merchantinfo.short_name =  子商户1
[2018/11/28 23:09:12 026] [Message] [v1.0.1] merchantinfo.number =  1000000001
[2018/11/28 23:09:12 027] [Message] [v1.0.1] merchantinfo.principal_name =  
[2018/11/28 23:09:12 028] [Message] [v1.0.1] merchantinfo.principal_phone =  
[2018/11/28 23:09:12 028] [Message] [v1.0.1] merchantinfo.contact_name =  联系人1
[2018/11/28 23:09:12 029] [Message] [v1.0.1] merchantinfo.contact_phone =  15153294092
[2018/11/28 23:09:12 030] [Message] [v1.0.1] merchantinfo.contact_email =  sdsads@qq.com
[2018/11/28 23:09:12 031] [Message] [v1.0.1] merchantinfo.address =  
[2018/11/28 23:09:12 032] [Message] [v1.0.1] merchantinfo.status =  1
[2018/11/28 23:09:12 032] [Message] [v1.0.1] storeinfo.id =  1000000001
[2018/11/28 23:09:12 033] [Message] [v1.0.1] storeinfo.merchant_id =  1000000001
[2018/11/28 23:09:12 034] [Message] [v1.0.1] storeinfo.name =  测试店铺1
[2018/11/28 23:09:12 035] [Message] [v1.0.1] storeinfo.number =  0011
[2018/11/28 23:09:12 035] [Message] [v1.0.1] storeinfo.principal_name =  负责人1
[2018/11/28 23:09:12 036] [Message] [v1.0.1] storeinfo.principal_phone =  15153294092
[2018/11/28 23:09:12 037] [Message] [v1.0.1] storeinfo.address =  测试店铺地址1
[2018/11/28 23:09:12 037] [Message] [v1.0.1] storeinfo.status =  1
[2018/11/28 23:09:12 038] [Message] [v1.0.1] ===================用户信息=================== End
[2018/11/28 23:09:12 043] [Message] [v1.0.1] ===================门店列表=================== Start
[2018/11/28 23:09:12 043] [Message] [v1.0.1] GetStoreList Send =  key=04f0f9e34825df8e72e8bfae15b1e7b0
[2018/11/28 23:09:12 146] [Message] [v1.0.1] Result =  {"code":1,"msg":"店铺列表","data":{"list":[{"id":"1000000003","merchant_id":"1000000001","name":"门店3","number":"3333333333","principal_name":"负责人3","principal_phone":"15153294092","address":"青岛市市北区华阳路112号","time_create":"1532659891","time_update":"1532660479","status":"1"},{"id":"1000000002","merchant_id":"1000000001","name":"测试店铺2","number":"0012","principal_name":"负责人2","principal_phone":"15153294093","address":"测试店铺地址2","time_create":"0","time_update":"0","status":"1"},{"id":"1000000001","merchant_id":"1000000001","name":"测试店铺1","number":"0011","principal_name":"负责人1","principal_phone":"15153294092","address":"测试店铺地址1","time_create":"0","time_update":"0","status":"1"}]}}
[2018/11/28 23:09:12 151] [Message] [v1.0.1] list =  [
  {
    "id": "1000000003",
    "merchant_id": "1000000001",
    "name": "门店3",
    "number": "3333333333",
    "principal_name": "负责人3",
    "principal_phone": "15153294092",
    "address": "青岛市市北区华阳路112号",
    "time_create": "1532659891",
    "time_update": "1532660479",
    "status": "1"
  },
  {
    "id": "1000000002",
    "merchant_id": "1000000001",
    "name": "测试店铺2",
    "number": "0012",
    "principal_name": "负责人2",
    "principal_phone": "15153294093",
    "address": "测试店铺地址2",
    "time_create": "0",
    "time_update": "0",
    "status": "1"
  },
  {
    "id": "1000000001",
    "merchant_id": "1000000001",
    "name": "测试店铺1",
    "number": "0011",
    "principal_name": "负责人1",
    "principal_phone": "15153294092",
    "address": "测试店铺地址1",
    "time_create": "0",
    "time_update": "0",
    "status": "1"
  }
]
[2018/11/28 23:09:12 163] [Message] [v1.0.1] storelist[1].id =  1000000003
[2018/11/28 23:09:12 165] [Message] [v1.0.1] storelist[1].merchant_id =  1000000001
[2018/11/28 23:09:12 168] [Message] [v1.0.1] storelist[1].name =  门店3
[2018/11/28 23:09:12 170] [Message] [v1.0.1] storelist[1].number =  3333333333
[2018/11/28 23:09:12 174] [Message] [v1.0.1] storelist[1].principal_name =  负责人3
[2018/11/28 23:09:12 176] [Message] [v1.0.1] storelist[1].principal_phone =  15153294092
[2018/11/28 23:09:12 178] [Message] [v1.0.1] storelist[1].address =  青岛市市北区华阳路112号
[2018/11/28 23:09:12 180] [Message] [v1.0.1] storelist[1].status =  1
[2018/11/28 23:09:12 182] [Message] [v1.0.1] storelist[2].id =  1000000002
[2018/11/28 23:09:12 185] [Message] [v1.0.1] storelist[2].merchant_id =  1000000001
[2018/11/28 23:09:12 186] [Message] [v1.0.1] storelist[2].name =  测试店铺2
[2018/11/28 23:09:12 187] [Message] [v1.0.1] storelist[2].number =  0012
[2018/11/28 23:09:12 188] [Message] [v1.0.1] storelist[2].principal_name =  负责人2
[2018/11/28 23:09:12 189] [Message] [v1.0.1] storelist[2].principal_phone =  15153294093
[2018/11/28 23:09:12 189] [Message] [v1.0.1] storelist[2].address =  测试店铺地址2
[2018/11/28 23:09:12 190] [Message] [v1.0.1] storelist[2].status =  1
[2018/11/28 23:09:12 191] [Message] [v1.0.1] storelist[3].id =  1000000001
[2018/11/28 23:09:12 192] [Message] [v1.0.1] storelist[3].merchant_id =  1000000001
[2018/11/28 23:09:12 193] [Message] [v1.0.1] storelist[3].name =  测试店铺1
[2018/11/28 23:09:12 193] [Message] [v1.0.1] storelist[3].number =  0011
[2018/11/28 23:09:12 194] [Message] [v1.0.1] storelist[3].principal_name =  负责人1
[2018/11/28 23:09:12 195] [Message] [v1.0.1] storelist[3].principal_phone =  15153294092
[2018/11/28 23:09:12 196] [Message] [v1.0.1] storelist[3].address =  测试店铺地址1
[2018/11/28 23:09:12 197] [Message] [v1.0.1] storelist[3].status =  1
[2018/11/28 23:09:12 226] [Message] [v1.0.1] ===================门店列表=================== End
[2018/11/28 23:09:12 228] [Message] [v1.0.1] ===================店员列表=================== Start
[2018/11/28 23:09:12 228] [Message] [v1.0.1] GetUserList Send =  key=04f0f9e34825df8e72e8bfae15b1e7b0&store_id=1000000001
[2018/11/28 23:09:12 333] [Message] [v1.0.1] Result =  {"code":1,"msg":"店员列表","data":{"list":[{"id":"1000000003","username":"user_1_2","phone":"15153294092"},{"id":"1000000001","username":"user_1_1","phone":"15153294092"}]}}
[2018/11/28 23:09:12 334] [Message] [v1.0.1] list =  [
  {
    "id": "1000000003",
    "username": "user_1_2",
    "phone": "15153294092"
  },
  {
    "id": "1000000001",
    "username": "user_1_1",
    "phone": "15153294092"
  }
]
[2018/11/28 23:09:12 334] [Message] [v1.0.1] userlist[1].id =  1000000003
[2018/11/28 23:09:12 335] [Message] [v1.0.1] userlist[1].username =  user_1_2
[2018/11/28 23:09:12 335] [Message] [v1.0.1] userlist[1].phone =  15153294092
[2018/11/28 23:09:12 337] [Message] [v1.0.1] userlist[2].id =  1000000001
[2018/11/28 23:09:12 339] [Message] [v1.0.1] userlist[2].username =  user_1_1
[2018/11/28 23:09:12 341] [Message] [v1.0.1] userlist[2].phone =  15153294092
[2018/11/28 23:09:12 381] [Message] [v1.0.1] ===================店员列表=================== End
[2018/11/28 23:09:12 383] [Message] [v1.0.1] ===================设备列表=================== Start
[2018/11/28 23:09:12 384] [Message] [v1.0.1] GetDeviceList Send =  key=04f0f9e34825df8e72e8bfae15b1e7b0&store_id=1000000001
[2018/11/28 23:09:12 503] [Message] [v1.0.1] Result =  {"code":1,"msg":"设备列表","data":{"list":[{"id":"1000000002","name":"设备4","number":"002","type":"1"},{"id":"1000000001","name":"设备1","number":"001","type":"2"}]}}
[2018/11/28 23:09:12 506] [Message] [v1.0.1] list =  [
  {
    "id": "1000000002",
    "name": "设备4",
    "number": "002",
    "type": "1"
  },
  {
    "id": "1000000001",
    "name": "设备1",
    "number": "001",
    "type": "2"
  }
]
[2018/11/28 23:09:12 508] [Message] [v1.0.1] devicelist[1].id =  1000000002
[2018/11/28 23:09:12 511] [Message] [v1.0.1] devicelist[1].name =  设备4
[2018/11/28 23:09:12 513] [Message] [v1.0.1] devicelist[1].number =  002
[2018/11/28 23:09:12 516] [Message] [v1.0.1] devicelist[1].type =  1
[2018/11/28 23:09:12 517] [Message] [v1.0.1] devicelist[2].id =  1000000001
[2018/11/28 23:09:12 517] [Message] [v1.0.1] devicelist[2].name =  设备1
[2018/11/28 23:09:12 518] [Message] [v1.0.1] devicelist[2].number =  001
[2018/11/28 23:09:12 519] [Message] [v1.0.1] devicelist[2].type =  2
[2018/11/28 23:09:12 544] [Message] [v1.0.1] ===================设备列表=================== End
[2018/11/28 23:09:12 546] [Message] [v1.0.1] ===================交易类型列表=================== Start
[2018/11/28 23:09:12 547] [Message] [v1.0.1] Get_all_paymentList Send =  key=04f0f9e34825df8e72e8bfae15b1e7b0
[2018/11/28 23:09:12 656] [Message] [v1.0.1] Result =  {"code":1,"msg":"交易类型","data":{"qrcode":"扫码支付","barcode":"条码支付","weixin_public":"微信公众号支付"}}
[2018/11/28 23:09:12 658] [Message] [v1.0.1] data =  {
  "qrcode": "扫码支付",
  "barcode": "条码支付",
  "weixin_public": "微信公众号支付"
}
[2018/11/28 23:09:12 660] [Message] [v1.0.1] paymentList[0].paymentType =  扫码支付
[2018/11/28 23:09:12 662] [Message] [v1.0.1] paymentList[1].paymentType =  条码支付
[2018/11/28 23:09:12 664] [Message] [v1.0.1] ===================交易类型列表=================== End
[2018/11/28 23:09:12 668] [Message] [v1.0.1] ===================交易方式列表=================== Start
[2018/11/28 23:09:12 670] [Message] [v1.0.1] Get_all_payment_channel =  key=04f0f9e34825df8e72e8bfae15b1e7b0
[2018/11/28 23:09:12 779] [Message] [v1.0.1] Result =  {"code":1,"msg":"支付方式","data":{"weixin":"微信","alipay":"支付宝","unionpay":"银联","xt":"新天","xz_weixin":"现在微信","xz_alipay":"现在支付宝","sf_weixin":"上福微信","sf_alipay":"上福支付宝"}}
[2018/11/28 23:09:12 780] [Message] [v1.0.1] data =  {
  "weixin": "微信",
  "alipay": "支付宝",
  "unionpay": "银联",
  "xt": "新天",
  "xz_weixin": "现在微信",
  "xz_alipay": "现在支付宝",
  "sf_weixin": "上福微信",
  "sf_alipay": "上福支付宝"
}
[2018/11/28 23:09:12 850] [Message] [v1.0.1] ===================交易方式列表=================== End
[2018/11/28 23:09:26 509] [Message] [v1.0.1] ApiAddRefund jsonData=  {"order_id":"22222222222222222222","refund_amount":"0.01","operator_id":"1000000001","timestamp":"1543417766"}
[2018/11/28 23:09:26 511] [Message] [v1.0.1] ApiAddRefund httppara=  merchant_id=1000000001&data=76f79b04d397ef21682d1b20236daf823853d26b514cf2290b659222822544f25f147763681abbb420c57afc6d1ac4dab0837c50ac74fced4320b0927566f0d727a1b51e698b8fc092ac10ad98bf5d79fc9bc2074f578c8fc08baa862f423af1425277800ed36701754c4cce6e77ab50
[2018/11/28 23:09:26 620] [Message] [v1.0.1] ApiAddRefund Result=  {"code":0,"msg":"订单不存在","data":[]}
[2018/11/28 23:09:28 710] [Message] [v1.0.1] ApiAddRefund jsonData=  {"order_id":"22222222222222222222","refund_amount":"0.01","operator_id":"1000000001","timestamp":"1543417769"}
[2018/11/28 23:09:28 711] [Message] [v1.0.1] ApiAddRefund httppara=  merchant_id=1000000001&data=76f79b04d397ef21682d1b20236daf823853d26b514cf2290b659222822544f25f147763681abbb420c57afc6d1ac4dab0837c50ac74fced4320b0927566f0d727a1b51e698b8fc092ac10ad98bf5d79fc9bc2074f578c8fc08baa862f423af1dce649779378849a2c801c706f4aa733
[2018/11/28 23:09:28 827] [Message] [v1.0.1] ApiAddRefund Result=  {"code":0,"msg":"订单不存在","data":[]}
