[2018/10/7 11:28:33 684] [Message] [v1.0.1] ===================用户登陆=================== Start
[2018/10/7 11:28:33 685] [Message] [v1.0.1] Login Send =  username=user_1_1&password=1111111
[2018/10/7 11:28:34 021] [Message] [v1.0.1] Result =  {"code":1,"msg":"登录成功","data":{"token":"9bbb50942c53885613ca76aae2944142","info":{"app_type":"api","id":"1000000001","agent_id":"10000001","store_id":"1000000001","merchant_id":"1000000001","type":"2","username":"user_1_1","open_id":"","timestamp":1538882914}}}
[2018/10/7 11:28:34 116] [Message] [v1.0.1] ===================用户登陆=================== End
[2018/10/7 11:28:34 121] [Message] [v1.0.1] ===================用户信息=================== Start
[2018/10/7 11:28:34 122] [Message] [v1.0.1] GetUserInfo Send =  key=9bbb50942c53885613ca76aae2944142
[2018/10/7 11:28:34 219] [Message] [v1.0.1] Result =  {"code":1,"msg":"用户信息","data":{"id":"1000000001","agent_id":"10000001","merchant_id":"1000000001","store_id":"1000000001","username":"user_1_1","phone":"15153294092","open_id":"","type":"2","time_create":"1527211953","time_update":"1533293063","status":"1","agent":{"id":"10000001","pid":"00000000","name":"代理商1","number":"1111111111111111","address":"代理商地址1","principal_name":"负责人1","principal_phone":"15153294092","contact_name":"联系人1","contact_phone":"111111","contact_email":"youxiang@youxiang.com","time_create":"0","time_update":"1533178664","status":"1"},"merchant":{"id":"1000000001","agent_id":"10000001","name":"测试子商户1","short_name":"子商户1","number":"1000000001","principal_name":null,"principal_phone":null,"contact_name":"联系人1","contact_phone":"15153294092","contact_email":"sdsads@qq.com","address":null,"time_create":"0","time_update":"1533523267","status":"1"},"store":{"id":"1000000001","merchant_id":"1000000001","name":"测试店铺1","number":"0011","principal_name":"负责人1","principal_phone":"15153294092","address":"测试店铺地址1","time_create":"0","time_update":"0","status":"1"}}}
[2018/10/7 11:28:34 230] [Message] [v1.0.1] data =  {
  "id": "1000000001",
  "agent_id": "10000001",
  "merchant_id": "1000000001",
  "store_id": "1000000001",
  "username": "user_1_1",
  "phone": "15153294092",
  "open_id": "",
  "type": "2",
  "time_create": "1527211953",
  "time_update": "1533293063",
  "status": "1",
  "agent": {
    "id": "10000001",
    "pid": "00000000",
    "name": "代理商1",
    "number": "1111111111111111",
    "address": "代理商地址1",
    "principal_name": "负责人1",
    "principal_phone": "15153294092",
    "contact_name": "联系人1",
    "contact_phone": "111111",
    "contact_email": "youxiang@youxiang.com",
    "time_create": "0",
    "time_update": "1533178664",
    "status": "1"
  },
  "merchant": {
    "id": "1000000001",
    "agent_id": "10000001",
    "name": "测试子商户1",
    "short_name": "子商户1",
    "number": "1000000001",
    "principal_name": null,
    "principal_phone": null,
    "contact_name": "联系人1",
    "contact_phone": "15153294092",
    "contact_email": "sdsads@qq.com",
    "address": null,
    "time_create": "0",
    "time_update": "1533523267",
    "status": "1"
  },
  "store": {
    "id": "1000000001",
    "merchant_id": "1000000001",
    "name": "测试店铺1",
    "number": "0011",
    "principal_name": "负责人1",
    "principal_phone": "15153294092",
    "address": "测试店铺地址1",
    "time_create": "0",
    "time_update": "0",
    "status": "1"
  }
}
[2018/10/7 11:28:34 231] [Message] [v1.0.1] agent =  {
  "id": "10000001",
  "pid": "00000000",
  "name": "代理商1",
  "number": "1111111111111111",
  "address": "代理商地址1",
  "principal_name": "负责人1",
  "principal_phone": "15153294092",
  "contact_name": "联系人1",
  "contact_phone": "111111",
  "contact_email": "youxiang@youxiang.com",
  "time_create": "0",
  "time_update": "1533178664",
  "status": "1"
}
[2018/10/7 11:28:34 232] [Message] [v1.0.1] merchant =  {
  "id": "1000000001",
  "agent_id": "10000001",
  "name": "测试子商户1",
  "short_name": "子商户1",
  "number": "1000000001",
  "principal_name": null,
  "principal_phone": null,
  "contact_name": "联系人1",
  "contact_phone": "15153294092",
  "contact_email": "sdsads@qq.com",
  "address": null,
  "time_create": "0",
  "time_update": "1533523267",
  "status": "1"
}
[2018/10/7 11:28:34 233] [Message] [v1.0.1] store =  {
  "id": "1000000001",
  "merchant_id": "1000000001",
  "name": "测试店铺1",
  "number": "0011",
  "principal_name": "负责人1",
  "principal_phone": "15153294092",
  "address": "测试店铺地址1",
  "time_create": "0",
  "time_update": "0",
  "status": "1"
}
[2018/10/7 11:28:34 250] [Message] [v1.0.1] userinfo.id =  1000000001
[2018/10/7 11:28:34 251] [Message] [v1.0.1] userinfo.agent_id =  10000001
[2018/10/7 11:28:34 252] [Message] [v1.0.1] userinfo.merchant_id =  1000000001
[2018/10/7 11:28:34 253] [Message] [v1.0.1] userinfo.store_id =  1000000001
[2018/10/7 11:28:34 254] [Message] [v1.0.1] userinfo.username =  user_1_1
[2018/10/7 11:28:34 255] [Message] [v1.0.1] userinfo.phone =  15153294092
[2018/10/7 11:28:34 256] [Message] [v1.0.1] userinfo.open_id =  
[2018/10/7 11:28:34 257] [Message] [v1.0.1] userinfo.type =  2
[2018/10/7 11:28:34 257] [Message] [v1.0.1] userinfo.status =  1
[2018/10/7 11:28:34 258] [Message] [v1.0.1] agentinfo.id =  10000001
[2018/10/7 11:28:34 259] [Message] [v1.0.1] agentinfo.pid =  00000000
[2018/10/7 11:28:34 260] [Message] [v1.0.1] agentinfo.name =  代理商1
[2018/10/7 11:28:34 261] [Message] [v1.0.1] agentinfo.number =  1111111111111111
[2018/10/7 11:28:34 261] [Message] [v1.0.1] agentinfo.address =  代理商地址1
[2018/10/7 11:28:34 262] [Message] [v1.0.1] agentinfo.principal_name =  负责人1
[2018/10/7 11:28:34 263] [Message] [v1.0.1] agentinfo.principal_phone =  15153294092
[2018/10/7 11:28:34 264] [Message] [v1.0.1] agentinfo.contact_name =  联系人1
[2018/10/7 11:28:34 265] [Message] [v1.0.1] agentinfo.contact_phone =  111111
[2018/10/7 11:28:34 266] [Message] [v1.0.1] agentinfo.contact_email =  youxiang@youxiang.com
[2018/10/7 11:28:34 267] [Message] [v1.0.1] agentinfo.status =  1
[2018/10/7 11:28:34 267] [Message] [v1.0.1] merchantinfo.id =  1000000001
[2018/10/7 11:28:34 268] [Message] [v1.0.1] merchantinfo.agent_id =  10000001
[2018/10/7 11:28:34 269] [Message] [v1.0.1] merchantinfo.name =  测试子商户1
[2018/10/7 11:28:34 270] [Message] [v1.0.1] merchantinfo.short_name =  子商户1
[2018/10/7 11:28:34 271] [Message] [v1.0.1] merchantinfo.number =  1000000001
[2018/10/7 11:28:34 271] [Message] [v1.0.1] merchantinfo.principal_name =  
[2018/10/7 11:28:34 272] [Message] [v1.0.1] merchantinfo.principal_phone =  
[2018/10/7 11:28:34 273] [Message] [v1.0.1] merchantinfo.contact_name =  联系人1
[2018/10/7 11:28:34 274] [Message] [v1.0.1] merchantinfo.contact_phone =  15153294092
[2018/10/7 11:28:34 275] [Message] [v1.0.1] merchantinfo.contact_email =  sdsads@qq.com
[2018/10/7 11:28:34 276] [Message] [v1.0.1] merchantinfo.address =  
[2018/10/7 11:28:34 278] [Message] [v1.0.1] merchantinfo.status =  1
[2018/10/7 11:28:34 279] [Message] [v1.0.1] storeinfo.id =  1000000001
[2018/10/7 11:28:34 280] [Message] [v1.0.1] storeinfo.merchant_id =  1000000001
[2018/10/7 11:28:34 281] [Message] [v1.0.1] storeinfo.name =  测试店铺1
[2018/10/7 11:28:34 282] [Message] [v1.0.1] storeinfo.number =  0011
[2018/10/7 11:28:34 283] [Message] [v1.0.1] storeinfo.principal_name =  负责人1
[2018/10/7 11:28:34 284] [Message] [v1.0.1] storeinfo.principal_phone =  15153294092
[2018/10/7 11:28:34 285] [Message] [v1.0.1] storeinfo.address =  测试店铺地址1
[2018/10/7 11:28:34 286] [Message] [v1.0.1] storeinfo.status =  1
[2018/10/7 11:28:34 287] [Message] [v1.0.1] ===================用户信息=================== End
[2018/10/7 11:28:34 296] [Message] [v1.0.1] ===================门店列表=================== Start
[2018/10/7 11:28:34 297] [Message] [v1.0.1] GetStoreList Send =  key=9bbb50942c53885613ca76aae2944142
[2018/10/7 11:28:34 637] [Message] [v1.0.1] Result =  {"code":1,"msg":"店铺列表","data":{"list":[{"id":"1000000003","merchant_id":"1000000001","name":"门店3","number":"3333333333","principal_name":"负责人3","principal_phone":"15153294092","address":"青岛市市北区华阳路112号","time_create":"1532659891","time_update":"1532660479","status":"1"},{"id":"1000000002","merchant_id":"1000000001","name":"测试店铺2","number":"0012","principal_name":"负责人2","principal_phone":"15153294093","address":"测试店铺地址2","time_create":"0","time_update":"0","status":"1"},{"id":"1000000001","merchant_id":"1000000001","name":"测试店铺1","number":"0011","principal_name":"负责人1","principal_phone":"15153294092","address":"测试店铺地址1","time_create":"0","time_update":"0","status":"1"}]}}
[2018/10/7 11:28:34 639] [Message] [v1.0.1] list =  [
  {
    "id": "1000000003",
    "merchant_id": "1000000001",
    "name": "门店3",
    "number": "3333333333",
    "principal_name": "负责人3",
    "principal_phone": "15153294092",
    "address": "青岛市市北区华阳路112号",
    "time_create": "1532659891",
    "time_update": "1532660479",
    "status": "1"
  },
  {
    "id": "1000000002",
    "merchant_id": "1000000001",
    "name": "测试店铺2",
    "number": "0012",
    "principal_name": "负责人2",
    "principal_phone": "15153294093",
    "address": "测试店铺地址2",
    "time_create": "0",
    "time_update": "0",
    "status": "1"
  },
  {
    "id": "1000000001",
    "merchant_id": "1000000001",
    "name": "测试店铺1",
    "number": "0011",
    "principal_name": "负责人1",
    "principal_phone": "15153294092",
    "address": "测试店铺地址1",
    "time_create": "0",
    "time_update": "0",
    "status": "1"
  }
]
[2018/10/7 11:28:34 643] [Message] [v1.0.1] storelist[1].id =  1000000003
[2018/10/7 11:28:34 644] [Message] [v1.0.1] storelist[1].merchant_id =  1000000001
[2018/10/7 11:28:34 645] [Message] [v1.0.1] storelist[1].name =  门店3
[2018/10/7 11:28:34 646] [Message] [v1.0.1] storelist[1].number =  3333333333
[2018/10/7 11:28:34 647] [Message] [v1.0.1] storelist[1].principal_name =  负责人3
[2018/10/7 11:28:34 648] [Message] [v1.0.1] storelist[1].principal_phone =  15153294092
[2018/10/7 11:28:34 649] [Message] [v1.0.1] storelist[1].address =  青岛市市北区华阳路112号
[2018/10/7 11:28:34 650] [Message] [v1.0.1] storelist[1].status =  1
[2018/10/7 11:28:34 651] [Message] [v1.0.1] storelist[2].id =  1000000002
[2018/10/7 11:28:34 652] [Message] [v1.0.1] storelist[2].merchant_id =  1000000001
[2018/10/7 11:28:34 653] [Message] [v1.0.1] storelist[2].name =  测试店铺2
[2018/10/7 11:28:34 654] [Message] [v1.0.1] storelist[2].number =  0012
[2018/10/7 11:28:34 655] [Message] [v1.0.1] storelist[2].principal_name =  负责人2
[2018/10/7 11:28:34 656] [Message] [v1.0.1] storelist[2].principal_phone =  15153294093
[2018/10/7 11:28:34 657] [Message] [v1.0.1] storelist[2].address =  测试店铺地址2
[2018/10/7 11:28:34 657] [Message] [v1.0.1] storelist[2].status =  1
[2018/10/7 11:28:34 658] [Message] [v1.0.1] storelist[3].id =  1000000001
[2018/10/7 11:28:34 659] [Message] [v1.0.1] storelist[3].merchant_id =  1000000001
[2018/10/7 11:28:34 660] [Message] [v1.0.1] storelist[3].name =  测试店铺1
[2018/10/7 11:28:34 661] [Message] [v1.0.1] storelist[3].number =  0011
[2018/10/7 11:28:34 662] [Message] [v1.0.1] storelist[3].principal_name =  负责人1
[2018/10/7 11:28:34 663] [Message] [v1.0.1] storelist[3].principal_phone =  15153294092
[2018/10/7 11:28:34 664] [Message] [v1.0.1] storelist[3].address =  测试店铺地址1
[2018/10/7 11:28:34 665] [Message] [v1.0.1] storelist[3].status =  1
[2018/10/7 11:28:34 694] [Message] [v1.0.1] ===================门店列表=================== End
[2018/10/7 11:28:34 696] [Message] [v1.0.1] ===================店员列表=================== Start
[2018/10/7 11:28:34 697] [Message] [v1.0.1] GetUserList Send =  key=9bbb50942c53885613ca76aae2944142&store_id=1000000001
[2018/10/7 11:28:34 972] [Message] [v1.0.1] Result =  {"code":1,"msg":"店员列表","data":{"list":[{"id":"1000000003","username":"user_1_2","phone":"15153294092"},{"id":"1000000001","username":"user_1_1","phone":"15153294092"}]}}
[2018/10/7 11:28:34 973] [Message] [v1.0.1] list =  [
  {
    "id": "1000000003",
    "username": "user_1_2",
    "phone": "15153294092"
  },
  {
    "id": "1000000001",
    "username": "user_1_1",
    "phone": "15153294092"
  }
]
[2018/10/7 11:28:34 974] [Message] [v1.0.1] userlist[1].id =  1000000003
[2018/10/7 11:28:34 974] [Message] [v1.0.1] userlist[1].username =  user_1_2
[2018/10/7 11:28:34 975] [Message] [v1.0.1] userlist[1].phone =  15153294092
[2018/10/7 11:28:34 976] [Message] [v1.0.1] userlist[2].id =  1000000001
[2018/10/7 11:28:34 977] [Message] [v1.0.1] userlist[2].username =  user_1_1
[2018/10/7 11:28:34 979] [Message] [v1.0.1] userlist[2].phone =  15153294092
[2018/10/7 11:28:34 980] [Message] [v1.0.1] ===================店员列表=================== End
[2018/10/7 11:28:34 983] [Message] [v1.0.1] ===================设备列表=================== Start
[2018/10/7 11:28:34 984] [Message] [v1.0.1] GetDeviceList Send =  key=9bbb50942c53885613ca76aae2944142&store_id=1000000001
[2018/10/7 11:28:35 076] [Message] [v1.0.1] Result =  {"code":1,"msg":"设备列表","data":{"list":[{"id":"1000000002","name":"设备4","number":"002","type":"1"},{"id":"1000000001","name":"设备1","number":"001","type":"2"}]}}
[2018/10/7 11:28:35 077] [Message] [v1.0.1] list =  [
  {
    "id": "1000000002",
    "name": "设备4",
    "number": "002",
    "type": "1"
  },
  {
    "id": "1000000001",
    "name": "设备1",
    "number": "001",
    "type": "2"
  }
]
[2018/10/7 11:28:35 079] [Message] [v1.0.1] devicelist[1].id =  1000000002
[2018/10/7 11:28:35 081] [Message] [v1.0.1] devicelist[1].name =  设备4
[2018/10/7 11:28:35 082] [Message] [v1.0.1] devicelist[1].number =  002
[2018/10/7 11:28:35 083] [Message] [v1.0.1] devicelist[1].type =  1
[2018/10/7 11:28:35 084] [Message] [v1.0.1] devicelist[2].id =  1000000001
[2018/10/7 11:28:35 085] [Message] [v1.0.1] devicelist[2].name =  设备1
[2018/10/7 11:28:35 086] [Message] [v1.0.1] devicelist[2].number =  001
[2018/10/7 11:28:35 087] [Message] [v1.0.1] devicelist[2].type =  2
[2018/10/7 11:28:35 088] [Message] [v1.0.1] ===================设备列表=================== End
[2018/10/7 11:28:35 089] [Message] [v1.0.1] ===================交易类型列表=================== Start
[2018/10/7 11:28:35 090] [Message] [v1.0.1] Get_all_paymentList Send =  key=9bbb50942c53885613ca76aae2944142
[2018/10/7 11:28:35 183] [Message] [v1.0.1] Result =  {"code":1,"msg":"交易类型","data":{"qrcode":"扫码支付","barcode":"条码支付","weixin_public":"微信公众号支付"}}
[2018/10/7 11:28:35 184] [Message] [v1.0.1] data =  {
  "qrcode": "扫码支付",
  "barcode": "条码支付",
  "weixin_public": "微信公众号支付"
}
[2018/10/7 11:28:35 185] [Message] [v1.0.1] paymentList[0].paymentType =  扫码支付
[2018/10/7 11:28:35 187] [Message] [v1.0.1] paymentList[1].paymentType =  条码支付
[2018/10/7 11:28:35 187] [Message] [v1.0.1] ===================交易类型列表=================== End
